#
# A fatal error has been detected by the Java Runtime Environment:
#
#  SIGSEGV (0xb) at pc=0x00007f3f18f5b94b, pid=6324, tid=139908628264704
#
# JRE version: 6.0_24-b24
# Java VM: OpenJDK 64-Bit Server VM (20.0-b12 mixed mode linux-amd64 compressed oops)
# Derivative: IcedTea6 1.11.4
# Distribution: Ubuntu 12.04 LTS, package 6b24-1.11.4-1ubuntu0.12.04.1
# Problematic frame:
# C  [ld-linux-x86-64.so.2+0x994b]  _dl_rtld_di_serinfo+0xa2b
#
# If you would like to submit a bug report, please include
# instructions how to reproduce the bug and visit:
#   https://bugs.launchpad.net/ubuntu/+source/openjdk-6/
# The crash happened outside the Java Virtual Machine in native code.
# See problematic frame for where to report the bug.
#

---------------  T H R E A D  ---------------

Current thread (0x00007f3f10269800):  JavaThread "LWJGL Application" [_thread_in_native, id=6369, stack(0x00007f3f0406b000,0x00007f3f0416c000)]

siginfo:si_signo=SIGSEGV: si_errno=0, si_code=1 (SEGV_MAPERR), si_addr=0x0000000000006b4c

Registers:
RAX=0x000000000000024b, RBX=0x0000000000006b48, RCX=0x000000000000092c, RDX=0x00007f3f14499e20
RSP=0x00007f3f041695c0, RBP=0x0000000000000006, RSI=0x00007f3f100eb690, RDI=0x0000000000006b48
R8 =0x000000000000001e, R9 =0x00000000ffffffff, R10=0x00007f3f04169640, R11=0x00007f3f041697c0
R12=0x00007f3f10152a98, R13=0x000000009b725c5e, R14=0x0000000000000000, R15=0x00000000026dc971
RIP=0x00007f3f18f5b94b, EFLAGS=0x0000000000010206, CSGSFS=0xffff000000000033, ERR=0x0000000000000004
  TRAPNO=0x000000000000000e

Top of Stack: (sp=0x00007f3f041695c0)
0x00007f3f041695c0:   00000010ffffffff 0000000000000000
0x00007f3f041695d0:   0000000000000006 00007f3f10152a98
0x00007f3f041695e0:   000000009b725c5e 00007f3f18f5c29e
0x00007f3f041695f0:   00000000bd78f4c0 000000000000001e
0x00007f3f04169600:   00007f3f041697c0 00000000ffffffff
0x00007f3f04169610:   00007f3f14499e20 0000000000003440
0x00007f3f04169620:   00007f3f04169790 00007f3f04169f30
0x00007f3f04169630:   00007f3ed8003810 00007f3f10269800
0x00007f3f04169640:   0000000000000000 0000000000000000
0x00007f3f04169650:   00007f3f100eb690 00007f3eb86153c0
0x00007f3f04169660:   0000000000008ff0 0000000000000000
0x00007f3f04169670:   0000000200000000 000000000000024b
0x00007f3f04169680:   00000028ffffffff 00007f3f100eba18
0x00007f3f04169690:   00007f3f04169800 000000009b725c5e
0x00007f3f041696a0:   0000000000000000 00007f3f041698b0
0x00007f3f041696b0:   00007f3f100eb690 00007f3f18f5c523
0x00007f3f041696c0:   0000000000000000 0000000000000000
0x00007f3f041696d0:   0000000000000002 0000000000000000
0x00007f3f041696e0:   0000000000000000 00007f3f100eb690
0x00007f3f041696f0:   00007f3f04169710 00007f3f17b7e24c
0x00007f3f04169700:   00007f3ed8080700 00007f3f10231b20
0x00007f3f04169710:   00007f3f04169740 00007f3f17b7f208
0x00007f3f04169720:   0000000000000000 00007f3f100eba18
0x00007f3f04169730:   00000000d80806f0 00007f3f10269800
0x00007f3f04169740:   00007f3f04169830 00007f3eb86153c0
0x00007f3f04169750:   00007f3f10269800 00007f3ed8003bf8
0x00007f3f04169760:   00007f3f04169948 0000000000000000
0x00007f3f04169770:   00007f3ed80806e8 ffffffffffffffff
0x00007f3f04169780:   00000020ffffffff 00007f3f18303cd0
0x00007f3f04169790:   0000000000000000 0000000000000000
0x00007f3f041697a0:   00000000edfa8680 00007f3ed8080700
0x00007f3f041697b0:   00000000000003e2 ffffffff2903c087 

Instructions: (pc=0x00007f3f18f5b94b)
0x00007f3f18f5b92b:   90 90 90 90 90 48 89 5c 24 e0 48 89 6c 24 e8 48
0x00007f3f18f5b93b:   89 fb 4c 89 64 24 f0 4c 89 6c 24 f8 48 83 ec 28
0x00007f3f18f5b94b:   0f b6 47 04 4c 89 d5 83 e0 0f 83 f8 06 0f 85 2d
0x00007f3f18f5b95b:   01 00 00 31 d2 66 83 7b 06 00 0f 94 c2 85 55 3c 

Register to memory mapping:

RAX=0x000000000000024b is an unknown value
RBX=0x0000000000006b48 is an unknown value
RCX=0x000000000000092c is an unknown value
RDX=
[error occurred during error reporting (printing register info), id 0xb]

Stack: [0x00007f3f0406b000,0x00007f3f0416c000],  sp=0x00007f3f041695c0,  free space=1017k
Native frames: (J=compiled Java code, j=interpreted, Vv=VM code, C=native code)
C  [ld-linux-x86-64.so.2+0x994b]  _dl_rtld_di_serinfo+0xa2b

Java frames: (J=compiled Java code, j=interpreted, Vv=VM code)
j  java.lang.ClassLoader$NativeLibrary.find(Ljava/lang/String;)J+0
j  java.lang.ClassLoader.findNative(Ljava/lang/ClassLoader;Ljava/lang/String;)J+49
v  ~StubRoutines::call_stub
j  com.badlogic.gdx.graphics.g2d.Gdx2DPixmap.setBlend(I)V+0
j  com.badlogic.gdx.graphics.g2d.Gdx2DPixmap.<clinit>()V+1
v  ~StubRoutines::call_stub
j  com.badlogic.gdx.graphics.Pixmap.<init>(Lcom/badlogic/gdx/files/FileHandle;)V+15
j  com.badlogic.gdx.graphics.glutils.FileTextureData.prepare()V+63
j  com.badlogic.gdx.graphics.Texture.load(Lcom/badlogic/gdx/graphics/TextureData;)V+50
j  com.badlogic.gdx.graphics.Texture.create(Lcom/badlogic/gdx/graphics/TextureData;)V+9
j  com.badlogic.gdx.graphics.Texture.<init>(Lcom/badlogic/gdx/files/FileHandle;Lcom/badlogic/gdx/graphics/Pixmap$Format;Z)V+72
j  com.badlogic.gdx.graphics.Texture.<init>(Lcom/badlogic/gdx/files/FileHandle;)V+4
j  org.genshin.scrollninja.Background.LoadTexture()V+14
j  org.genshin.scrollninja.ScrollNinja.create()V+0
j  com.badlogic.gdx.backends.lwjgl.LwjglApplication.mainLoop()V+24
j  com.badlogic.gdx.backends.lwjgl.LwjglApplication$1.run()V+27
v  ~StubRoutines::call_stub

---------------  P R O C E S S  ---------------

Java Threads: ( => current thread )
  0x00007f3f10008000 JavaThread "DestroyJavaVM" [_thread_blocked, id=6331, stack(0x00007f3f19056000,0x00007f3f19157000)]
=>0x00007f3f10269800 JavaThread "LWJGL Application" [_thread_in_native, id=6369, stack(0x00007f3f0406b000,0x00007f3f0416c000)]
  0x00007f3f1024b800 JavaThread "AWT-XAWT" daemon [_thread_in_native, id=6364, stack(0x00007f3f0720e000,0x00007f3f0730f000)]
  0x00007f3f101d7000 JavaThread "Java2D Disposer" daemon [_thread_blocked, id=6358, stack(0x00007f3f140ba000,0x00007f3f141bb000)]
  0x00007f3f1009d800 JavaThread "Low Memory Detector" daemon [_thread_blocked, id=6342, stack(0x00007f3f14852000,0x00007f3f14953000)]
  0x00007f3f1009b000 JavaThread "C2 CompilerThread1" daemon [_thread_blocked, id=6341, stack(0x00007f3f14953000,0x00007f3f14a54000)]
  0x00007f3f10098800 JavaThread "C2 CompilerThread0" daemon [_thread_blocked, id=6340, stack(0x00007f3f14a54000,0x00007f3f14b55000)]
  0x00007f3f10097000 JavaThread "Signal Dispatcher" daemon [_thread_blocked, id=6339, stack(0x00007f3f14b55000,0x00007f3f14c56000)]
  0x00007f3f10078800 JavaThread "Finalizer" daemon [_thread_blocked, id=6338, stack(0x00007f3f14d5e000,0x00007f3f14e5f000)]
  0x00007f3f10076800 JavaThread "Reference Handler" daemon [_thread_blocked, id=6337, stack(0x00007f3f14e5f000,0x00007f3f14f60000)]

Other Threads:
  0x00007f3f1006f800 VMThread [stack: 0x00007f3f14f60000,0x00007f3f15061000] [id=6336]
  0x00007f3f100a8800 WatcherThread [stack: 0x00007f3f14751000,0x00007f3f14852000] [id=6343]

VM state:not at safepoint (normal execution)

VM Mutex/Monitor currently owned by a thread: None

Heap
 PSYoungGen      total 16960K, used 3179K [0x00000000ed160000, 0x00000000ee440000, 0x0000000100000000)
  eden space 14592K, 16% used [0x00000000ed160000,0x00000000ed3aade0,0x00000000edfa0000)
  from space 2368K, 35% used [0x00000000edfa0000,0x00000000ee070020,0x00000000ee1f0000)
  to   space 2368K, 0% used [0x00000000ee1f0000,0x00000000ee1f0000,0x00000000ee440000)
 PSOldGen        total 38784K, used 3761K [0x00000000c7400000, 0x00000000c99e0000, 0x00000000ed160000)
  object space 38784K, 9% used [0x00000000c7400000,0x00000000c77ac750,0x00000000c99e0000)
 PSPermGen       total 21248K, used 9820K [0x00000000bce00000, 0x00000000be2c0000, 0x00000000c7400000)
  object space 21248K, 46% used [0x00000000bce00000,0x00000000bd797170,0x00000000be2c0000)

Code Cache  [0x00007f3f0d000000, 0x00007f3f0d270000, 0x00007f3f10000000)
 total_blobs=476 nmethods=31 adapters=400 free_code_cache=49726400 largest_free_block=13696

Dynamic libraries:
00400000-00409000 r-xp 00000000 07:00 451881                             /usr/lib/jvm/java-6-openjdk-amd64/jre/bin/java
00608000-00609000 r--p 00008000 07:00 451881                             /usr/lib/jvm/java-6-openjdk-amd64/jre/bin/java
00609000-0060a000 rw-p 00009000 07:00 451881                             /usr/lib/jvm/java-6-openjdk-amd64/jre/bin/java
01375000-01396000 rw-p 00000000 00:00 0                                  [heap]
bce00000-be2c0000 rw-p 00000000 00:00 0 
be2c0000-c7400000 rw-p 00000000 00:00 0 
c7400000-c99e0000 rw-p 00000000 00:00 0 
c99e0000-ed160000 rw-p 00000000 00:00 0 
ed160000-ee440000 rw-p 00000000 00:00 0 
ee440000-100000000 rw-p 00000000 00:00 0 
7f3eac000000-7f3eac021000 rw-p 00000000 00:00 0 
7f3eac021000-7f3eb0000000 ---p 00000000 00:00 0 
7f3eb4000000-7f3eb4021000 rw-p 00000000 00:00 0 
7f3eb4021000-7f3eb8000000 ---p 00000000 00:00 0 
7f3eb8000000-7f3eb8841000 rw-p 00000000 00:00 0 
7f3eb8841000-7f3ebc000000 ---p 00000000 00:00 0 
7f3ebc000000-7f3ebc021000 rw-p 00000000 00:00 0 
7f3ebc021000-7f3ec0000000 ---p 00000000 00:00 0 
7f3ec3fff000-7f3ec8000000 rw-s 00000000 00:12 174800                     /run/shm/pulse-shm-2588046580
7f3ec8000000-7f3ec8021000 rw-p 00000000 00:00 0 
7f3ec8021000-7f3ecc000000 ---p 00000000 00:00 0 
7f3ecc000000-7f3ecc021000 rw-p 00000000 00:00 0 
7f3ecc021000-7f3ed0000000 ---p 00000000 00:00 0 
7f3ed0000000-7f3ed0021000 rw-p 00000000 00:00 0 
7f3ed0021000-7f3ed4000000 ---p 00000000 00:00 0 
7f3ed4000000-7f3ed4021000 rw-p 00000000 00:00 0 
7f3ed4021000-7f3ed8000000 ---p 00000000 00:00 0 
7f3ed8000000-7f3ed815c000 rw-p 00000000 00:00 0 
7f3ed815c000-7f3edc000000 ---p 00000000 00:00 0 
7f3edc000000-7f3edc101000 rw-p 00000000 00:00 0 
7f3edc101000-7f3ee0000000 ---p 00000000 00:00 0 
7f3ee0000000-7f3ee0021000 rw-p 00000000 00:00 0 
7f3ee0021000-7f3ee4000000 ---p 00000000 00:00 0 
7f3ee4000000-7f3ee4021000 rw-p 00000000 00:00 0 
7f3ee4021000-7f3ee8000000 ---p 00000000 00:00 0 
7f3ee8000000-7f3ee8021000 rw-p 00000000 00:00 0 
7f3ee8021000-7f3eec000000 ---p 00000000 00:00 0 
7f3eec000000-7f3eec021000 rw-p 00000000 00:00 0 
7f3eec021000-7f3ef0000000 ---p 00000000 00:00 0 
7f3ef0000000-7f3ef0021000 rw-p 00000000 00:00 0 
7f3ef0021000-7f3ef4000000 ---p 00000000 00:00 0 
7f3ef8000000-7f3ef8021000 rw-p 00000000 00:00 0 
7f3ef8021000-7f3efc000000 ---p 00000000 00:00 0 
7f3efd716000-7f3efd717000 rwxp 00000000 00:00 0 
7f3efd717000-7f3efe19b000 rw-p 00000000 00:00 0 
7f3efe19b000-7f3efe1a3000 r-xp 00000000 07:00 18028                      /usr/lib/x86_64-linux-gnu/libpciaccess.so.0.11.0
7f3efe1a3000-7f3efe3a2000 ---p 00008000 07:00 18028                      /usr/lib/x86_64-linux-gnu/libpciaccess.so.0.11.0
7f3efe3a2000-7f3efe3a3000 r--p 00007000 07:00 18028                      /usr/lib/x86_64-linux-gnu/libpciaccess.so.0.11.0
7f3efe3a3000-7f3efe3a4000 rw-p 00008000 07:00 18028                      /usr/lib/x86_64-linux-gnu/libpciaccess.so.0.11.0
7f3efe3a4000-7f3efe3c0000 r-xp 00000000 07:00 18041                      /usr/lib/x86_64-linux-gnu/libdrm_intel.so.1.0.0
7f3efe3c0000-7f3efe5bf000 ---p 0001c000 07:00 18041                      /usr/lib/x86_64-linux-gnu/libdrm_intel.so.1.0.0
7f3efe5bf000-7f3efe5c0000 r--p 0001b000 07:00 18041                      /usr/lib/x86_64-linux-gnu/libdrm_intel.so.1.0.0
7f3efe5c0000-7f3efe5c1000 rw-p 0001c000 07:00 18041                      /usr/lib/x86_64-linux-gnu/libdrm_intel.so.1.0.0
7f3efe5c1000-7f3efe5e8000 r-xp 00000000 07:00 205974                     /lib/x86_64-linux-gnu/libexpat.so.1.5.2
7f3efe5e8000-7f3efe7e8000 ---p 00027000 07:00 205974                     /lib/x86_64-linux-gnu/libexpat.so.1.5.2
7f3efe7e8000-7f3efe7ea000 r--p 00027000 07:00 205974                     /lib/x86_64-linux-gnu/libexpat.so.1.5.2
7f3efe7ea000-7f3efe7eb000 rw-p 00029000 07:00 205974                     /lib/x86_64-linux-gnu/libexpat.so.1.5.2
7f3efe7eb000-7f3efe911000 r-xp 00000000 07:00 158344                     /usr/lib/x86_64-linux-gnu/dri/libglsl.so
7f3efe911000-7f3efeb10000 ---p 00126000 07:00 158344                     /usr/lib/x86_64-linux-gnu/dri/libglsl.so
7f3efeb10000-7f3efeb19000 r--p 00125000 07:00 158344                     /usr/lib/x86_64-linux-gnu/dri/libglsl.so
7f3efeb19000-7f3efeb1c000 rw-p 0012e000 07:00 158344                     /usr/lib/x86_64-linux-gnu/dri/libglsl.so
7f3efeb1c000-7f3efeb1d000 rw-p 00000000 00:00 0 
7f3efeb1d000-7f3efed5b000 r-xp 00000000 07:00 158343                     /usr/lib/x86_64-linux-gnu/dri/libdricore.so
7f3efed5b000-7f3efef5b000 ---p 0023e000 07:00 158343                     /usr/lib/x86_64-linux-gnu/dri/libdricore.so
7f3efef5b000-7f3efef65000 r--p 0023e000 07:00 158343                     /usr/lib/x86_64-linux-gnu/dri/libdricore.so
7f3efef65000-7f3efef68000 rw-p 00248000 07:00 158343                     /usr/lib/x86_64-linux-gnu/dri/libdricore.so
7f3efef68000-7f3efef7e000 rw-p 00000000 00:00 0 
7f3efef7e000-7f3eff04c000 r-xp 00000000 07:00 158341                     /usr/lib/x86_64-linux-gnu/dri/i965_dri.so
7f3eff04c000-7f3eff24c000 ---p 000ce000 07:00 158341                     /usr/lib/x86_64-linux-gnu/dri/i965_dri.so
7f3eff24c000-7f3eff24f000 r--p 000ce000 07:00 158341                     /usr/lib/x86_64-linux-gnu/dri/i965_dri.so
7f3eff24f000-7f3eff253000 rw-p 000d1000 07:00 158341                     /usr/lib/x86_64-linux-gnu/dri/i965_dri.so
7f3eff253000-7f3eff25d000 r-xp 00000000 07:00 18113                      /usr/lib/x86_64-linux-gnu/libdrm.so.2.4.0
7f3eff25d000-7f3eff45c000 ---p 0000a000 07:00 18113                      /usr/lib/x86_64-linux-gnu/libdrm.so.2.4.0
7f3eff45c000-7f3eff45d000 r--p 00009000 07:00 18113                      /usr/lib/x86_64-linux-gnu/libdrm.so.2.4.0
7f3eff45d000-7f3eff45e000 rw-p 0000a000 07:00 18113                      /usr/lib/x86_64-linux-gnu/libdrm.so.2.4.0
7f3eff45e000-7f3eff473000 r-xp 00000000 07:00 18191                      /usr/lib/x86_64-linux-gnu/libxcb-glx.so.0.0.0
7f3eff473000-7f3eff672000 ---p 00015000 07:00 18191                      /usr/lib/x86_64-linux-gnu/libxcb-glx.so.0.0.0
7f3eff672000-7f3eff674000 r--p 00014000 07:00 18191                      /usr/lib/x86_64-linux-gnu/libxcb-glx.so.0.0.0
7f3eff674000-7f3eff675000 rw-p 00016000 07:00 18191                      /usr/lib/x86_64-linux-gnu/libxcb-glx.so.0.0.0
7f3eff675000-7f3eff676000 r-xp 00000000 07:00 17710                      /usr/lib/x86_64-linux-gnu/libX11-xcb.so.1.0.0
7f3eff676000-7f3eff875000 ---p 00001000 07:00 17710                      /usr/lib/x86_64-linux-gnu/libX11-xcb.so.1.0.0
7f3eff875000-7f3eff876000 r--p 00000000 07:00 17710                      /usr/lib/x86_64-linux-gnu/libX11-xcb.so.1.0.0
7f3eff876000-7f3eff877000 rw-p 00001000 07:00 17710                      /usr/lib/x86_64-linux-gnu/libX11-xcb.so.1.0.0
7f3eff877000-7f3eff879000 r-xp 00000000 07:00 17788                      /usr/lib/x86_64-linux-gnu/libXdamage.so.1.1.0
7f3eff879000-7f3effa78000 ---p 00002000 07:00 17788                      /usr/lib/x86_64-linux-gnu/libXdamage.so.1.1.0
7f3effa78000-7f3effa79000 r--p 00001000 07:00 17788                      /usr/lib/x86_64-linux-gnu/libXdamage.so.1.1.0
7f3effa79000-7f3effa7a000 rw-p 00002000 07:00 17788                      /usr/lib/x86_64-linux-gnu/libXdamage.so.1.1.0
7f3effa7a000-7f3effa9b000 r-xp 00000000 07:00 18309                      /usr/lib/x86_64-linux-gnu/libglapi.so.0.0.0
7f3effa9b000-7f3effc9a000 ---p 00021000 07:00 18309                      /usr/lib/x86_64-linux-gnu/libglapi.so.0.0.0
7f3effc9a000-7f3effc9d000 r--p 00020000 07:00 18309                      /usr/lib/x86_64-linux-gnu/libglapi.so.0.0.0
7f3effc9d000-7f3effc9e000 rw-p 00023000 07:00 18309                      /usr/lib/x86_64-linux-gnu/libglapi.so.0.0.0
7f3effc9e000-7f3effc9f000 rw-p 00000000 00:00 0 
7f3effc9f000-7f3effcfc000 r-xp 00000000 07:00 18048                      /usr/lib/x86_64-linux-gnu/mesa/libGL.so.1.2
7f3effcfc000-7f3effefb000 ---p 0005d000 07:00 18048                      /usr/lib/x86_64-linux-gnu/mesa/libGL.so.1.2
7f3effefb000-7f3effefd000 r--p 0005c000 07:00 18048                      /usr/lib/x86_64-linux-gnu/mesa/libGL.so.1.2
7f3effefd000-7f3effefe000 rw-p 0005e000 07:00 18048                      /usr/lib/x86_64-linux-gnu/mesa/libGL.so.1.2
7f3effefe000-7f3effeff000 rw-p 00000000 00:00 0 
7f3effeff000-7f3efff02000 ---p 00000000 00:00 0 
7f3efff02000-7f3f00000000 rw-p 00000000 00:00 0 
7f3f00000000-7f3f00021000 rw-p 00000000 00:00 0 
7f3f00021000-7f3f04000000 ---p 00000000 00:00 0 
7f3f0401e000-7f3f0406b000 rw-p 00000000 00:00 0 
7f3f0406b000-7f3f0406e000 ---p 00000000 00:00 0 
7f3f0406e000-7f3f0416c000 rw-p 00000000 00:00 0 
7f3f0416c000-7f3f0416d000 ---p 00000000 00:00 0 
7f3f0416d000-7f3f0426d000 rw-p 00000000 00:00 0 
7f3f0426d000-7f3f0426e000 ---p 00000000 00:00 0 
7f3f0426e000-7f3f04a6e000 rw-p 00000000 00:00 0 
7f3f04a6e000-7f3f04a86000 r-xp 00000000 07:00 1669136                    /lib/x86_64-linux-gnu/libresolv-2.15.so
7f3f04a86000-7f3f04c86000 ---p 00018000 07:00 1669136                    /lib/x86_64-linux-gnu/libresolv-2.15.so
7f3f04c86000-7f3f04c87000 r--p 00018000 07:00 1669136                    /lib/x86_64-linux-gnu/libresolv-2.15.so
7f3f04c87000-7f3f04c88000 rw-p 00019000 07:00 1669136                    /lib/x86_64-linux-gnu/libresolv-2.15.so
7f3f04c88000-7f3f04c8a000 rw-p 00000000 00:00 0 
7f3f04c8a000-7f3f04c90000 r-xp 00000000 07:00 18146                      /usr/lib/x86_64-linux-gnu/libogg.so.0.7.1
7f3f04c90000-7f3f04e8f000 ---p 00006000 07:00 18146                      /usr/lib/x86_64-linux-gnu/libogg.so.0.7.1
7f3f04e8f000-7f3f04e90000 r--p 00005000 07:00 18146                      /usr/lib/x86_64-linux-gnu/libogg.so.0.7.1
7f3f04e90000-7f3f04e91000 rw-p 00006000 07:00 18146                      /usr/lib/x86_64-linux-gnu/libogg.so.0.7.1
7f3f04e91000-7f3f04ebc000 r-xp 00000000 07:00 18030                      /usr/lib/x86_64-linux-gnu/libvorbis.so.0.4.5
7f3f04ebc000-7f3f050bb000 ---p 0002b000 07:00 18030                      /usr/lib/x86_64-linux-gnu/libvorbis.so.0.4.5
7f3f050bb000-7f3f050bc000 r--p 0002a000 07:00 18030                      /usr/lib/x86_64-linux-gnu/libvorbis.so.0.4.5
7f3f050bc000-7f3f050bd000 rw-p 0002b000 07:00 18030                      /usr/lib/x86_64-linux-gnu/libvorbis.so.0.4.5
7f3f050bd000-7f3f05370000 r-xp 00000000 07:00 17952                      /usr/lib/x86_64-linux-gnu/libvorbisenc.so.2.0.8
7f3f05370000-7f3f0556f000 ---p 002b3000 07:00 17952                      /usr/lib/x86_64-linux-gnu/libvorbisenc.so.2.0.8
7f3f0556f000-7f3f0558b000 r--p 002b2000 07:00 17952                      /usr/lib/x86_64-linux-gnu/libvorbisenc.so.2.0.8
7f3f0558b000-7f3f0558c000 rw-p 002ce000 07:00 17952                      /usr/lib/x86_64-linux-gnu/libvorbisenc.so.2.0.8
7f3f0558c000-7f3f055d4000 r-xp 00000000 07:00 18108                      /usr/lib/x86_64-linux-gnu/libFLAC.so.8.2.0
7f3f055d4000-7f3f057d4000 ---p 00048000 07:00 18108                      /usr/lib/x86_64-linux-gnu/libFLAC.so.8.2.0
7f3f057d4000-7f3f057d5000 r--p 00048000 07:00 18108                      /usr/lib/x86_64-linux-gnu/libFLAC.so.8.2.0
7f3f057d5000-7f3f057d6000 rw-p 00049000 07:00 18108                      /usr/lib/x86_64-linux-gnu/libFLAC.so.8.2.0
7f3f057d6000-7f3f057db000 r-xp 00000000 07:00 17673                      /usr/lib/x86_64-linux-gnu/libasyncns.so.0.3.1
7f3f057db000-7f3f059da000 ---p 00005000 07:00 17673                      /usr/lib/x86_64-linux-gnu/libasyncns.so.0.3.1
7f3f059da000-7f3f059db000 r--p 00004000 07:00 17673                      /usr/lib/x86_64-linux-gnu/libasyncns.so.0.3.1
7f3f059db000-7f3f059dc000 rw-p 00005000 07:00 17673                      /usr/lib/x86_64-linux-gnu/libasyncns.so.0.3.1
7f3f059dc000-7f3f05a3c000 r-xp 00000000 07:00 18057                      /usr/lib/x86_64-linux-gnu/libsndfile.so.1.0.25
7f3f05a3c000-7f3f05c3c000 ---p 00060000 07:00 18057                      /usr/lib/x86_64-linux-gnu/libsndfile.so.1.0.25
7f3f05c3c000-7f3f05c3e000 r--p 00060000 07:00 18057                      /usr/lib/x86_64-linux-gnu/libsndfile.so.1.0.25
7f3f05c3e000-7f3f05c3f000 rw-p 00062000 07:00 18057                      /usr/lib/x86_64-linux-gnu/libsndfile.so.1.0.25
7f3f05c3f000-7f3f05c43000 rw-p 00000000 00:00 0 
7f3f05c43000-7f3f05c4b000 r-xp 00000000 07:00 205969                     /lib/x86_64-linux-gnu/libwrap.so.0.7.6
7f3f05c4b000-7f3f05e4a000 ---p 00008000 07:00 205969                     /lib/x86_64-linux-gnu/libwrap.so.0.7.6
7f3f05e4a000-7f3f05e4b000 r--p 00007000 07:00 205969                     /lib/x86_64-linux-gnu/libwrap.so.0.7.6
7f3f05e4b000-7f3f05e4c000 rw-p 00008000 07:00 205969                     /lib/x86_64-linux-gnu/libwrap.so.0.7.6
7f3f05e4c000-7f3f05e8e000 r-xp 00000000 07:00 1669157                    /lib/x86_64-linux-gnu/libdbus-1.so.3.5.8
7f3f05e8e000-7f3f0608e000 ---p 00042000 07:00 1669157                    /lib/x86_64-linux-gnu/libdbus-1.so.3.5.8
7f3f0608e000-7f3f0608f000 r--p 00042000 07:00 1669157                    /lib/x86_64-linux-gnu/libdbus-1.so.3.5.8
7f3f0608f000-7f3f06090000 rw-p 00043000 07:00 1669157                    /lib/x86_64-linux-gnu/libdbus-1.so.3.5.8
7f3f06090000-7f3f060ec000 r-xp 00000000 07:00 17842                      /usr/lib/x86_64-linux-gnu/libpulsecommon-1.1.so
7f3f060ec000-7f3f062ec000 ---p 0005c000 07:00 17842                      /usr/lib/x86_64-linux-gnu/libpulsecommon-1.1.so
7f3f062ec000-7f3f062ed000 r--p 0005c000 07:00 17842                      /usr/lib/x86_64-linux-gnu/libpulsecommon-1.1.so
7f3f062ed000-7f3f062ee000 rw-p 0005d000 07:00 17842                      /usr/lib/x86_64-linux-gnu/libpulsecommon-1.1.so
7f3f062ee000-7f3f062f5000 r-xp 00000000 07:00 18171                      /usr/lib/x86_64-linux-gnu/libjson.so.0.0.1
7f3f062f5000-7f3f064f4000 ---p 00007000 07:00 18171                      /usr/lib/x86_64-linux-gnu/libjson.so.0.0.1
7f3f064f4000-7f3f064f5000 r--p 00006000 07:00 18171                      /usr/lib/x86_64-linux-gnu/libjson.so.0.0.1
7f3f064f5000-7f3f064f6000 rw-p 00007000 07:00 18171                      /usr/lib/x86_64-linux-gnu/libjson.so.0.0.1
7f3f064f6000-7f3f0653c000 r-xp 00000000 07:00 18051                      /usr/lib/x86_64-linux-gnu/libpulse.so.0.13.5
7f3f0653c000-7f3f0673c000 ---p 00046000 07:00 18051                      /usr/lib/x86_64-linux-gnu/libpulse.so.0.13.5
7f3f0673c000-7f3f0673d000 r--p 00046000 07:00 18051                      /usr/lib/x86_64-linux-gnu/libpulse.so.0.13.5
7f3f0673d000-7f3f0673e000 rw-p 00047000 07:00 18051                      /usr/lib/x86_64-linux-gnu/libpulse.so.0.13.5
7f3f0673e000-7f3f06790000 r-xp 00000000 07:00 242727                     /tmp/libgdxwhirlwind/3748766729/libopenal64.so
7f3f06790000-7f3f0698f000 ---p 00052000 07:00 242727                     /tmp/libgdxwhirlwind/3748766729/libopenal64.so
7f3f0698f000-7f3f06991000 r--p 00051000 07:00 242727                     /tmp/libgdxwhirlwind/3748766729/libopenal64.so
7f3f06991000-7f3f06992000 rw-p 00053000 07:00 242727                     /tmp/libgdxwhirlwind/3748766729/libopenal64.so
7f3f06992000-7f3f06993000 rw-p 00000000 00:00 0 
7f3f06993000-7f3f06997000 r-xp 00000000 07:00 17736                      /usr/lib/x86_64-linux-gnu/libXxf86vm.so.1.0.0
7f3f06997000-7f3f06b96000 ---p 00004000 07:00 17736                      /usr/lib/x86_64-linux-gnu/libXxf86vm.so.1.0.0
7f3f06b96000-7f3f06b97000 r--p 00003000 07:00 17736                      /usr/lib/x86_64-linux-gnu/libXxf86vm.so.1.0.0
7f3f06b97000-7f3f06b98000 rw-p 00004000 07:00 17736                      /usr/lib/x86_64-linux-gnu/libXxf86vm.so.1.0.0
7f3f06b98000-7f3f06ba0000 r-xp 00000000 07:00 18229                      /usr/lib/x86_64-linux-gnu/libXrandr.so.2.2.0
7f3f06ba0000-7f3f06d9f000 ---p 00008000 07:00 18229                      /usr/lib/x86_64-linux-gnu/libXrandr.so.2.2.0
7f3f06d9f000-7f3f06da0000 r--p 00007000 07:00 18229                      /usr/lib/x86_64-linux-gnu/libXrandr.so.2.2.0
7f3f06da0000-7f3f06da1000 rw-p 00008000 07:00 18229                      /usr/lib/x86_64-linux-gnu/libXrandr.so.2.2.0
7f3f06da1000-7f3f06e09000 r-xp 00000000 07:00 242728                     /tmp/libgdxwhirlwind/3748766729/liblwjgl64.so
7f3f06e09000-7f3f07009000 ---p 00068000 07:00 242728                     /tmp/libgdxwhirlwind/3748766729/liblwjgl64.so
7f3f07009000-7f3f0700b000 r--p 00068000 07:00 242728                     /tmp/libgdxwhirlwind/3748766729/liblwjgl64.so
7f3f0700b000-7f3f0700c000 rw-p 0006a000 07:00 242728                     /tmp/libgdxwhirlwind/3748766729/liblwjgl64.so
7f3f0700c000-7f3f0700d000 r-xp 00000000 07:00 451877                     /usr/lib/jvm/java-6-openjdk-amd64/jre/lib/amd64/libjawt.so
7f3f0700d000-7f3f0720c000 ---p 00001000 07:00 451877                     /usr/lib/jvm/java-6-openjdk-amd64/jre/lib/amd64/libjawt.so
7f3f0720c000-7f3f0720d000 r--p 00000000 07:00 451877                     /usr/lib/jvm/java-6-openjdk-amd64/jre/lib/amd64/libjawt.so
7f3f0720d000-7f3f0720e000 rw-p 00001000 07:00 451877                     /usr/lib/jvm/java-6-openjdk-amd64/jre/lib/amd64/libjawt.so
7f3f0720e000-7f3f07211000 ---p 00000000 00:00 0 
7f3f07211000-7f3f0730f000 rw-p 00000000 00:00 0 
7f3f0730f000-7f3f07314000 r-xp 00000000 07:00 18204                      /usr/lib/x86_64-linux-gnu/libXfixes.so.3.1.0
7f3f07314000-7f3f07513000 ---p 00005000 07:00 18204                      /usr/lib/x86_64-linux-gnu/libXfixes.so.3.1.0
7f3f07513000-7f3f07514000 r--p 00004000 07:00 18204                      /usr/lib/x86_64-linux-gnu/libXfixes.so.3.1.0
7f3f07514000-7f3f07515000 rw-p 00005000 07:00 18204                      /usr/lib/x86_64-linux-gnu/libXfixes.so.3.1.0
7f3f07515000-7f3f0751e000 r-xp 00000000 07:00 18181                      /usr/lib/x86_64-linux-gnu/libXcursor.so.1.0.2
7f3f0751e000-7f3f0771d000 ---p 00009000 07:00 18181                      /usr/lib/x86_64-linux-gnu/libXcursor.so.1.0.2
7f3f0771d000-7f3f0771e000 r--p 00008000 07:00 18181                      /usr/lib/x86_64-linux-gnu/libXcursor.so.1.0.2
7f3f0771e000-7f3f0771f000 rw-p 00009000 07:00 18181                      /usr/lib/x86_64-linux-gnu/libXcursor.so.1.0.2
7f3f0771f000-7f3f077b5000 r-xp 00000000 07:00 17827                      /usr/lib/x86_64-linux-gnu/libfreetype.so.6.8.0
7f3f077b5000-7f3f079b4000 ---p 00096000 07:00 17827                      /usr/lib/x86_64-linux-gnu/libfreetype.so.6.8.0
7f3f079b4000-7f3f079ba000 r--p 00095000 07:00 17827                      /usr/lib/x86_64-linux-gnu/libfreetype.so.6.8.0
7f3f079ba000-7f3f079bb000 rw-p 0009b000 07:00 17827                      /usr/lib/x86_64-linux-gnu/libfreetype.so.6.8.0
7f3f079bb000-7f3f079f5000 r-xp 00000000 07:00 451862                     /usr/lib/jvm/java-6-openjdk-amd64/jre/lib/amd64/libfontmanager.so
7f3f079f5000-7f3f07bf4000 ---p 0003a000 07:00 451862                     /usr/lib/jvm/java-6-openjdk-amd64/jre/lib/amd64/libfontmanager.so
7f3f07bf4000-7f3f07bf6000 r--p 00039000 07:00 451862                     /usr/lib/jvm/java-6-openjdk-amd64/jre/lib/amd64/libfontmanager.so
7f3f07bf6000-7f3f07bf7000 rw-p 0003b000 07:00 451862                     /usr/lib/jvm/java-6-openjdk-amd64/jre/lib/amd64/libfontmanager.so
7f3f07bf7000-7f3f07bfc000 r-xp 00000000 07:00 17740                      /usr/lib/x86_64-linux-gnu/libXdmcp.so.6.0.0
7f3f07bfc000-7f3f07dfb000 ---p 00005000 07:00 17740                      /usr/lib/x86_64-linux-gnu/libXdmcp.so.6.0.0
7f3f07dfb000-7f3f07dfc000 r--p 00004000 07:00 17740                      /usr/lib/x86_64-linux-gnu/libXdmcp.so.6.0.0
7f3f07dfc000-7f3f07dfd000 rw-p 00005000 07:00 17740                      /usr/lib/x86_64-linux-gnu/libXdmcp.so.6.0.0
7f3f07dfd000-7f3f07dff000 r-xp 00000000 07:00 17879                      /usr/lib/x86_64-linux-gnu/libXau.so.6.0.0
7f3f07dff000-7f3f07ffe000 ---p 00002000 07:00 17879                      /usr/lib/x86_64-linux-gnu/libXau.so.6.0.0
7f3f07ffe000-7f3f07fff000 r--p 00001000 07:00 17879                      /usr/lib/x86_64-linux-gnu/libXau.so.6.0.0
7f3f07fff000-7f3f08000000 rw-p 00002000 07:00 17879                      /usr/lib/x86_64-linux-gnu/libXau.so.6.0.0
7f3f08000000-7f3f08021000 rw-p 00000000 00:00 0 
7f3f08021000-7f3f0c000000 ---p 00000000 00:00 0 
7f3f0c005000-7f3f0c02e000 rw-p 00000000 00:00 0 
7f3f0c02e000-7f3f0c04b000 r-xp 00000000 07:00 17998                      /usr/lib/x86_64-linux-gnu/libxcb.so.1.1.0
7f3f0c04b000-7f3f0c24a000 ---p 0001d000 07:00 17998                      /usr/lib/x86_64-linux-gnu/libxcb.so.1.1.0
7f3f0c24a000-7f3f0c24b000 r--p 0001c000 07:00 17998                      /usr/lib/x86_64-linux-gnu/libxcb.so.1.1.0
7f3f0c24b000-7f3f0c24c000 rw-p 0001d000 07:00 17998                      /usr/lib/x86_64-linux-gnu/libxcb.so.1.1.0
7f3f0c24c000-7f3f0c25a000 r-xp 00000000 07:00 17734                      /usr/lib/x86_64-linux-gnu/libXi.so.6.1.0
7f3f0c25a000-7f3f0c459000 ---p 0000e000 07:00 17734                      /usr/lib/x86_64-linux-gnu/libXi.so.6.1.0
7f3f0c459000-7f3f0c45a000 r--p 0000d000 07:00 17734                      /usr/lib/x86_64-linux-gnu/libXi.so.6.1.0
7f3f0c45a000-7f3f0c45b000 rw-p 0000e000 07:00 17734                      /usr/lib/x86_64-linux-gnu/libXi.so.6.1.0
7f3f0c45b000-7f3f0c460000 r-xp 00000000 07:00 18243                      /usr/lib/x86_64-linux-gnu/libXtst.so.6.1.0
7f3f0c460000-7f3f0c65f000 ---p 00005000 07:00 18243                      /usr/lib/x86_64-linux-gnu/libXtst.so.6.1.0
7f3f0c65f000-7f3f0c660000 r--p 00004000 07:00 18243                      /usr/lib/x86_64-linux-gnu/libXtst.so.6.1.0
7f3f0c660000-7f3f0c661000 rw-p 00005000 07:00 18243                      /usr/lib/x86_64-linux-gnu/libXtst.so.6.1.0
7f3f0c661000-7f3f0c66a000 r-xp 00000000 07:00 17961                      /usr/lib/x86_64-linux-gnu/libXrender.so.1.3.0
7f3f0c66a000-7f3f0c869000 ---p 00009000 07:00 17961                      /usr/lib/x86_64-linux-gnu/libXrender.so.1.3.0
7f3f0c869000-7f3f0c86a000 r--p 00008000 07:00 17961                      /usr/lib/x86_64-linux-gnu/libXrender.so.1.3.0
7f3f0c86a000-7f3f0c86b000 rw-p 00009000 07:00 17961                      /usr/lib/x86_64-linux-gnu/libXrender.so.1.3.0
7f3f0c86b000-7f3f0c99a000 r-xp 00000000 07:00 17876                      /usr/lib/x86_64-linux-gnu/libX11.so.6.3.0
7f3f0c99a000-7f3f0cb9a000 ---p 0012f000 07:00 17876                      /usr/lib/x86_64-linux-gnu/libX11.so.6.3.0
7f3f0cb9a000-7f3f0cb9b000 r--p 0012f000 07:00 17876                      /usr/lib/x86_64-linux-gnu/libX11.so.6.3.0
7f3f0cb9b000-7f3f0cb9f000 rw-p 00130000 07:00 17876                      /usr/lib/x86_64-linux-gnu/libX11.so.6.3.0
7f3f0cb9f000-7f3f0cbaf000 r-xp 00000000 07:00 18163                      /usr/lib/x86_64-linux-gnu/libXext.so.6.4.0
7f3f0cbaf000-7f3f0cdae000 ---p 00010000 07:00 18163                      /usr/lib/x86_64-linux-gnu/libXext.so.6.4.0
7f3f0cdae000-7f3f0cdaf000 r--p 0000f000 07:00 18163                      /usr/lib/x86_64-linux-gnu/libXext.so.6.4.0
7f3f0cdaf000-7f3f0cdb0000 rw-p 00010000 07:00 18163                      /usr/lib/x86_64-linux-gnu/libXext.so.6.4.0
7f3f0cdb0000-7f3f0cdfb000 r-xp 00000000 07:00 461896                     /usr/lib/jvm/java-6-openjdk-amd64/jre/lib/amd64/xawt/libmawt.so
7f3f0cdfb000-7f3f0cffb000 ---p 0004b000 07:00 461896                     /usr/lib/jvm/java-6-openjdk-amd64/jre/lib/amd64/xawt/libmawt.so
7f3f0cffb000-7f3f0cffc000 r--p 0004b000 07:00 461896                     /usr/lib/jvm/java-6-openjdk-amd64/jre/lib/amd64/xawt/libmawt.so
7f3f0cffc000-7f3f0cfff000 rw-p 0004c000 07:00 461896                     /usr/lib/jvm/java-6-openjdk-amd64/jre/lib/amd64/xawt/libmawt.so
7f3f0cfff000-7f3f0d000000 rw-p 00000000 00:00 0 
7f3f0d000000-7f3f0d270000 rwxp 00000000 00:00 0 
7f3f0d270000-7f3f102c7000 rw-p 00000000 00:00 0 
7f3f102c7000-7f3f14000000 ---p 00000000 00:00 0 
7f3f14009000-7f3f14010000 r--s 00000000 07:00 70537                      /usr/lib/x86_64-linux-gnu/gconv/gconv-modules.cache
7f3f14010000-7f3f14011000 r--s 00000000 07:00 195238                     /var/cache/fontconfig/c05880de57d1f5e948fdfacc138775d9-le64.cache-3
7f3f14011000-7f3f1401a000 r--s 00000000 07:00 195032                     /var/cache/fontconfig/945677eb7aeaf62f1d50efc3fb3ec7d8-le64.cache-3
7f3f1401a000-7f3f1401c000 r--s 00000000 07:00 195236                     /var/cache/fontconfig/99e8ed0e538f840c565b6ed5dad60d56-le64.cache-3
7f3f1401c000-7f3f14020000 r--s 00000000 07:00 195235                     /var/cache/fontconfig/2cd17615ca594fa2959ae173292e504c-le64.cache-3
7f3f14020000-7f3f14021000 r--s 00000000 07:00 195234                     /var/cache/fontconfig/e7071f4a29fa870f4323321c154eba04-le64.cache-3
7f3f14021000-7f3f14022000 r--s 00000000 07:00 195233                     /var/cache/fontconfig/0d8c3b2ac0904cb8a57a757ad11a4a08-le64.cache-3
7f3f14022000-7f3f14028000 r--s 00000000 07:00 195232                     /var/cache/fontconfig/a755afe4a08bf5b97852ceb7400b47bc-le64.cache-3
7f3f14028000-7f3f14031000 r--s 00000000 07:00 195231                     /var/cache/fontconfig/6d41288fd70b0be22e8c3a91e032eec0-le64.cache-3
7f3f14031000-7f3f14041000 r--s 00000000 07:00 195230                     /var/cache/fontconfig/04aabc0a78ac019cf9454389977116d2-le64.cache-3
7f3f14041000-7f3f14046000 r--s 00000000 07:00 195229                     /var/cache/fontconfig/eb48934c523a49add3824bfad8846c40-le64.cache-3
7f3f14046000-7f3f1404b000 r--s 00000000 07:00 195228                     /var/cache/fontconfig/385c0604a188198f04d133e54aba7fe7-le64.cache-3
7f3f1404b000-7f3f1404c000 r--s 00000000 07:00 195227                     /var/cache/fontconfig/4794a0821666d79190d59a36cb4f44b5-le64.cache-3
7f3f1404c000-7f3f1404f000 r--s 00000000 07:00 195226                     /var/cache/fontconfig/8801497958630a81b71ace7c5f9b32a8-le64.cache-3
7f3f1404f000-7f3f14054000 r--s 00000000 07:00 195225                     /var/cache/fontconfig/3047814df9a2f067bd2d96a2b9c36e5a-le64.cache-3
7f3f14054000-7f3f14055000 r--s 00000000 07:00 195224                     /var/cache/fontconfig/56cf4f4769d0f4abc89a4895d7bd3ae1-le64.cache-3
7f3f14055000-7f3f14056000 r--s 00000000 07:00 195223                     /var/cache/fontconfig/b9d506c9ac06c20b433354fa67a72993-le64.cache-3
7f3f14056000-7f3f1405b000 r--s 00000000 07:00 195222                     /var/cache/fontconfig/b47c4e1ecd0709278f4910c18777a504-le64.cache-3
7f3f1405b000-7f3f1406b000 r--s 00000000 07:00 195221                     /var/cache/fontconfig/d52a8644073d54c13679302ca1180695-le64.cache-3
7f3f1406b000-7f3f1406f000 r--s 00000000 07:00 195219                     /var/cache/fontconfig/6c08beecf0dac481ec92e759e0c2e6d7-le64.cache-3
7f3f1406f000-7f3f14073000 r--s 00000000 07:00 195218                     /var/cache/fontconfig/4d6aee6d44eccb37054d3216e945f618-le64.cache-3
7f3f14073000-7f3f14074000 r--s 00000000 07:00 195217                     /var/cache/fontconfig/62f91419b9ebdb6975e7e41ab6412357-le64.cache-3
7f3f14074000-7f3f14077000 r--s 00000000 07:00 195210                     /var/cache/fontconfig/e13b20fdb08344e0e664864cc2ede53d-le64.cache-3
7f3f14077000-7f3f1407b000 r--s 00000000 07:00 195220                     /var/cache/fontconfig/7ef2298fde41cc6eeb7af42e48b7d293-le64.cache-3
7f3f1407b000-7f3f1407c000 r--s 00000000 07:00 195238                     /var/cache/fontconfig/c05880de57d1f5e948fdfacc138775d9-le64.cache-3
7f3f1407c000-7f3f14085000 r--s 00000000 07:00 195032                     /var/cache/fontconfig/945677eb7aeaf62f1d50efc3fb3ec7d8-le64.cache-3
7f3f14085000-7f3f14087000 r--s 00000000 07:00 195236                     /var/cache/fontconfig/99e8ed0e538f840c565b6ed5dad60d56-le64.cache-3
7f3f14087000-7f3f1408b000 r--s 00000000 07:00 195235                     /var/cache/fontconfig/2cd17615ca594fa2959ae173292e504c-le64.cache-3
7f3f1408b000-7f3f1408c000 r--s 00000000 07:00 195234                     /var/cache/fontconfig/e7071f4a29fa870f4323321c154eba04-le64.cache-3
7f3f1408c000-7f3f1408d000 r--s 00000000 07:00 195233                     /var/cache/fontconfig/0d8c3b2ac0904cb8a57a757ad11a4a08-le64.cache-3
7f3f1408d000-7f3f14093000 r--s 00000000 07:00 195232                     /var/cache/fontconfig/a755afe4a08bf5b97852ceb7400b47bc-le64.cache-3
7f3f14093000-7f3f1409c000 r--s 00000000 07:00 195231                     /var/cache/fontconfig/6d41288fd70b0be22e8c3a91e032eec0-le64.cache-3
7f3f1409c000-7f3f140ac000 r--s 00000000 07:00 195230                     /var/cache/fontconfig/04aabc0a78ac019cf9454389977116d2-le64.cache-3
7f3f140ac000-7f3f140b1000 r--s 00000000 07:00 195229                     /var/cache/fontconfig/eb48934c523a49add3824bfad8846c40-le64.cache-3
7f3f140b1000-7f3f140b6000 r--s 00000000 07:00 195228                     /var/cache/fontconfig/385c0604a188198f04d133e54aba7fe7-le64.cache-3
7f3f140b6000-7f3f140b7000 r--s 00000000 07:00 195227                     /var/cache/fontconfig/4794a0821666d79190d59a36cb4f44b5-le64.cache-3
7f3f140b7000-7f3f140ba000 r--s 00000000 07:00 195226                     /var/cache/fontconfig/8801497958630a81b71ace7c5f9b32a8-le64.cache-3
7f3f140ba000-7f3f140bd000 ---p 00000000 00:00 0 
7f3f140bd000-7f3f141bb000 rw-p 00000000 00:00 0 
7f3f141bb000-7f3f14267000 r-xp 00000000 07:00 451865                     /usr/lib/jvm/java-6-openjdk-amd64/jre/lib/amd64/libawt.so
7f3f14267000-7f3f14466000 ---p 000ac000 07:00 451865                     /usr/lib/jvm/java-6-openjdk-amd64/jre/lib/amd64/libawt.so
7f3f14466000-7f3f14467000 r--p 000ab000 07:00 451865                     /usr/lib/jvm/java-6-openjdk-amd64/jre/lib/amd64/libawt.so
7f3f14467000-7f3f14472000 rw-p 000ac000 07:00 451865                     /usr/lib/jvm/java-6-openjdk-amd64/jre/lib/amd64/libawt.so
7f3f14472000-7f3f14497000 rw-p 00000000 00:00 0 
7f3f14497000-7f3f1450e000 r-xp 00000000 07:00 242726                     /tmp/libgdxwhirlwind/3748766729/libgdx64.so
7f3f1450e000-7f3f1470d000 ---p 00077000 07:00 242726                     /tmp/libgdxwhirlwind/3748766729/libgdx64.so
7f3f1470d000-7f3f1470f000 r--p 00076000 07:00 242726                     /tmp/libgdxwhirlwind/3748766729/libgdx64.so
7f3f1470f000-7f3f14710000 rw-p 00078000 07:00 242726                     /tmp/libgdxwhirlwind/3748766729/libgdx64.so
7f3f14710000-7f3f14711000 rw-p 00000000 00:00 0 
7f3f14711000-7f3f14718000 r--s 000fb000 07:00 290861                     /usr/lib/jvm/java-6-openjdk-common/jre/lib/resources.jar
7f3f14718000-7f3f14719000 r--s 00001000 07:00 545944                     /home/whirlwind/ScrollNinja/ScrollNinja/libs/bodyeditor-loader.jar
7f3f14719000-7f3f1471a000 r--s 00000000 07:00 545943                     /home/whirlwind/ScrollNinja/ScrollNinja/libs/bodyeditor-loader-sources.jar
7f3f1471a000-7f3f1471d000 r--s 0007d000 07:00 290851                     /usr/lib/jvm/java-6-openjdk-common/jre/lib/jsse.jar
7f3f1471d000-7f3f1472d000 r--s 000ef000 07:00 545806                     /home/whirlwind/ScrollNinja/ScrollNinja/libs/gdx.jar
7f3f1472d000-7f3f1472e000 r--s 00128000 07:00 543825                     /home/whirlwind/ScrollNinja/ScrollNinja-desktop/libs/gdx-natives.jar
7f3f1472e000-7f3f1472f000 r--s 00169000 07:00 543822                     /home/whirlwind/ScrollNinja/ScrollNinja-desktop/libs/gdx-backend-lwjgl-natives.jar
7f3f1472f000-7f3f14742000 r--s 00140000 07:00 543824                     /home/whirlwind/ScrollNinja/ScrollNinja-desktop/libs/gdx-backend-lwjgl.jar
7f3f14742000-7f3f14744000 r--s 00001000 07:00 294082                     /usr/lib/jvm/java-6-openjdk-common/jre/lib/ext/dnsns.jar
7f3f14744000-7f3f14746000 r--s 0000f000 07:00 294083                     /usr/lib/jvm/java-6-openjdk-common/jre/lib/ext/pulse-java.jar
7f3f14746000-7f3f1474a000 r--s 00038000 07:00 294079                     /usr/lib/jvm/java-6-openjdk-common/jre/lib/ext/sunpkcs11.jar
7f3f1474a000-7f3f1474b000 r--s 00007000 07:00 3232783                    /usr/share/java/java-atk-wrapper.jar
7f3f1474b000-7f3f1474e000 r--s 00077000 07:00 294080                     /usr/lib/jvm/java-6-openjdk-common/jre/lib/ext/localedata.jar
7f3f1474e000-7f3f14751000 r--s 00031000 07:00 294081                     /usr/lib/jvm/java-6-openjdk-common/jre/lib/ext/sunjce_provider.jar
7f3f14751000-7f3f14752000 ---p 00000000 00:00 0 
7f3f14752000-7f3f14852000 rw-p 00000000 00:00 0 
7f3f14852000-7f3f14855000 ---p 00000000 00:00 0 
7f3f14855000-7f3f14953000 rw-p 00000000 00:00 0 
7f3f14953000-7f3f14956000 ---p 00000000 00:00 0 
7f3f14956000-7f3f14a54000 rw-p 00000000 00:00 0 
7f3f14a54000-7f3f14a57000 ---p 00000000 00:00 0 
7f3f14a57000-7f3f14b55000 rw-p 00000000 00:00 0 
7f3f14b55000-7f3f14b58000 ---p 00000000 00:00 0 
7f3f14b58000-7f3f14c56000 rw-p 00000000 00:00 0 
7f3f14c56000-7f3f14d5e000 r--p 00000000 07:00 3458049                    /usr/lib/locale/locale-archive
7f3f14d5e000-7f3f14d61000 ---p 00000000 00:00 0 
7f3f14d61000-7f3f14e5f000 rw-p 00000000 00:00 0 
7f3f14e5f000-7f3f14e62000 ---p 00000000 00:00 0 
7f3f14e62000-7f3f14f60000 rw-p 00000000 00:00 0 
7f3f14f60000-7f3f14f61000 ---p 00000000 00:00 0 
7f3f14f61000-7f3f15599000 rw-p 00000000 00:00 0 
7f3f15599000-7f3f1572b000 r--s 037bf000 07:00 451834                     /usr/lib/jvm/java-6-openjdk-amd64/jre/lib/rt.jar
7f3f1572b000-7f3f15753000 rw-p 00000000 00:00 0 
7f3f15753000-7f3f15754000 ---p 00000000 00:00 0 
7f3f15754000-7f3f15854000 rw-p 00000000 00:00 0 
7f3f15854000-7f3f15855000 ---p 00000000 00:00 0 
7f3f15855000-7f3f15955000 rw-p 00000000 00:00 0 
7f3f15955000-7f3f15956000 ---p 00000000 00:00 0 
7f3f15956000-7f3f15a56000 rw-p 00000000 00:00 0 
7f3f15a56000-7f3f15a57000 ---p 00000000 00:00 0 
7f3f15a57000-7f3f15b62000 rw-p 00000000 00:00 0 
7f3f15b62000-7f3f15baa000 rw-p 00000000 00:00 0 
7f3f15baa000-7f3f15bbd000 rw-p 00000000 00:00 0 
7f3f15bbd000-7f3f15cd9000 rw-p 00000000 00:00 0 
7f3f15cd9000-7f3f15ce4000 rw-p 00000000 00:00 0 
7f3f15ce4000-7f3f15d2c000 rw-p 00000000 00:00 0 
7f3f15d2c000-7f3f15d3f000 rw-p 00000000 00:00 0 
7f3f15d3f000-7f3f15e5a000 rw-p 00000000 00:00 0 
7f3f15e5a000-7f3f15e65000 rw-p 00000000 00:00 0 
7f3f15e65000-7f3f15ef2000 rw-p 00000000 00:00 0 
7f3f15ef2000-7f3f15ef3000 rw-p 00000000 00:00 0 
7f3f15ef3000-7f3f15efa000 r-xp 00000000 07:00 451879                     /usr/lib/jvm/java-6-openjdk-amd64/jre/lib/amd64/libzip.so
7f3f15efa000-7f3f160f9000 ---p 00007000 07:00 451879                     /usr/lib/jvm/java-6-openjdk-amd64/jre/lib/amd64/libzip.so
7f3f160f9000-7f3f160fa000 r--p 00006000 07:00 451879                     /usr/lib/jvm/java-6-openjdk-amd64/jre/lib/amd64/libzip.so
7f3f160fa000-7f3f160fb000 rw-p 00007000 07:00 451879                     /usr/lib/jvm/java-6-openjdk-amd64/jre/lib/amd64/libzip.so
7f3f160fb000-7f3f16107000 r-xp 00000000 07:00 1669141                    /lib/x86_64-linux-gnu/libnss_files-2.15.so
7f3f16107000-7f3f16306000 ---p 0000c000 07:00 1669141                    /lib/x86_64-linux-gnu/libnss_files-2.15.so
7f3f16306000-7f3f16307000 r--p 0000b000 07:00 1669141                    /lib/x86_64-linux-gnu/libnss_files-2.15.so
7f3f16307000-7f3f16308000 rw-p 0000c000 07:00 1669141                    /lib/x86_64-linux-gnu/libnss_files-2.15.so
7f3f16308000-7f3f16312000 r-xp 00000000 07:00 1669137                    /lib/x86_64-linux-gnu/libnss_nis-2.15.so
7f3f16312000-7f3f16512000 ---p 0000a000 07:00 1669137                    /lib/x86_64-linux-gnu/libnss_nis-2.15.so
7f3f16512000-7f3f16513000 r--p 0000a000 07:00 1669137                    /lib/x86_64-linux-gnu/libnss_nis-2.15.so
7f3f16513000-7f3f16514000 rw-p 0000b000 07:00 1669137                    /lib/x86_64-linux-gnu/libnss_nis-2.15.so
7f3f16514000-7f3f1652b000 r-xp 00000000 07:00 1669150                    /lib/x86_64-linux-gnu/libnsl-2.15.so
7f3f1652b000-7f3f1672a000 ---p 00017000 07:00 1669150                    /lib/x86_64-linux-gnu/libnsl-2.15.so
7f3f1672a000-7f3f1672b000 r--p 00016000 07:00 1669150                    /lib/x86_64-linux-gnu/libnsl-2.15.so
7f3f1672b000-7f3f1672c000 rw-p 00017000 07:00 1669150                    /lib/x86_64-linux-gnu/libnsl-2.15.so
7f3f1672c000-7f3f1672e000 rw-p 00000000 00:00 0 
7f3f1672e000-7f3f16736000 r-xp 00000000 07:00 1669142                    /lib/x86_64-linux-gnu/libnss_compat-2.15.so
7f3f16736000-7f3f16935000 ---p 00008000 07:00 1669142                    /lib/x86_64-linux-gnu/libnss_compat-2.15.so
7f3f16935000-7f3f16936000 r--p 00007000 07:00 1669142                    /lib/x86_64-linux-gnu/libnss_compat-2.15.so
7f3f16936000-7f3f16937000 rw-p 00008000 07:00 1669142                    /lib/x86_64-linux-gnu/libnss_compat-2.15.so
7f3f16937000-7f3f16963000 r-xp 00000000 07:00 451864                     /usr/lib/jvm/java-6-openjdk-amd64/jre/lib/amd64/libjava.so
7f3f16963000-7f3f16b62000 ---p 0002c000 07:00 451864                     /usr/lib/jvm/java-6-openjdk-amd64/jre/lib/amd64/libjava.so
7f3f16b62000-7f3f16b63000 r--p 0002b000 07:00 451864                     /usr/lib/jvm/java-6-openjdk-amd64/jre/lib/amd64/libjava.so
7f3f16b63000-7f3f16b66000 rw-p 0002c000 07:00 451864                     /usr/lib/jvm/java-6-openjdk-amd64/jre/lib/amd64/libjava.so
7f3f16b66000-7f3f16b74000 r-xp 00000000 07:00 451863                     /usr/lib/jvm/java-6-openjdk-amd64/jre/lib/amd64/libverify.so
7f3f16b74000-7f3f16d73000 ---p 0000e000 07:00 451863                     /usr/lib/jvm/java-6-openjdk-amd64/jre/lib/amd64/libverify.so
7f3f16d73000-7f3f16d75000 r--p 0000d000 07:00 451863                     /usr/lib/jvm/java-6-openjdk-amd64/jre/lib/amd64/libverify.so
7f3f16d75000-7f3f16d76000 rw-p 0000f000 07:00 451863                     /usr/lib/jvm/java-6-openjdk-amd64/jre/lib/amd64/libverify.so
7f3f16d76000-7f3f16d7d000 r-xp 00000000 07:00 1669135                    /lib/x86_64-linux-gnu/librt-2.15.so
7f3f16d7d000-7f3f16f7c000 ---p 00007000 07:00 1669135                    /lib/x86_64-linux-gnu/librt-2.15.so
7f3f16f7c000-7f3f16f7d000 r--p 00006000 07:00 1669135                    /lib/x86_64-linux-gnu/librt-2.15.so
7f3f16f7d000-7f3f16f7e000 rw-p 00007000 07:00 1669135                    /lib/x86_64-linux-gnu/librt-2.15.so
7f3f16f7e000-7f3f16f93000 r-xp 00000000 07:00 205964                     /lib/x86_64-linux-gnu/libgcc_s.so.1
7f3f16f93000-7f3f17192000 ---p 00015000 07:00 205964                     /lib/x86_64-linux-gnu/libgcc_s.so.1
7f3f17192000-7f3f17193000 r--p 00014000 07:00 205964                     /lib/x86_64-linux-gnu/libgcc_s.so.1
7f3f17193000-7f3f17194000 rw-p 00015000 07:00 205964                     /lib/x86_64-linux-gnu/libgcc_s.so.1
7f3f17194000-7f3f1728d000 r-xp 00000000 07:00 1669139                    /lib/x86_64-linux-gnu/libm-2.15.so
7f3f1728d000-7f3f1748c000 ---p 000f9000 07:00 1669139                    /lib/x86_64-linux-gnu/libm-2.15.so
7f3f1748c000-7f3f1748d000 r--p 000f8000 07:00 1669139                    /lib/x86_64-linux-gnu/libm-2.15.so
7f3f1748d000-7f3f1748e000 rw-p 000f9000 07:00 1669139                    /lib/x86_64-linux-gnu/libm-2.15.so
7f3f1748e000-7f3f17570000 r-xp 00000000 07:00 17860                      /usr/lib/x86_64-linux-gnu/libstdc++.so.6.0.16
7f3f17570000-7f3f1776f000 ---p 000e2000 07:00 17860                      /usr/lib/x86_64-linux-gnu/libstdc++.so.6.0.16
7f3f1776f000-7f3f17777000 r--p 000e1000 07:00 17860                      /usr/lib/x86_64-linux-gnu/libstdc++.so.6.0.16
7f3f17777000-7f3f17779000 rw-p 000e9000 07:00 17860                      /usr/lib/x86_64-linux-gnu/libstdc++.so.6.0.16
7f3f17779000-7f3f1778e000 rw-p 00000000 00:00 0 
7f3f1778e000-7f3f18092000 r-xp 00000000 07:00 451869                     /usr/lib/jvm/java-6-openjdk-amd64/jre/lib/amd64/server/libjvm.so
7f3f18092000-7f3f18292000 ---p 00904000 07:00 451869                     /usr/lib/jvm/java-6-openjdk-amd64/jre/lib/amd64/server/libjvm.so
7f3f18292000-7f3f18312000 r--p 00904000 07:00 451869                     /usr/lib/jvm/java-6-openjdk-amd64/jre/lib/amd64/server/libjvm.so
7f3f18312000-7f3f1832d000 rw-p 00984000 07:00 451869                     /usr/lib/jvm/java-6-openjdk-amd64/jre/lib/amd64/server/libjvm.so
7f3f1832d000-7f3f18356000 rw-p 00000000 00:00 0 
7f3f18356000-7f3f1836c000 r-xp 00000000 07:00 206032                     /lib/x86_64-linux-gnu/libz.so.1.2.3.4
7f3f1836c000-7f3f1856b000 ---p 00016000 07:00 206032                     /lib/x86_64-linux-gnu/libz.so.1.2.3.4
7f3f1856b000-7f3f1856c000 r--p 00015000 07:00 206032                     /lib/x86_64-linux-gnu/libz.so.1.2.3.4
7f3f1856c000-7f3f1856d000 rw-p 00016000 07:00 206032                     /lib/x86_64-linux-gnu/libz.so.1.2.3.4
7f3f1856d000-7f3f18722000 r-xp 00000000 07:00 1669131                    /lib/x86_64-linux-gnu/libc-2.15.so
7f3f18722000-7f3f18921000 ---p 001b5000 07:00 1669131                    /lib/x86_64-linux-gnu/libc-2.15.so
7f3f18921000-7f3f18925000 r--p 001b4000 07:00 1669131                    /lib/x86_64-linux-gnu/libc-2.15.so
7f3f18925000-7f3f18927000 rw-p 001b8000 07:00 1669131                    /lib/x86_64-linux-gnu/libc-2.15.so
7f3f18927000-7f3f1892c000 rw-p 00000000 00:00 0 
7f3f1892c000-7f3f1892e000 r-xp 00000000 07:00 1669130                    /lib/x86_64-linux-gnu/libdl-2.15.so
7f3f1892e000-7f3f18b2e000 ---p 00002000 07:00 1669130                    /lib/x86_64-linux-gnu/libdl-2.15.so
7f3f18b2e000-7f3f18b2f000 r--p 00002000 07:00 1669130                    /lib/x86_64-linux-gnu/libdl-2.15.so
7f3f18b2f000-7f3f18b30000 rw-p 00003000 07:00 1669130                    /lib/x86_64-linux-gnu/libdl-2.15.so
7f3f18b30000-7f3f18b34000 r-xp 00000000 07:00 451846                     /usr/lib/jvm/java-6-openjdk-amd64/jre/lib/amd64/jli/libjli.so
7f3f18b34000-7f3f18d33000 ---p 00004000 07:00 451846                     /usr/lib/jvm/java-6-openjdk-amd64/jre/lib/amd64/jli/libjli.so
7f3f18d33000-7f3f18d34000 r--p 00003000 07:00 451846                     /usr/lib/jvm/java-6-openjdk-amd64/jre/lib/amd64/jli/libjli.so
7f3f18d34000-7f3f18d35000 rw-p 00004000 07:00 451846                     /usr/lib/jvm/java-6-openjdk-amd64/jre/lib/amd64/jli/libjli.so
7f3f18d35000-7f3f18d4d000 r-xp 00000000 07:00 1669133                    /lib/x86_64-linux-gnu/libpthread-2.15.so
7f3f18d4d000-7f3f18f4c000 ---p 00018000 07:00 1669133                    /lib/x86_64-linux-gnu/libpthread-2.15.so
7f3f18f4c000-7f3f18f4d000 r--p 00017000 07:00 1669133                    /lib/x86_64-linux-gnu/libpthread-2.15.so
7f3f18f4d000-7f3f18f4e000 rw-p 00018000 07:00 1669133                    /lib/x86_64-linux-gnu/libpthread-2.15.so
7f3f18f4e000-7f3f18f52000 rw-p 00000000 00:00 0 
7f3f18f52000-7f3f18f74000 r-xp 00000000 07:00 1669145                    /lib/x86_64-linux-gnu/ld-2.15.so
7f3f18f76000-7f3f18f7b000 r--s 00000000 07:00 195225                     /var/cache/fontconfig/3047814df9a2f067bd2d96a2b9c36e5a-le64.cache-3
7f3f18f7b000-7f3f18f7c000 r--s 00000000 07:00 195224                     /var/cache/fontconfig/56cf4f4769d0f4abc89a4895d7bd3ae1-le64.cache-3
7f3f18f7c000-7f3f18f7d000 r--s 00000000 07:00 195223                     /var/cache/fontconfig/b9d506c9ac06c20b433354fa67a72993-le64.cache-3
7f3f18f7d000-7f3f18f82000 r--s 00000000 07:00 195222                     /var/cache/fontconfig/b47c4e1ecd0709278f4910c18777a504-le64.cache-3
7f3f18f82000-7f3f18f92000 r--s 00000000 07:00 195221                     /var/cache/fontconfig/d52a8644073d54c13679302ca1180695-le64.cache-3
7f3f18f92000-7f3f18f96000 r--s 00000000 07:00 195219                     /var/cache/fontconfig/6c08beecf0dac481ec92e759e0c2e6d7-le64.cache-3
7f3f18f96000-7f3f18fa0000 rw-p 00000000 00:00 0 
7f3f18fa0000-7f3f19056000 rw-p 00000000 00:00 0 
7f3f19056000-7f3f19059000 ---p 00000000 00:00 0 
7f3f19059000-7f3f1915c000 rw-p 00000000 00:00 0 
7f3f1915c000-7f3f19160000 r--s 00000000 07:00 195218                     /var/cache/fontconfig/4d6aee6d44eccb37054d3216e945f618-le64.cache-3
7f3f19160000-7f3f19161000 r--s 00000000 07:00 195217                     /var/cache/fontconfig/62f91419b9ebdb6975e7e41ab6412357-le64.cache-3
7f3f19161000-7f3f19164000 r--s 00000000 07:00 195210                     /var/cache/fontconfig/e13b20fdb08344e0e664864cc2ede53d-le64.cache-3
7f3f19164000-7f3f19168000 r--s 00000000 07:00 195220                     /var/cache/fontconfig/7ef2298fde41cc6eeb7af42e48b7d293-le64.cache-3
7f3f19168000-7f3f19170000 rw-s 00000000 07:00 242721                     /tmp/hsperfdata_whirlwind/6324
7f3f19170000-7f3f19171000 rw-p 00000000 00:00 0 
7f3f19171000-7f3f19172000 r--p 00000000 00:00 0 
7f3f19172000-7f3f19174000 rw-p 00000000 00:00 0 
7f3f19174000-7f3f19175000 r--p 00022000 07:00 1669145                    /lib/x86_64-linux-gnu/ld-2.15.so
7f3f19175000-7f3f19177000 rw-p 00023000 07:00 1669145                    /lib/x86_64-linux-gnu/ld-2.15.so
7fff286a5000-7fff286c6000 rw-p 00000000 00:00 0                          [stack]
7fff287f9000-7fff287fa000 r-xp 00000000 00:00 0                          [vdso]
ffffffffff600000-ffffffffff601000 r-xp 00000000 00:00 0                  [vsyscall]

VM Arguments:
jvm_args: -Dfile.encoding=UTF-8 
java_command: org.genshin.scrollninja.Main
Launcher Type: SUN_STANDARD

Environment Variables:
PATH=/usr/lib/lightdm/lightdm:/usr/local/sbin:/usr/local/bin:/usr/sbin:/usr/bin:/sbin:/bin:/usr/games
LD_LIBRARY_PATH=/usr/lib/jvm/java-6-openjdk-amd64/jre/lib/amd64/server:/usr/lib/jvm/java-6-openjdk-amd64/jre/lib/amd64:/usr/lib/jvm/java-6-openjdk-amd64/jre/../lib/amd64
SHELL=/usr/bin/zsh
DISPLAY=:0

Signal Handlers:
SIGSEGV: [libjvm.so+0x784310], sa_mask[0]=0x7ffbfeff, sa_flags=0x10000004
SIGBUS: [libjvm.so+0x784310], sa_mask[0]=0x7ffbfeff, sa_flags=0x10000004
SIGFPE: [libjvm.so+0x648580], sa_mask[0]=0x7ffbfeff, sa_flags=0x10000004
SIGPIPE: [libjvm.so+0x648580], sa_mask[0]=0x7ffbfeff, sa_flags=0x10000004
SIGXFSZ: [libjvm.so+0x648580], sa_mask[0]=0x7ffbfeff, sa_flags=0x10000004
SIGILL: [libjvm.so+0x648580], sa_mask[0]=0x7ffbfeff, sa_flags=0x10000004
SIGUSR1: SIG_DFL, sa_mask[0]=0x00000000, sa_flags=0x00000000
SIGUSR2: [libjvm.so+0x648730], sa_mask[0]=0x00000004, sa_flags=0x10000004
SIGHUP: [libjvm.so+0x64b250], sa_mask[0]=0x7ffbfeff, sa_flags=0x10000004
SIGINT: [libjvm.so+0x64b250], sa_mask[0]=0x7ffbfeff, sa_flags=0x10000004
SIGTERM: [libjvm.so+0x64b250], sa_mask[0]=0x7ffbfeff, sa_flags=0x10000004
SIGQUIT: [libjvm.so+0x64b250], sa_mask[0]=0x7ffbfeff, sa_flags=0x10000004


---------------  S Y S T E M  ---------------

OS:Ubuntu 12.04 (precise)
uname:Linux 3.2.0-31-generic #50-Ubuntu SMP Fri Sep 7 16:16:45 UTC 2012 x86_64
libc:glibc 2.15 NPTL 2.15 
rlimit: STACK 8192k, CORE 0k, NPROC 28898, NOFILE 4096, AS infinity
load average:0.27 0.68 0.59

/proc/meminfo:
MemTotal:        3716632 kB
MemFree:          358396 kB
Buffers:          662068 kB
Cached:          1248764 kB
SwapCached:           64 kB
Active:          1864408 kB
Inactive:        1281964 kB
Active(anon):    1076332 kB
Inactive(anon):   324916 kB
Active(file):     788076 kB
Inactive(file):   957048 kB
Unevictable:        2676 kB
Mlocked:               0 kB
SwapTotal:        262140 kB
SwapFree:         259652 kB
Dirty:              1500 kB
Writeback:             0 kB
AnonPages:       1239308 kB
Mapped:           176072 kB
Shmem:            162828 kB
Slab:             114780 kB
SReclaimable:      87940 kB
SUnreclaim:        26840 kB
KernelStack:        3584 kB
PageTables:        25508 kB
NFS_Unstable:          0 kB
Bounce:                0 kB
WritebackTmp:          0 kB
CommitLimit:     2120456 kB
Committed_AS:    2970424 kB
VmallocTotal:   34359738367 kB
VmallocUsed:      555536 kB
VmallocChunk:   34359160508 kB
HardwareCorrupted:     0 kB
AnonHugePages:         0 kB
HugePages_Total:       0
HugePages_Free:        0
HugePages_Rsvd:        0
HugePages_Surp:        0
Hugepagesize:       2048 kB
DirectMap4k:       61440 kB
DirectMap2M:     3796992 kB


CPU:total 4 (2 cores per cpu, 2 threads per core) family 6 model 37 stepping 2, cmov, cx8, fxsr, mmx, sse, sse2, sse3, ssse3, sse4.1, sse4.2, popcnt, ht

Memory: 4k page, physical 3716632k(358396k free), swap 262140k(259652k free)

vm_info: OpenJDK 64-Bit Server VM (20.0-b12) for linux-amd64 JRE (1.6.0_24-b24), built on Sep  2 2012 19:50:47 by "buildd" with gcc 4.6.3

time: Tue Oct  9 14:36:06 2012
elapsed time: 1 seconds

