#
# A fatal error has been detected by the Java Runtime Environment:
#
#  SIGBUS (0x7) at pc=0x00007fbcd7556a30, pid=6925, tid=140449123460864
#
# JRE version: 6.0_24-b24
# Java VM: OpenJDK 64-Bit Server VM (20.0-b12 mixed mode linux-amd64 compressed oops)
# Derivative: IcedTea6 1.11.4
# Distribution: Ubuntu 12.04 LTS, package 6b24-1.11.4-1ubuntu0.12.04.1
# Problematic frame:
# 
[error occurred during error reporting (printing problematic frame), id 0x7]

# If you would like to submit a bug report, please include
# instructions how to reproduce the bug and visit:
#   https://bugs.launchpad.net/ubuntu/+source/openjdk-6/
#

---------------  T H R E A D  ---------------

Current thread is native thread

siginfo:si_signo=SIGBUS: si_errno=0, si_code=2 (BUS_ADRERR), si_addr=0x00007fbcd7556a30

Registers:
RAX=0x0000000000000000, RBX=0x00007fbcdc1cde40, RCX=0x00007fbce9d1a52d, RDX=0x0000000000000000
RSP=0x00007fbcdc1cde30, RBP=0x0000000000000278, RSI=0x00007fbcdc1cde30, RDI=0x0000000000000000
R8 =0x00007fbce022b400, R9 =0x0000000000000001, R10=0x0000000000000000, R11=0x0000000000000000
R12=0x0000000000000000, R13=0x00007fbcdc1cf010, R14=0x0000000000000008, R15=0x00007fbcdc1cde98
RIP=0x00007fbcd7556a30, EFLAGS=0x0000000000010217, CSGSFS=0x0000000000000033, ERR=0x0000000000000014
  TRAPNO=0x000000000000000e

Top of Stack: (sp=0x00007fbcdc1cde30)
0x00007fbcdc1cde30:   00007fbce0247020 00007fbcd6ec0f8e
0x00007fbcdc1cde40:   0000000000000000 00000000000f4240
0x00007fbcdc1cde50:   00007fbcdc1cf010 00007fbce020a7f0
0x00007fbcdc1cde60:   0000000000000278 00007fbcd756339b
0x00007fbcdc1cde70:   0000000000000000 00007fbcdc1cde90
0x00007fbcdc1cde80:   0000000000002000 00000000000071a0
0x00007fbcdc1cde90:   00007fbc940cf040 0000000000004000
0x00007fbcdc1cdea0:   0000000000000000 00007fbce02472d0
0x00007fbcdc1cdeb0:   0000000000000000 00007fbcea12b3f0
0x00007fbcdc1cdec0:   00007fbcdc1ce9c0 0000000000000000
0x00007fbcdc1cded0:   0000000000000003 00007fbcd7555d2a
0x00007fbcdc1cdee0:   0000000000000000 00007fbce9d12e9a
0x00007fbcdc1cdef0:   0000000000000000 00007fbcdc1ce700
0x00007fbcdc1cdf00:   0000000000000000 0000000000000000
0x00007fbcdc1cdf10:   0000000000000000 0000000000000000
0x00007fbcdc1cdf20:   0000000000000000 0000000000000000
0x00007fbcdc1cdf30:   0000000000000000 0000000000000000
0x00007fbcdc1cdf40:   0000000000000000 0000000000000000
0x00007fbcdc1cdf50:   0000000000000000 0000000000000000
0x00007fbcdc1cdf60:   0000000000000000 0000000000000000
0x00007fbcdc1cdf70:   0000000000000000 0000000000000000
0x00007fbcdc1cdf80:   0000000000000000 38dbc25b01b519d8
0x00007fbcdc1cdf90:   00007fbcea12b3f0 00007fbcdc1ce9c0
0x00007fbcdc1cdfa0:   0000000000000000 0000000000000003
0x00007fbcdc1cdfb0:   c7a27a62bc5519d8 c7a211f95d7519d8
0x00007fbcdc1cdfc0:   0000000000000000 0000000000000000
0x00007fbcdc1cdfd0:   0000000000000000 0000000000000000
0x00007fbcdc1cdfe0:   0000000000000000 0000000000000000
0x00007fbcdc1cdff0:   0000000000000000 00007fbce9636dbd
0x00007fbcdc1ce000:   0000000000000000 0000000000000000
0x00007fbcdc1ce010:   0000000000000000 0000000000000000
0x00007fbcdc1ce020:   0000000000000000 0000000000000000 

Instructions: (pc=0x00007fbcd7556a30)
0x00007fbcd7556a10:   
[error occurred during error reporting (printing registers, top of stack, instructions near pc), id 0x7]

Register to memory mapping:

RAX=0x0000000000000000 is an unknown value
RBX=0x00007fbcdc1cde40 is an unknown value
RCX=0x00007fbce9d1a52d: __nanosleep+0x2d in /lib/x86_64-linux-gnu/libpthread.so.0 at 0x00007fbce9d0b000
RDX=0x0000000000000000 is an unknown value
RSP=0x00007fbcdc1cde30 is an unknown value
RBP=0x0000000000000278 is an unknown value
RSI=0x00007fbcdc1cde30 is an unknown value
RDI=0x0000000000000000 is an unknown value
R8 =0x00007fbce022b400 is an unknown value
R9 =0x0000000000000001 is an unknown value
R10=0x0000000000000000 is an unknown value
R11=0x0000000000000000 is an unknown value
R12=0x0000000000000000 is an unknown value
R13=0x00007fbcdc1cf010 is an unknown value
R14=0x0000000000000008 is an unknown value
R15=0x00007fbcdc1cde98 is an unknown value


Stack: [0x00007fbcdc0ce000,0x00007fbcdc1cf000],  sp=0x00007fbcdc1cde30,  free space=1023k
Native frames: (J=compiled Java code, j=interpreted, Vv=VM code, C=native code)

[error occurred during error reporting (printing native stack), id 0x7]


---------------  P R O C E S S  ---------------

VM state:not at safepoint (normal execution)

VM Mutex/Monitor currently owned by a thread: None

Heap
 PSYoungGen      total 16960K, used 9419K [0x00000000ed160000, 0x00000000ee440000, 0x0000000100000000)
  eden space 14592K, 58% used [0x00000000ed160000,0x00000000ed9c2fa0,0x00000000edfa0000)
  from space 2368K, 35% used [0x00000000edfa0000,0x00000000ee070000,0x00000000ee1f0000)
  to   space 2368K, 0% used [0x00000000ee1f0000,0x00000000ee1f0000,0x00000000ee440000)
 PSOldGen        total 38784K, used 3761K [0x00000000c7400000, 0x00000000c99e0000, 0x00000000ed160000)
  object space 38784K, 9% used [0x00000000c7400000,0x00000000c77ac750,0x00000000c99e0000)
 PSPermGen       total 21248K, used 10585K [0x00000000bce00000, 0x00000000be2c0000, 0x00000000c7400000)
  object space 21248K, 49% used [0x00000000bce00000,0x00000000bd856780,0x00000000be2c0000)

Code Cache  [0x00007fbcdd000000, 0x00007fbcdd270000, 0x00007fbce0000000)
 total_blobs=528 nmethods=39 adapters=444 free_code_cache=49647040 largest_free_block=16448

Dynamic libraries:
00400000-00409000 r-xp 00000000 07:00 451881                             /usr/lib/jvm/java-6-openjdk-amd64/jre/bin/java
00608000-00609000 r--p 00008000 07:00 451881                             /usr/lib/jvm/java-6-openjdk-amd64/jre/bin/java
00609000-0060a000 rw-p 00009000 07:00 451881                             /usr/lib/jvm/java-6-openjdk-amd64/jre/bin/java
011d5000-011f6000 rw-p 00000000 00:00 0                                  [heap]
bce00000-be2c0000 rw-p 00000000 00:00 0 
be2c0000-c7400000 rw-p 00000000 00:00 0 
c7400000-c99e0000 rw-p 00000000 00:00 0 
c99e0000-ed160000 rw-p 00000000 00:00 0 
ed160000-ee440000 rw-p 00000000 00:00 0 
ee440000-100000000 rw-p 00000000 00:00 0 
7fbc7c000000-7fbc7c021000 rw-p 00000000 00:00 0 
7fbc7c021000-7fbc80000000 ---p 00000000 00:00 0 
7fbc84000000-7fbc84021000 rw-p 00000000 00:00 0 
7fbc84021000-7fbc88000000 ---p 00000000 00:00 0 
7fbc88000000-7fbc8926b000 rw-p 00000000 00:00 0 
7fbc8926b000-7fbc8c000000 ---p 00000000 00:00 0 
7fbc8c000000-7fbc8c021000 rw-p 00000000 00:00 0 
7fbc8c021000-7fbc90000000 ---p 00000000 00:00 0 
7fbc93fff000-7fbc98000000 rw-s 00000000 00:12 183119                     /run/shm/pulse-shm-3283103355
7fbc98000000-7fbc98021000 rw-p 00000000 00:00 0 
7fbc98021000-7fbc9c000000 ---p 00000000 00:00 0 
7fbc9c000000-7fbc9c021000 rw-p 00000000 00:00 0 
7fbc9c021000-7fbca0000000 ---p 00000000 00:00 0 
7fbca0000000-7fbca0021000 rw-p 00000000 00:00 0 
7fbca0021000-7fbca4000000 ---p 00000000 00:00 0 
7fbca4000000-7fbca4021000 rw-p 00000000 00:00 0 
7fbca4021000-7fbca8000000 ---p 00000000 00:00 0 
7fbca8000000-7fbca875b000 rw-p 00000000 00:00 0 
7fbca875b000-7fbcac000000 ---p 00000000 00:00 0 
7fbcac000000-7fbcac8b0000 rw-p 00000000 00:00 0 
7fbcac8b0000-7fbcb0000000 ---p 00000000 00:00 0 
7fbcb0000000-7fbcb0021000 rw-p 00000000 00:00 0 
7fbcb0021000-7fbcb4000000 ---p 00000000 00:00 0 
7fbcb4000000-7fbcb4021000 rw-p 00000000 00:00 0 
7fbcb4021000-7fbcb8000000 ---p 00000000 00:00 0 
7fbcb8000000-7fbcb8021000 rw-p 00000000 00:00 0 
7fbcb8021000-7fbcbc000000 ---p 00000000 00:00 0 
7fbcbc000000-7fbcbc021000 rw-p 00000000 00:00 0 
7fbcbc021000-7fbcc0000000 ---p 00000000 00:00 0 
7fbcc0000000-7fbcc0021000 rw-p 00000000 00:00 0 
7fbcc0021000-7fbcc4000000 ---p 00000000 00:00 0 
7fbcc6800000-7fbcc8000000 rw-s 117207000 00:05 989                       /dev/dri/card0
7fbcc8000000-7fbcc8021000 rw-p 00000000 00:00 0 
7fbcc8021000-7fbccc000000 ---p 00000000 00:00 0 
7fbccdfd5000-7fbccdfe1000 rw-s 119069000 00:05 989                       /dev/dri/card0
7fbccdfe1000-7fbccdfe2000 rw-s 119068000 00:05 989                       /dev/dri/card0
7fbccdfe2000-7fbccdfe3000 rw-s 119067000 00:05 989                       /dev/dri/card0
7fbccdfe3000-7fbcce043000 rw-s 119007000 00:05 989                       /dev/dri/card0
7fbcce043000-7fbcce643000 rw-s 118a07000 00:05 989                       /dev/dri/card0
7fbcce643000-7fbccef48000 rw-p 00000000 00:00 0 
7fbccef48000-7fbccef50000 r-xp 00000000 07:00 18028                      /usr/lib/x86_64-linux-gnu/libpciaccess.so.0.11.0
7fbccef50000-7fbccf14f000 ---p 00008000 07:00 18028                      /usr/lib/x86_64-linux-gnu/libpciaccess.so.0.11.0
7fbccf14f000-7fbccf150000 r--p 00007000 07:00 18028                      /usr/lib/x86_64-linux-gnu/libpciaccess.so.0.11.0
7fbccf150000-7fbccf151000 rw-p 00008000 07:00 18028                      /usr/lib/x86_64-linux-gnu/libpciaccess.so.0.11.0
7fbccf151000-7fbccf16d000 r-xp 00000000 07:00 18041                      /usr/lib/x86_64-linux-gnu/libdrm_intel.so.1.0.0
7fbccf16d000-7fbccf36c000 ---p 0001c000 07:00 18041                      /usr/lib/x86_64-linux-gnu/libdrm_intel.so.1.0.0
7fbccf36c000-7fbccf36d000 r--p 0001b000 07:00 18041                      /usr/lib/x86_64-linux-gnu/libdrm_intel.so.1.0.0
7fbccf36d000-7fbccf36e000 rw-p 0001c000 07:00 18041                      /usr/lib/x86_64-linux-gnu/libdrm_intel.so.1.0.0
7fbccf36e000-7fbccf395000 r-xp 00000000 07:00 205974                     /lib/x86_64-linux-gnu/libexpat.so.1.5.2
7fbccf395000-7fbccf595000 ---p 00027000 07:00 205974                     /lib/x86_64-linux-gnu/libexpat.so.1.5.2
7fbccf595000-7fbccf597000 r--p 00027000 07:00 205974                     /lib/x86_64-linux-gnu/libexpat.so.1.5.2
7fbccf597000-7fbccf598000 rw-p 00029000 07:00 205974                     /lib/x86_64-linux-gnu/libexpat.so.1.5.2
7fbccf598000-7fbccf6be000 r-xp 00000000 07:00 158344                     /usr/lib/x86_64-linux-gnu/dri/libglsl.so
7fbccf6be000-7fbccf8bd000 ---p 00126000 07:00 158344                     /usr/lib/x86_64-linux-gnu/dri/libglsl.so
7fbccf8bd000-7fbccf8c6000 r--p 00125000 07:00 158344                     /usr/lib/x86_64-linux-gnu/dri/libglsl.so
7fbccf8c6000-7fbccf8c9000 rw-p 0012e000 07:00 158344                     /usr/lib/x86_64-linux-gnu/dri/libglsl.so
7fbccf8c9000-7fbccf8ca000 rw-p 00000000 00:00 0 
7fbccf8ca000-7fbccfb08000 r-xp 00000000 07:00 158343                     /usr/lib/x86_64-linux-gnu/dri/libdricore.so
7fbccfb08000-7fbccfd08000 ---p 0023e000 07:00 158343                     /usr/lib/x86_64-linux-gnu/dri/libdricore.so
7fbccfd08000-7fbccfd12000 r--p 0023e000 07:00 158343                     /usr/lib/x86_64-linux-gnu/dri/libdricore.so
7fbccfd12000-7fbccfd15000 rw-p 00248000 07:00 158343                     /usr/lib/x86_64-linux-gnu/dri/libdricore.so
7fbccfd15000-7fbccfd2b000 rw-p 00000000 00:00 0 
7fbccfd2b000-7fbccfdf9000 r-xp 00000000 07:00 158341                     /usr/lib/x86_64-linux-gnu/dri/i965_dri.so
7fbccfdf9000-7fbccfff9000 ---p 000ce000 07:00 158341                     /usr/lib/x86_64-linux-gnu/dri/i965_dri.so
7fbccfff9000-7fbccfffc000 r--p 000ce000 07:00 158341                     /usr/lib/x86_64-linux-gnu/dri/i965_dri.so
7fbccfffc000-7fbcd0000000 rw-p 000d1000 07:00 158341                     /usr/lib/x86_64-linux-gnu/dri/i965_dri.so
7fbcd0000000-7fbcd0021000 rw-p 00000000 00:00 0 
7fbcd0021000-7fbcd4000000 ---p 00000000 00:00 0 
7fbcd4032000-7fbcd41b1000 rw-p 00000000 00:00 0 
7fbcd41b1000-7fbcd41bb000 r-xp 00000000 07:00 18113                      /usr/lib/x86_64-linux-gnu/libdrm.so.2.4.0
7fbcd41bb000-7fbcd43ba000 ---p 0000a000 07:00 18113                      /usr/lib/x86_64-linux-gnu/libdrm.so.2.4.0
7fbcd43ba000-7fbcd43bb000 r--p 00009000 07:00 18113                      /usr/lib/x86_64-linux-gnu/libdrm.so.2.4.0
7fbcd43bb000-7fbcd43bc000 rw-p 0000a000 07:00 18113                      /usr/lib/x86_64-linux-gnu/libdrm.so.2.4.0
7fbcd43bc000-7fbcd43d1000 r-xp 00000000 07:00 18191                      /usr/lib/x86_64-linux-gnu/libxcb-glx.so.0.0.0
7fbcd43d1000-7fbcd45d0000 ---p 00015000 07:00 18191                      /usr/lib/x86_64-linux-gnu/libxcb-glx.so.0.0.0
7fbcd45d0000-7fbcd45d2000 r--p 00014000 07:00 18191                      /usr/lib/x86_64-linux-gnu/libxcb-glx.so.0.0.0
7fbcd45d2000-7fbcd45d3000 rw-p 00016000 07:00 18191                      /usr/lib/x86_64-linux-gnu/libxcb-glx.so.0.0.0
7fbcd45d3000-7fbcd45d4000 r-xp 00000000 07:00 17710                      /usr/lib/x86_64-linux-gnu/libX11-xcb.so.1.0.0
7fbcd45d4000-7fbcd47d3000 ---p 00001000 07:00 17710                      /usr/lib/x86_64-linux-gnu/libX11-xcb.so.1.0.0
7fbcd47d3000-7fbcd47d4000 r--p 00000000 07:00 17710                      /usr/lib/x86_64-linux-gnu/libX11-xcb.so.1.0.0
7fbcd47d4000-7fbcd47d5000 rw-p 00001000 07:00 17710                      /usr/lib/x86_64-linux-gnu/libX11-xcb.so.1.0.0
7fbcd47d5000-7fbcd47d7000 r-xp 00000000 07:00 17788                      /usr/lib/x86_64-linux-gnu/libXdamage.so.1.1.0
7fbcd47d7000-7fbcd49d6000 ---p 00002000 07:00 17788                      /usr/lib/x86_64-linux-gnu/libXdamage.so.1.1.0
7fbcd49d6000-7fbcd49d7000 r--p 00001000 07:00 17788                      /usr/lib/x86_64-linux-gnu/libXdamage.so.1.1.0
7fbcd49d7000-7fbcd49d8000 rw-p 00002000 07:00 17788                      /usr/lib/x86_64-linux-gnu/libXdamage.so.1.1.0
7fbcd49d8000-7fbcd49f9000 r-xp 00000000 07:00 18309                      /usr/lib/x86_64-linux-gnu/libglapi.so.0.0.0
7fbcd49f9000-7fbcd4bf8000 ---p 00021000 07:00 18309                      /usr/lib/x86_64-linux-gnu/libglapi.so.0.0.0
7fbcd4bf8000-7fbcd4bfb000 r--p 00020000 07:00 18309                      /usr/lib/x86_64-linux-gnu/libglapi.so.0.0.0
7fbcd4bfb000-7fbcd4bfc000 rw-p 00023000 07:00 18309                      /usr/lib/x86_64-linux-gnu/libglapi.so.0.0.0
7fbcd4bfc000-7fbcd4bfd000 rw-p 00000000 00:00 0 
7fbcd4bfd000-7fbcd4c5a000 r-xp 00000000 07:00 18048                      /usr/lib/x86_64-linux-gnu/mesa/libGL.so.1.2
7fbcd4c5a000-7fbcd4e59000 ---p 0005d000 07:00 18048                      /usr/lib/x86_64-linux-gnu/mesa/libGL.so.1.2
7fbcd4e59000-7fbcd4e5b000 r--p 0005c000 07:00 18048                      /usr/lib/x86_64-linux-gnu/mesa/libGL.so.1.2
7fbcd4e5b000-7fbcd4e5c000 rw-p 0005e000 07:00 18048                      /usr/lib/x86_64-linux-gnu/mesa/libGL.so.1.2
7fbcd4e5c000-7fbcd4e5d000 rw-p 00000000 00:00 0 
7fbcd4e5d000-7fbcd4e60000 ---p 00000000 00:00 0 
7fbcd4e60000-7fbcd4f5e000 rw-p 00000000 00:00 0 
7fbcd4f5e000-7fbcd4f61000 ---p 00000000 00:00 0 
7fbcd4f61000-7fbcd505f000 rw-p 00000000 00:00 0 
7fbcd505f000-7fbcd5060000 ---p 00000000 00:00 0 
7fbcd5060000-7fbcd5860000 rw-p 00000000 00:00 0 
7fbcd5860000-7fbcd5878000 r-xp 00000000 07:00 1669136                    /lib/x86_64-linux-gnu/libresolv-2.15.so
7fbcd5878000-7fbcd5a78000 ---p 00018000 07:00 1669136                    /lib/x86_64-linux-gnu/libresolv-2.15.so
7fbcd5a78000-7fbcd5a79000 r--p 00018000 07:00 1669136                    /lib/x86_64-linux-gnu/libresolv-2.15.so
7fbcd5a79000-7fbcd5a7a000 rw-p 00019000 07:00 1669136                    /lib/x86_64-linux-gnu/libresolv-2.15.so
7fbcd5a7a000-7fbcd5a7c000 rw-p 00000000 00:00 0 
7fbcd5a7c000-7fbcd5a82000 r-xp 00000000 07:00 18146                      /usr/lib/x86_64-linux-gnu/libogg.so.0.7.1
7fbcd5a82000-7fbcd5c81000 ---p 00006000 07:00 18146                      /usr/lib/x86_64-linux-gnu/libogg.so.0.7.1
7fbcd5c81000-7fbcd5c82000 r--p 00005000 07:00 18146                      /usr/lib/x86_64-linux-gnu/libogg.so.0.7.1
7fbcd5c82000-7fbcd5c83000 rw-p 00006000 07:00 18146                      /usr/lib/x86_64-linux-gnu/libogg.so.0.7.1
7fbcd5c83000-7fbcd5cae000 r-xp 00000000 07:00 18030                      /usr/lib/x86_64-linux-gnu/libvorbis.so.0.4.5
7fbcd5cae000-7fbcd5ead000 ---p 0002b000 07:00 18030                      /usr/lib/x86_64-linux-gnu/libvorbis.so.0.4.5
7fbcd5ead000-7fbcd5eae000 r--p 0002a000 07:00 18030                      /usr/lib/x86_64-linux-gnu/libvorbis.so.0.4.5
7fbcd5eae000-7fbcd5eaf000 rw-p 0002b000 07:00 18030                      /usr/lib/x86_64-linux-gnu/libvorbis.so.0.4.5
7fbcd5eaf000-7fbcd6162000 r-xp 00000000 07:00 17952                      /usr/lib/x86_64-linux-gnu/libvorbisenc.so.2.0.8
7fbcd6162000-7fbcd6361000 ---p 002b3000 07:00 17952                      /usr/lib/x86_64-linux-gnu/libvorbisenc.so.2.0.8
7fbcd6361000-7fbcd637d000 r--p 002b2000 07:00 17952                      /usr/lib/x86_64-linux-gnu/libvorbisenc.so.2.0.8
7fbcd637d000-7fbcd637e000 rw-p 002ce000 07:00 17952                      /usr/lib/x86_64-linux-gnu/libvorbisenc.so.2.0.8
7fbcd637e000-7fbcd63c6000 r-xp 00000000 07:00 18108                      /usr/lib/x86_64-linux-gnu/libFLAC.so.8.2.0
7fbcd63c6000-7fbcd65c6000 ---p 00048000 07:00 18108                      /usr/lib/x86_64-linux-gnu/libFLAC.so.8.2.0
7fbcd65c6000-7fbcd65c7000 r--p 00048000 07:00 18108                      /usr/lib/x86_64-linux-gnu/libFLAC.so.8.2.0
7fbcd65c7000-7fbcd65c8000 rw-p 00049000 07:00 18108                      /usr/lib/x86_64-linux-gnu/libFLAC.so.8.2.0
7fbcd65c8000-7fbcd65cd000 r-xp 00000000 07:00 17673                      /usr/lib/x86_64-linux-gnu/libasyncns.so.0.3.1
7fbcd65cd000-7fbcd67cc000 ---p 00005000 07:00 17673                      /usr/lib/x86_64-linux-gnu/libasyncns.so.0.3.1
7fbcd67cc000-7fbcd67cd000 r--p 00004000 07:00 17673                      /usr/lib/x86_64-linux-gnu/libasyncns.so.0.3.1
7fbcd67cd000-7fbcd67ce000 rw-p 00005000 07:00 17673                      /usr/lib/x86_64-linux-gnu/libasyncns.so.0.3.1
7fbcd67ce000-7fbcd682e000 r-xp 00000000 07:00 18057                      /usr/lib/x86_64-linux-gnu/libsndfile.so.1.0.25
7fbcd682e000-7fbcd6a2e000 ---p 00060000 07:00 18057                      /usr/lib/x86_64-linux-gnu/libsndfile.so.1.0.25
7fbcd6a2e000-7fbcd6a30000 r--p 00060000 07:00 18057                      /usr/lib/x86_64-linux-gnu/libsndfile.so.1.0.25
7fbcd6a30000-7fbcd6a31000 rw-p 00062000 07:00 18057                      /usr/lib/x86_64-linux-gnu/libsndfile.so.1.0.25
7fbcd6a31000-7fbcd6a35000 rw-p 00000000 00:00 0 
7fbcd6a35000-7fbcd6a3d000 r-xp 00000000 07:00 205969                     /lib/x86_64-linux-gnu/libwrap.so.0.7.6
7fbcd6a3d000-7fbcd6c3c000 ---p 00008000 07:00 205969                     /lib/x86_64-linux-gnu/libwrap.so.0.7.6
7fbcd6c3c000-7fbcd6c3d000 r--p 00007000 07:00 205969                     /lib/x86_64-linux-gnu/libwrap.so.0.7.6
7fbcd6c3d000-7fbcd6c3e000 rw-p 00008000 07:00 205969                     /lib/x86_64-linux-gnu/libwrap.so.0.7.6
7fbcd6c3e000-7fbcd6c80000 r-xp 00000000 07:00 1669157                    /lib/x86_64-linux-gnu/libdbus-1.so.3.5.8
7fbcd6c80000-7fbcd6e80000 ---p 00042000 07:00 1669157                    /lib/x86_64-linux-gnu/libdbus-1.so.3.5.8
7fbcd6e80000-7fbcd6e81000 r--p 00042000 07:00 1669157                    /lib/x86_64-linux-gnu/libdbus-1.so.3.5.8
7fbcd6e81000-7fbcd6e82000 rw-p 00043000 07:00 1669157                    /lib/x86_64-linux-gnu/libdbus-1.so.3.5.8
7fbcd6e82000-7fbcd6ede000 r-xp 00000000 07:00 17842                      /usr/lib/x86_64-linux-gnu/libpulsecommon-1.1.so
7fbcd6ede000-7fbcd70de000 ---p 0005c000 07:00 17842                      /usr/lib/x86_64-linux-gnu/libpulsecommon-1.1.so
7fbcd70de000-7fbcd70df000 r--p 0005c000 07:00 17842                      /usr/lib/x86_64-linux-gnu/libpulsecommon-1.1.so
7fbcd70df000-7fbcd70e0000 rw-p 0005d000 07:00 17842                      /usr/lib/x86_64-linux-gnu/libpulsecommon-1.1.so
7fbcd70e0000-7fbcd70e7000 r-xp 00000000 07:00 18171                      /usr/lib/x86_64-linux-gnu/libjson.so.0.0.1
7fbcd70e7000-7fbcd72e6000 ---p 00007000 07:00 18171                      /usr/lib/x86_64-linux-gnu/libjson.so.0.0.1
7fbcd72e6000-7fbcd72e7000 r--p 00006000 07:00 18171                      /usr/lib/x86_64-linux-gnu/libjson.so.0.0.1
7fbcd72e7000-7fbcd72e8000 rw-p 00007000 07:00 18171                      /usr/lib/x86_64-linux-gnu/libjson.so.0.0.1
7fbcd72e8000-7fbcd732e000 r-xp 00000000 07:00 18051                      /usr/lib/x86_64-linux-gnu/libpulse.so.0.13.5
7fbcd732e000-7fbcd752e000 ---p 00046000 07:00 18051                      /usr/lib/x86_64-linux-gnu/libpulse.so.0.13.5
7fbcd752e000-7fbcd752f000 r--p 00046000 07:00 18051                      /usr/lib/x86_64-linux-gnu/libpulse.so.0.13.5
7fbcd752f000-7fbcd7530000 rw-p 00047000 07:00 18051                      /usr/lib/x86_64-linux-gnu/libpulse.so.0.13.5
7fbcd7530000-7fbcd7582000 r-xp 00000000 07:00 242727                     /tmp/libgdxwhirlwind/3748766729/libopenal64.so
7fbcd7582000-7fbcd7781000 ---p 00052000 07:00 242727                     /tmp/libgdxwhirlwind/3748766729/libopenal64.so
7fbcd7781000-7fbcd7783000 r--p 00051000 07:00 242727                     /tmp/libgdxwhirlwind/3748766729/libopenal64.so
7fbcd7783000-7fbcd7784000 rw-p 00053000 07:00 242727                     /tmp/libgdxwhirlwind/3748766729/libopenal64.so
7fbcd7784000-7fbcd7785000 rw-p 00000000 00:00 0 
7fbcd7785000-7fbcd7789000 r-xp 00000000 07:00 17736                      /usr/lib/x86_64-linux-gnu/libXxf86vm.so.1.0.0
7fbcd7789000-7fbcd7988000 ---p 00004000 07:00 17736                      /usr/lib/x86_64-linux-gnu/libXxf86vm.so.1.0.0
7fbcd7988000-7fbcd7989000 r--p 00003000 07:00 17736                      /usr/lib/x86_64-linux-gnu/libXxf86vm.so.1.0.0
7fbcd7989000-7fbcd798a000 rw-p 00004000 07:00 17736                      /usr/lib/x86_64-linux-gnu/libXxf86vm.so.1.0.0
7fbcd798a000-7fbcd7992000 r-xp 00000000 07:00 18229                      /usr/lib/x86_64-linux-gnu/libXrandr.so.2.2.0
7fbcd7992000-7fbcd7b91000 ---p 00008000 07:00 18229                      /usr/lib/x86_64-linux-gnu/libXrandr.so.2.2.0
7fbcd7b91000-7fbcd7b92000 r--p 00007000 07:00 18229                      /usr/lib/x86_64-linux-gnu/libXrandr.so.2.2.0
7fbcd7b92000-7fbcd7b93000 rw-p 00008000 07:00 18229                      /usr/lib/x86_64-linux-gnu/libXrandr.so.2.2.0
7fbcd7b93000-7fbcd7bfb000 r-xp 00000000 07:00 242728                     /tmp/libgdxwhirlwind/3748766729/liblwjgl64.so
7fbcd7bfb000-7fbcd7dfb000 ---p 00068000 07:00 242728                     /tmp/libgdxwhirlwind/3748766729/liblwjgl64.so
7fbcd7dfb000-7fbcd7dfd000 r--p 00068000 07:00 242728                     /tmp/libgdxwhirlwind/3748766729/liblwjgl64.so
7fbcd7dfd000-7fbcd7dfe000 rw-p 0006a000 07:00 242728                     /tmp/libgdxwhirlwind/3748766729/liblwjgl64.so
7fbcd7dfe000-7fbcd7dff000 r-xp 00000000 07:00 451877                     /usr/lib/jvm/java-6-openjdk-amd64/jre/lib/amd64/libjawt.so
7fbcd7dff000-7fbcd7ffe000 ---p 00001000 07:00 451877                     /usr/lib/jvm/java-6-openjdk-amd64/jre/lib/amd64/libjawt.so
7fbcd7ffe000-7fbcd7fff000 r--p 00000000 07:00 451877                     /usr/lib/jvm/java-6-openjdk-amd64/jre/lib/amd64/libjawt.so
7fbcd7fff000-7fbcd8000000 rw-p 00001000 07:00 451877                     /usr/lib/jvm/java-6-openjdk-amd64/jre/lib/amd64/libjawt.so
7fbcd8000000-7fbcd8021000 rw-p 00000000 00:00 0 
7fbcd8021000-7fbcdc000000 ---p 00000000 00:00 0 
7fbcdc003000-7fbcdc050000 rw-p 00000000 00:00 0 
7fbcdc0ce000-7fbcdc0cf000 ---p 00000000 00:00 0 
7fbcdc0cf000-7fbcdc1f8000 rw-p 00000000 00:00 0 
7fbcdc1f8000-7fbcdc1fb000 ---p 00000000 00:00 0 
7fbcdc1fb000-7fbcdc2f9000 rw-p 00000000 00:00 0 
7fbcdc2f9000-7fbcdc2fe000 r-xp 00000000 07:00 18204                      /usr/lib/x86_64-linux-gnu/libXfixes.so.3.1.0
7fbcdc2fe000-7fbcdc4fd000 ---p 00005000 07:00 18204                      /usr/lib/x86_64-linux-gnu/libXfixes.so.3.1.0
7fbcdc4fd000-7fbcdc4fe000 r--p 00004000 07:00 18204                      /usr/lib/x86_64-linux-gnu/libXfixes.so.3.1.0
7fbcdc4fe000-7fbcdc4ff000 rw-p 00005000 07:00 18204                      /usr/lib/x86_64-linux-gnu/libXfixes.so.3.1.0
7fbcdc4ff000-7fbcdc508000 r-xp 00000000 07:00 18181                      /usr/lib/x86_64-linux-gnu/libXcursor.so.1.0.2
7fbcdc508000-7fbcdc707000 ---p 00009000 07:00 18181                      /usr/lib/x86_64-linux-gnu/libXcursor.so.1.0.2
7fbcdc707000-7fbcdc708000 r--p 00008000 07:00 18181                      /usr/lib/x86_64-linux-gnu/libXcursor.so.1.0.2
7fbcdc708000-7fbcdc709000 rw-p 00009000 07:00 18181                      /usr/lib/x86_64-linux-gnu/libXcursor.so.1.0.2
7fbcdc71f000-7fbcdc7b5000 r-xp 00000000 07:00 17827                      /usr/lib/x86_64-linux-gnu/libfreetype.so.6.8.0
7fbcdc7b5000-7fbcdc9b4000 ---p 00096000 07:00 17827                      /usr/lib/x86_64-linux-gnu/libfreetype.so.6.8.0
7fbcdc9b4000-7fbcdc9ba000 r--p 00095000 07:00 17827                      /usr/lib/x86_64-linux-gnu/libfreetype.so.6.8.0
7fbcdc9ba000-7fbcdc9bb000 rw-p 0009b000 07:00 17827                      /usr/lib/x86_64-linux-gnu/libfreetype.so.6.8.0
7fbcdc9bb000-7fbcdc9f5000 r-xp 00000000 07:00 451862                     /usr/lib/jvm/java-6-openjdk-amd64/jre/lib/amd64/libfontmanager.so
7fbcdc9f5000-7fbcdcbf4000 ---p 0003a000 07:00 451862                     /usr/lib/jvm/java-6-openjdk-amd64/jre/lib/amd64/libfontmanager.so
7fbcdcbf4000-7fbcdcbf6000 r--p 00039000 07:00 451862                     /usr/lib/jvm/java-6-openjdk-amd64/jre/lib/amd64/libfontmanager.so
7fbcdcbf6000-7fbcdcbf7000 rw-p 0003b000 07:00 451862                     /usr/lib/jvm/java-6-openjdk-amd64/jre/lib/amd64/libfontmanager.so
7fbcdcbf7000-7fbcdcbfc000 r-xp 00000000 07:00 17740                      /usr/lib/x86_64-linux-gnu/libXdmcp.so.6.0.0
7fbcdcbfc000-7fbcdcdfb000 ---p 00005000 07:00 17740                      /usr/lib/x86_64-linux-gnu/libXdmcp.so.6.0.0
7fbcdcdfb000-7fbcdcdfc000 r--p 00004000 07:00 17740                      /usr/lib/x86_64-linux-gnu/libXdmcp.so.6.0.0
7fbcdcdfc000-7fbcdcdfd000 rw-p 00005000 07:00 17740                      /usr/lib/x86_64-linux-gnu/libXdmcp.so.6.0.0
7fbcdcdfd000-7fbcdcdff000 r-xp 00000000 07:00 17879                      /usr/lib/x86_64-linux-gnu/libXau.so.6.0.0
7fbcdcdff000-7fbcdcffe000 ---p 00002000 07:00 17879                      /usr/lib/x86_64-linux-gnu/libXau.so.6.0.0
7fbcdcffe000-7fbcdcfff000 r--p 00001000 07:00 17879                      /usr/lib/x86_64-linux-gnu/libXau.so.6.0.0
7fbcdcfff000-7fbcdd000000 rw-p 00002000 07:00 17879                      /usr/lib/x86_64-linux-gnu/libXau.so.6.0.0
7fbcdd000000-7fbcdd270000 rwxp 00000000 00:00 0 
7fbcdd270000-7fbce02e0000 rw-p 00000000 00:00 0 
7fbce02e0000-7fbce4000000 ---p 00000000 00:00 0 
7fbce400d000-7fbce4014000 r--s 00000000 07:00 70537                      /usr/lib/x86_64-linux-gnu/gconv/gconv-modules.cache
7fbce4014000-7fbce4015000 r--s 00000000 07:00 195238                     /var/cache/fontconfig/c05880de57d1f5e948fdfacc138775d9-le64.cache-3
7fbce4015000-7fbce401e000 r--s 00000000 07:00 195032                     /var/cache/fontconfig/945677eb7aeaf62f1d50efc3fb3ec7d8-le64.cache-3
7fbce401e000-7fbce4020000 r--s 00000000 07:00 195236                     /var/cache/fontconfig/99e8ed0e538f840c565b6ed5dad60d56-le64.cache-3
7fbce4020000-7fbce4024000 r--s 00000000 07:00 195235                     /var/cache/fontconfig/2cd17615ca594fa2959ae173292e504c-le64.cache-3
7fbce4024000-7fbce4025000 r--s 00000000 07:00 195234                     /var/cache/fontconfig/e7071f4a29fa870f4323321c154eba04-le64.cache-3
7fbce4025000-7fbce4026000 r--s 00000000 07:00 195233                     /var/cache/fontconfig/0d8c3b2ac0904cb8a57a757ad11a4a08-le64.cache-3
7fbce4026000-7fbce402c000 r--s 00000000 07:00 195232                     /var/cache/fontconfig/a755afe4a08bf5b97852ceb7400b47bc-le64.cache-3
7fbce402c000-7fbce4035000 r--s 00000000 07:00 195231                     /var/cache/fontconfig/6d41288fd70b0be22e8c3a91e032eec0-le64.cache-3
7fbce4035000-7fbce4045000 r--s 00000000 07:00 195230                     /var/cache/fontconfig/04aabc0a78ac019cf9454389977116d2-le64.cache-3
7fbce4045000-7fbce404a000 r--s 00000000 07:00 195229                     /var/cache/fontconfig/eb48934c523a49add3824bfad8846c40-le64.cache-3
7fbce404a000-7fbce404f000 r--s 00000000 07:00 195228                     /var/cache/fontconfig/385c0604a188198f04d133e54aba7fe7-le64.cache-3
7fbce404f000-7fbce4050000 r--s 00000000 07:00 195227                     /var/cache/fontconfig/4794a0821666d79190d59a36cb4f44b5-le64.cache-3
7fbce4050000-7fbce4053000 r--s 00000000 07:00 195226                     /var/cache/fontconfig/8801497958630a81b71ace7c5f9b32a8-le64.cache-3
7fbce4053000-7fbce4058000 r--s 00000000 07:00 195225                     /var/cache/fontconfig/3047814df9a2f067bd2d96a2b9c36e5a-le64.cache-3
7fbce4058000-7fbce4059000 r--s 00000000 07:00 195224                     /var/cache/fontconfig/56cf4f4769d0f4abc89a4895d7bd3ae1-le64.cache-3
7fbce4059000-7fbce405a000 r--s 00000000 07:00 195223                     /var/cache/fontconfig/b9d506c9ac06c20b433354fa67a72993-le64.cache-3
7fbce405a000-7fbce405f000 r--s 00000000 07:00 195222                     /var/cache/fontconfig/b47c4e1ecd0709278f4910c18777a504-le64.cache-3
7fbce405f000-7fbce406f000 r--s 00000000 07:00 195221                     /var/cache/fontconfig/d52a8644073d54c13679302ca1180695-le64.cache-3
7fbce406f000-7fbce4073000 r--s 00000000 07:00 195219                     /var/cache/fontconfig/6c08beecf0dac481ec92e759e0c2e6d7-le64.cache-3
7fbce4073000-7fbce4077000 r--s 00000000 07:00 195218                     /var/cache/fontconfig/4d6aee6d44eccb37054d3216e945f618-le64.cache-3
7fbce4077000-7fbce4078000 r--s 00000000 07:00 195217                     /var/cache/fontconfig/62f91419b9ebdb6975e7e41ab6412357-le64.cache-3
7fbce4078000-7fbce407b000 r--s 00000000 07:00 195210                     /var/cache/fontconfig/e13b20fdb08344e0e664864cc2ede53d-le64.cache-3
7fbce407b000-7fbce407f000 r--s 00000000 07:00 195220                     /var/cache/fontconfig/7ef2298fde41cc6eeb7af42e48b7d293-le64.cache-3
7fbce407f000-7fbce4080000 r--s 00000000 07:00 195238                     /var/cache/fontconfig/c05880de57d1f5e948fdfacc138775d9-le64.cache-3
7fbce4080000-7fbce4089000 r--s 00000000 07:00 195032                     /var/cache/fontconfig/945677eb7aeaf62f1d50efc3fb3ec7d8-le64.cache-3
7fbce4089000-7fbce408b000 r--s 00000000 07:00 195236                     /var/cache/fontconfig/99e8ed0e538f840c565b6ed5dad60d56-le64.cache-3
7fbce408b000-7fbce408f000 r--s 00000000 07:00 195235                     /var/cache/fontconfig/2cd17615ca594fa2959ae173292e504c-le64.cache-3
7fbce408f000-7fbce4090000 r--s 00000000 07:00 195234                     /var/cache/fontconfig/e7071f4a29fa870f4323321c154eba04-le64.cache-3
7fbce4090000-7fbce4091000 r--s 00000000 07:00 195233                     /var/cache/fontconfig/0d8c3b2ac0904cb8a57a757ad11a4a08-le64.cache-3
7fbce4091000-7fbce4097000 r--s 00000000 07:00 195232                     /var/cache/fontconfig/a755afe4a08bf5b97852ceb7400b47bc-le64.cache-3
7fbce4097000-7fbce40a0000 r--s 00000000 07:00 195231                     /var/cache/fontconfig/6d41288fd70b0be22e8c3a91e032eec0-le64.cache-3
7fbce40a0000-7fbce40b0000 r--s 00000000 07:00 195230                     /var/cache/fontconfig/04aabc0a78ac019cf9454389977116d2-le64.cache-3
7fbce40b0000-7fbce40b5000 r--s 00000000 07:00 195229                     /var/cache/fontconfig/eb48934c523a49add3824bfad8846c40-le64.cache-3
7fbce40b5000-7fbce40ba000 r--s 00000000 07:00 195228                     /var/cache/fontconfig/385c0604a188198f04d133e54aba7fe7-le64.cache-3
7fbce40ba000-7fbce40bb000 r--s 00000000 07:00 195227                     /var/cache/fontconfig/4794a0821666d79190d59a36cb4f44b5-le64.cache-3
7fbce40bb000-7fbce40be000 r--s 00000000 07:00 195226                     /var/cache/fontconfig/8801497958630a81b71ace7c5f9b32a8-le64.cache-3
7fbce40be000-7fbce40c1000 ---p 00000000 00:00 0 
7fbce40c1000-7fbce41bf000 rw-p 00000000 00:00 0 
7fbce41bf000-7fbce41dc000 r-xp 00000000 07:00 17998                      /usr/lib/x86_64-linux-gnu/libxcb.so.1.1.0
7fbce41dc000-7fbce43db000 ---p 0001d000 07:00 17998                      /usr/lib/x86_64-linux-gnu/libxcb.so.1.1.0
7fbce43db000-7fbce43dc000 r--p 0001c000 07:00 17998                      /usr/lib/x86_64-linux-gnu/libxcb.so.1.1.0
7fbce43dc000-7fbce43dd000 rw-p 0001d000 07:00 17998                      /usr/lib/x86_64-linux-gnu/libxcb.so.1.1.0
7fbce43dd000-7fbce43eb000 r-xp 00000000 07:00 17734                      /usr/lib/x86_64-linux-gnu/libXi.so.6.1.0
7fbce43eb000-7fbce45ea000 ---p 0000e000 07:00 17734                      /usr/lib/x86_64-linux-gnu/libXi.so.6.1.0
7fbce45ea000-7fbce45eb000 r--p 0000d000 07:00 17734                      /usr/lib/x86_64-linux-gnu/libXi.so.6.1.0
7fbce45eb000-7fbce45ec000 rw-p 0000e000 07:00 17734                      /usr/lib/x86_64-linux-gnu/libXi.so.6.1.0
7fbce45ec000-7fbce45f1000 r-xp 00000000 07:00 18243                      /usr/lib/x86_64-linux-gnu/libXtst.so.6.1.0
7fbce45f1000-7fbce47f0000 ---p 00005000 07:00 18243                      /usr/lib/x86_64-linux-gnu/libXtst.so.6.1.0
7fbce47f0000-7fbce47f1000 r--p 00004000 07:00 18243                      /usr/lib/x86_64-linux-gnu/libXtst.so.6.1.0
7fbce47f1000-7fbce47f2000 rw-p 00005000 07:00 18243                      /usr/lib/x86_64-linux-gnu/libXtst.so.6.1.0
7fbce47f2000-7fbce47fb000 r-xp 00000000 07:00 17961                      /usr/lib/x86_64-linux-gnu/libXrender.so.1.3.0
7fbce47fb000-7fbce49fa000 ---p 00009000 07:00 17961                      /usr/lib/x86_64-linux-gnu/libXrender.so.1.3.0
7fbce49fa000-7fbce49fb000 r--p 00008000 07:00 17961                      /usr/lib/x86_64-linux-gnu/libXrender.so.1.3.0
7fbce49fb000-7fbce49fc000 rw-p 00009000 07:00 17961                      /usr/lib/x86_64-linux-gnu/libXrender.so.1.3.0
7fbce49fc000-7fbce4b2b000 r-xp 00000000 07:00 17876                      /usr/lib/x86_64-linux-gnu/libX11.so.6.3.0
7fbce4b2b000-7fbce4d2b000 ---p 0012f000 07:00 17876                      /usr/lib/x86_64-linux-gnu/libX11.so.6.3.0
7fbce4d2b000-7fbce4d2c000 r--p 0012f000 07:00 17876                      /usr/lib/x86_64-linux-gnu/libX11.so.6.3.0
7fbce4d2c000-7fbce4d30000 rw-p 00130000 07:00 17876                      /usr/lib/x86_64-linux-gnu/libX11.so.6.3.0
7fbce4d30000-7fbce4d40000 r-xp 00000000 07:00 18163                      /usr/lib/x86_64-linux-gnu/libXext.so.6.4.0
7fbce4d40000-7fbce4f3f000 ---p 00010000 07:00 18163                      /usr/lib/x86_64-linux-gnu/libXext.so.6.4.0
7fbce4f3f000-7fbce4f40000 r--p 0000f000 07:00 18163                      /usr/lib/x86_64-linux-gnu/libXext.so.6.4.0
7fbce4f40000-7fbce4f41000 rw-p 00010000 07:00 18163                      /usr/lib/x86_64-linux-gnu/libXext.so.6.4.0
7fbce4f41000-7fbce4f8c000 r-xp 00000000 07:00 461896                     /usr/lib/jvm/java-6-openjdk-amd64/jre/lib/amd64/xawt/libmawt.so
7fbce4f8c000-7fbce518c000 ---p 0004b000 07:00 461896                     /usr/lib/jvm/java-6-openjdk-amd64/jre/lib/amd64/xawt/libmawt.so
7fbce518c000-7fbce518d000 r--p 0004b000 07:00 461896                     /usr/lib/jvm/java-6-openjdk-amd64/jre/lib/amd64/xawt/libmawt.so
7fbce518d000-7fbce5190000 rw-p 0004c000 07:00 461896                     /usr/lib/jvm/java-6-openjdk-amd64/jre/lib/amd64/xawt/libmawt.so
7fbce5190000-7fbce5191000 rw-p 00000000 00:00 0 
7fbce5191000-7fbce523d000 r-xp 00000000 07:00 451865                     /usr/lib/jvm/java-6-openjdk-amd64/jre/lib/amd64/libawt.so
7fbce523d000-7fbce543c000 ---p 000ac000 07:00 451865                     /usr/lib/jvm/java-6-openjdk-amd64/jre/lib/amd64/libawt.so
7fbce543c000-7fbce543d000 r--p 000ab000 07:00 451865                     /usr/lib/jvm/java-6-openjdk-amd64/jre/lib/amd64/libawt.so
7fbce543d000-7fbce5448000 rw-p 000ac000 07:00 451865                     /usr/lib/jvm/java-6-openjdk-amd64/jre/lib/amd64/libawt.so
7fbce5448000-7fbce546d000 rw-p 00000000 00:00 0 
7fbce546d000-7fbce54e4000 r-xp 00000000 07:00 242726                     /tmp/libgdxwhirlwind/3748766729/libgdx64.so
7fbce54e4000-7fbce56e3000 ---p 00077000 07:00 242726                     /tmp/libgdxwhirlwind/3748766729/libgdx64.so
7fbce56e3000-7fbce56e5000 r--p 00076000 07:00 242726                     /tmp/libgdxwhirlwind/3748766729/libgdx64.so
7fbce56e5000-7fbce56e6000 rw-p 00078000 07:00 242726                     /tmp/libgdxwhirlwind/3748766729/libgdx64.so
7fbce56e6000-7fbce56e7000 rw-p 00000000 00:00 0 
7fbce56e7000-7fbce56ee000 r--s 000fb000 07:00 290861                     /usr/lib/jvm/java-6-openjdk-common/jre/lib/resources.jar
7fbce56ee000-7fbce56ef000 r--s 00001000 07:00 545944                     /home/whirlwind/ScrollNinja/ScrollNinja/libs/bodyeditor-loader.jar
7fbce56ef000-7fbce56f0000 r--s 00000000 07:00 545943                     /home/whirlwind/ScrollNinja/ScrollNinja/libs/bodyeditor-loader-sources.jar
7fbce56f0000-7fbce56f3000 r--s 0007d000 07:00 290851                     /usr/lib/jvm/java-6-openjdk-common/jre/lib/jsse.jar
7fbce56f3000-7fbce5703000 r--s 000ef000 07:00 545806                     /home/whirlwind/ScrollNinja/ScrollNinja/libs/gdx.jar
7fbce5703000-7fbce5704000 r--s 00128000 07:00 543825                     /home/whirlwind/ScrollNinja/ScrollNinja-desktop/libs/gdx-natives.jar
7fbce5704000-7fbce5705000 r--s 00169000 07:00 543822                     /home/whirlwind/ScrollNinja/ScrollNinja-desktop/libs/gdx-backend-lwjgl-natives.jar
7fbce5705000-7fbce5718000 r--s 00140000 07:00 543824                     /home/whirlwind/ScrollNinja/ScrollNinja-desktop/libs/gdx-backend-lwjgl.jar
7fbce5718000-7fbce571a000 r--s 00001000 07:00 294082                     /usr/lib/jvm/java-6-openjdk-common/jre/lib/ext/dnsns.jar
7fbce571a000-7fbce571c000 r--s 0000f000 07:00 294083                     /usr/lib/jvm/java-6-openjdk-common/jre/lib/ext/pulse-java.jar
7fbce571c000-7fbce5720000 r--s 00038000 07:00 294079                     /usr/lib/jvm/java-6-openjdk-common/jre/lib/ext/sunpkcs11.jar
7fbce5720000-7fbce5721000 r--s 00007000 07:00 3232783                    /usr/share/java/java-atk-wrapper.jar
7fbce5721000-7fbce5724000 r--s 00077000 07:00 294080                     /usr/lib/jvm/java-6-openjdk-common/jre/lib/ext/localedata.jar
7fbce5724000-7fbce5727000 r--s 00031000 07:00 294081                     /usr/lib/jvm/java-6-openjdk-common/jre/lib/ext/sunjce_provider.jar
7fbce5727000-7fbce5728000 ---p 00000000 00:00 0 
7fbce5728000-7fbce5828000 rw-p 00000000 00:00 0 
7fbce5828000-7fbce582b000 ---p 00000000 00:00 0 
7fbce582b000-7fbce5929000 rw-p 00000000 00:00 0 
7fbce5929000-7fbce592c000 ---p 00000000 00:00 0 
7fbce592c000-7fbce5a2a000 rw-p 00000000 00:00 0 
7fbce5a2a000-7fbce5a2d000 ---p 00000000 00:00 0 
7fbce5a2d000-7fbce5b2b000 rw-p 00000000 00:00 0 
7fbce5b2b000-7fbce5b2e000 ---p 00000000 00:00 0 
7fbce5b2e000-7fbce5c2c000 rw-p 00000000 00:00 0 
7fbce5c2c000-7fbce5d34000 r--p 00000000 07:00 3458049                    /usr/lib/locale/locale-archive
7fbce5d34000-7fbce5d37000 ---p 00000000 00:00 0 
7fbce5d37000-7fbce5e35000 rw-p 00000000 00:00 0 
7fbce5e35000-7fbce5e38000 ---p 00000000 00:00 0 
7fbce5e38000-7fbce5f36000 rw-p 00000000 00:00 0 
7fbce5f36000-7fbce5f37000 ---p 00000000 00:00 0 
7fbce5f37000-7fbce656f000 rw-p 00000000 00:00 0 
7fbce656f000-7fbce6701000 r--s 037bf000 07:00 451834                     /usr/lib/jvm/java-6-openjdk-amd64/jre/lib/rt.jar
7fbce6701000-7fbce6729000 rw-p 00000000 00:00 0 
7fbce6729000-7fbce672a000 ---p 00000000 00:00 0 
7fbce672a000-7fbce682a000 rw-p 00000000 00:00 0 
7fbce682a000-7fbce682b000 ---p 00000000 00:00 0 
7fbce682b000-7fbce692b000 rw-p 00000000 00:00 0 
7fbce692b000-7fbce692c000 ---p 00000000 00:00 0 
7fbce692c000-7fbce6a2c000 rw-p 00000000 00:00 0 
7fbce6a2c000-7fbce6a2d000 ---p 00000000 00:00 0 
7fbce6a2d000-7fbce6b38000 rw-p 00000000 00:00 0 
7fbce6b38000-7fbce6b80000 rw-p 00000000 00:00 0 
7fbce6b80000-7fbce6b93000 rw-p 00000000 00:00 0 
7fbce6b93000-7fbce6caf000 rw-p 00000000 00:00 0 
7fbce6caf000-7fbce6cba000 rw-p 00000000 00:00 0 
7fbce6cba000-7fbce6d02000 rw-p 00000000 00:00 0 
7fbce6d02000-7fbce6d15000 rw-p 00000000 00:00 0 
7fbce6d15000-7fbce6e30000 rw-p 00000000 00:00 0 
7fbce6e30000-7fbce6e3b000 rw-p 00000000 00:00 0 
7fbce6e3b000-7fbce6ec8000 rw-p 00000000 00:00 0 
7fbce6ec8000-7fbce6ec9000 rw-p 00000000 00:00 0 
7fbce6ec9000-7fbce6ed0000 r-xp 00000000 07:00 451879                     /usr/lib/jvm/java-6-openjdk-amd64/jre/lib/amd64/libzip.so
7fbce6ed0000-7fbce70cf000 ---p 00007000 07:00 451879                     /usr/lib/jvm/java-6-openjdk-amd64/jre/lib/amd64/libzip.so
7fbce70cf000-7fbce70d0000 r--p 00006000 07:00 451879                     /usr/lib/jvm/java-6-openjdk-amd64/jre/lib/amd64/libzip.so
7fbce70d0000-7fbce70d1000 rw-p 00007000 07:00 451879                     /usr/lib/jvm/java-6-openjdk-amd64/jre/lib/amd64/libzip.so
7fbce70d1000-7fbce70dd000 r-xp 00000000 07:00 1669141                    /lib/x86_64-linux-gnu/libnss_files-2.15.so
7fbce70dd000-7fbce72dc000 ---p 0000c000 07:00 1669141                    /lib/x86_64-linux-gnu/libnss_files-2.15.so
7fbce72dc000-7fbce72dd000 r--p 0000b000 07:00 1669141                    /lib/x86_64-linux-gnu/libnss_files-2.15.so
7fbce72dd000-7fbce72de000 rw-p 0000c000 07:00 1669141                    /lib/x86_64-linux-gnu/libnss_files-2.15.so
7fbce72de000-7fbce72e8000 r-xp 00000000 07:00 1669137                    /lib/x86_64-linux-gnu/libnss_nis-2.15.so
7fbce72e8000-7fbce74e8000 ---p 0000a000 07:00 1669137                    /lib/x86_64-linux-gnu/libnss_nis-2.15.so
7fbce74e8000-7fbce74e9000 r--p 0000a000 07:00 1669137                    /lib/x86_64-linux-gnu/libnss_nis-2.15.so
7fbce74e9000-7fbce74ea000 rw-p 0000b000 07:00 1669137                    /lib/x86_64-linux-gnu/libnss_nis-2.15.so
7fbce74ea000-7fbce7501000 r-xp 00000000 07:00 1669150                    /lib/x86_64-linux-gnu/libnsl-2.15.so
7fbce7501000-7fbce7700000 ---p 00017000 07:00 1669150                    /lib/x86_64-linux-gnu/libnsl-2.15.so
7fbce7700000-7fbce7701000 r--p 00016000 07:00 1669150                    /lib/x86_64-linux-gnu/libnsl-2.15.so
7fbce7701000-7fbce7702000 rw-p 00017000 07:00 1669150                    /lib/x86_64-linux-gnu/libnsl-2.15.so
7fbce7702000-7fbce7704000 rw-p 00000000 00:00 0 
7fbce7704000-7fbce770c000 r-xp 00000000 07:00 1669142                    /lib/x86_64-linux-gnu/libnss_compat-2.15.so
7fbce770c000-7fbce790b000 ---p 00008000 07:00 1669142                    /lib/x86_64-linux-gnu/libnss_compat-2.15.so
7fbce790b000-7fbce790c000 r--p 00007000 07:00 1669142                    /lib/x86_64-linux-gnu/libnss_compat-2.15.so
7fbce790c000-7fbce790d000 rw-p 00008000 07:00 1669142                    /lib/x86_64-linux-gnu/libnss_compat-2.15.so
7fbce790d000-7fbce7939000 r-xp 00000000 07:00 451864                     /usr/lib/jvm/java-6-openjdk-amd64/jre/lib/amd64/libjava.so
7fbce7939000-7fbce7b38000 ---p 0002c000 07:00 451864                     /usr/lib/jvm/java-6-openjdk-amd64/jre/lib/amd64/libjava.so
7fbce7b38000-7fbce7b39000 r--p 0002b000 07:00 451864                     /usr/lib/jvm/java-6-openjdk-amd64/jre/lib/amd64/libjava.so
7fbce7b39000-7fbce7b3c000 rw-p 0002c000 07:00 451864                     /usr/lib/jvm/java-6-openjdk-amd64/jre/lib/amd64/libjava.so
7fbce7b3c000-7fbce7b4a000 r-xp 00000000 07:00 451863                     /usr/lib/jvm/java-6-openjdk-amd64/jre/lib/amd64/libverify.so
7fbce7b4a000-7fbce7d49000 ---p 0000e000 07:00 451863                     /usr/lib/jvm/java-6-openjdk-amd64/jre/lib/amd64/libverify.so
7fbce7d49000-7fbce7d4b000 r--p 0000d000 07:00 451863                     /usr/lib/jvm/java-6-openjdk-amd64/jre/lib/amd64/libverify.so
7fbce7d4b000-7fbce7d4c000 rw-p 0000f000 07:00 451863                     /usr/lib/jvm/java-6-openjdk-amd64/jre/lib/amd64/libverify.so
7fbce7d4c000-7fbce7d53000 r-xp 00000000 07:00 1669135                    /lib/x86_64-linux-gnu/librt-2.15.so
7fbce7d53000-7fbce7f52000 ---p 00007000 07:00 1669135                    /lib/x86_64-linux-gnu/librt-2.15.so
7fbce7f52000-7fbce7f53000 r--p 00006000 07:00 1669135                    /lib/x86_64-linux-gnu/librt-2.15.so
7fbce7f53000-7fbce7f54000 rw-p 00007000 07:00 1669135                    /lib/x86_64-linux-gnu/librt-2.15.so
7fbce7f54000-7fbce7f69000 r-xp 00000000 07:00 205964                     /lib/x86_64-linux-gnu/libgcc_s.so.1
7fbce7f69000-7fbce8168000 ---p 00015000 07:00 205964                     /lib/x86_64-linux-gnu/libgcc_s.so.1
7fbce8168000-7fbce8169000 r--p 00014000 07:00 205964                     /lib/x86_64-linux-gnu/libgcc_s.so.1
7fbce8169000-7fbce816a000 rw-p 00015000 07:00 205964                     /lib/x86_64-linux-gnu/libgcc_s.so.1
7fbce816a000-7fbce8263000 r-xp 00000000 07:00 1669139                    /lib/x86_64-linux-gnu/libm-2.15.so
7fbce8263000-7fbce8462000 ---p 000f9000 07:00 1669139                    /lib/x86_64-linux-gnu/libm-2.15.so
7fbce8462000-7fbce8463000 r--p 000f8000 07:00 1669139                    /lib/x86_64-linux-gnu/libm-2.15.so
7fbce8463000-7fbce8464000 rw-p 000f9000 07:00 1669139                    /lib/x86_64-linux-gnu/libm-2.15.so
7fbce8464000-7fbce8546000 r-xp 00000000 07:00 17860                      /usr/lib/x86_64-linux-gnu/libstdc++.so.6.0.16
7fbce8546000-7fbce8745000 ---p 000e2000 07:00 17860                      /usr/lib/x86_64-linux-gnu/libstdc++.so.6.0.16
7fbce8745000-7fbce874d000 r--p 000e1000 07:00 17860                      /usr/lib/x86_64-linux-gnu/libstdc++.so.6.0.16
7fbce874d000-7fbce874f000 rw-p 000e9000 07:00 17860                      /usr/lib/x86_64-linux-gnu/libstdc++.so.6.0.16
7fbce874f000-7fbce8764000 rw-p 00000000 00:00 0 
7fbce8764000-7fbce9068000 r-xp 00000000 07:00 451869                     /usr/lib/jvm/java-6-openjdk-amd64/jre/lib/amd64/server/libjvm.so
7fbce9068000-7fbce9268000 ---p 00904000 07:00 451869                     /usr/lib/jvm/java-6-openjdk-amd64/jre/lib/amd64/server/libjvm.so
7fbce9268000-7fbce92e8000 r--p 00904000 07:00 451869                     /usr/lib/jvm/java-6-openjdk-amd64/jre/lib/amd64/server/libjvm.so
7fbce92e8000-7fbce9303000 rw-p 00984000 07:00 451869                     /usr/lib/jvm/java-6-openjdk-amd64/jre/lib/amd64/server/libjvm.so
7fbce9303000-7fbce932c000 rw-p 00000000 00:00 0 
7fbce932c000-7fbce9342000 r-xp 00000000 07:00 206032                     /lib/x86_64-linux-gnu/libz.so.1.2.3.4
7fbce9342000-7fbce9541000 ---p 00016000 07:00 206032                     /lib/x86_64-linux-gnu/libz.so.1.2.3.4
7fbce9541000-7fbce9542000 r--p 00015000 07:00 206032                     /lib/x86_64-linux-gnu/libz.so.1.2.3.4
7fbce9542000-7fbce9543000 rw-p 00016000 07:00 206032                     /lib/x86_64-linux-gnu/libz.so.1.2.3.4
7fbce9543000-7fbce96f8000 r-xp 00000000 07:00 1669131                    /lib/x86_64-linux-gnu/libc-2.15.so
7fbce96f8000-7fbce98f7000 ---p 001b5000 07:00 1669131                    /lib/x86_64-linux-gnu/libc-2.15.so
7fbce98f7000-7fbce98fb000 r--p 001b4000 07:00 1669131                    /lib/x86_64-linux-gnu/libc-2.15.so
7fbce98fb000-7fbce98fd000 rw-p 001b8000 07:00 1669131                    /lib/x86_64-linux-gnu/libc-2.15.so
7fbce98fd000-7fbce9902000 rw-p 00000000 00:00 0 
7fbce9902000-7fbce9904000 r-xp 00000000 07:00 1669130                    /lib/x86_64-linux-gnu/libdl-2.15.so
7fbce9904000-7fbce9b04000 ---p 00002000 07:00 1669130                    /lib/x86_64-linux-gnu/libdl-2.15.so
7fbce9b04000-7fbce9b05000 r--p 00002000 07:00 1669130                    /lib/x86_64-linux-gnu/libdl-2.15.so
7fbce9b05000-7fbce9b06000 rw-p 00003000 07:00 1669130                    /lib/x86_64-linux-gnu/libdl-2.15.so
7fbce9b06000-7fbce9b0a000 r-xp 00000000 07:00 451846                     /usr/lib/jvm/java-6-openjdk-amd64/jre/lib/amd64/jli/libjli.so
7fbce9b0a000-7fbce9d09000 ---p 00004000 07:00 451846                     /usr/lib/jvm/java-6-openjdk-amd64/jre/lib/amd64/jli/libjli.so
7fbce9d09000-7fbce9d0a000 r--p 00003000 07:00 451846                     /usr/lib/jvm/java-6-openjdk-amd64/jre/lib/amd64/jli/libjli.so
7fbce9d0a000-7fbce9d0b000 rw-p 00004000 07:00 451846                     /usr/lib/jvm/java-6-openjdk-amd64/jre/lib/amd64/jli/libjli.so
7fbce9d0b000-7fbce9d23000 r-xp 00000000 07:00 1669133                    /lib/x86_64-linux-gnu/libpthread-2.15.so
7fbce9d23000-7fbce9f22000 ---p 00018000 07:00 1669133                    /lib/x86_64-linux-gnu/libpthread-2.15.so
7fbce9f22000-7fbce9f23000 r--p 00017000 07:00 1669133                    /lib/x86_64-linux-gnu/libpthread-2.15.so
7fbce9f23000-7fbce9f24000 rw-p 00018000 07:00 1669133                    /lib/x86_64-linux-gnu/libpthread-2.15.so
7fbce9f24000-7fbce9f28000 rw-p 00000000 00:00 0 
7fbce9f28000-7fbce9f4a000 r-xp 00000000 07:00 1669145                    /lib/x86_64-linux-gnu/ld-2.15.so
7fbce9f4b000-7fbce9f4c000 rwxp 00000000 00:00 0 
7fbce9f4c000-7fbce9f51000 r--s 00000000 07:00 195225                     /var/cache/fontconfig/3047814df9a2f067bd2d96a2b9c36e5a-le64.cache-3
7fbce9f51000-7fbce9f52000 r--s 00000000 07:00 195224                     /var/cache/fontconfig/56cf4f4769d0f4abc89a4895d7bd3ae1-le64.cache-3
7fbce9f52000-7fbce9f53000 r--s 00000000 07:00 195223                     /var/cache/fontconfig/b9d506c9ac06c20b433354fa67a72993-le64.cache-3
7fbce9f53000-7fbce9f58000 r--s 00000000 07:00 195222                     /var/cache/fontconfig/b47c4e1ecd0709278f4910c18777a504-le64.cache-3
7fbce9f58000-7fbce9f68000 r--s 00000000 07:00 195221                     /var/cache/fontconfig/d52a8644073d54c13679302ca1180695-le64.cache-3
7fbce9f68000-7fbce9f6c000 r--s 00000000 07:00 195219                     /var/cache/fontconfig/6c08beecf0dac481ec92e759e0c2e6d7-le64.cache-3
7fbce9f6c000-7fbce9f76000 rw-p 00000000 00:00 0 
7fbce9f76000-7fbcea02c000 rw-p 00000000 00:00 0 
7fbcea02c000-7fbcea02f000 ---p 00000000 00:00 0 
7fbcea02f000-7fbcea132000 rw-p 00000000 00:00 0 
7fbcea132000-7fbcea136000 r--s 00000000 07:00 195218                     /var/cache/fontconfig/4d6aee6d44eccb37054d3216e945f618-le64.cache-3
7fbcea136000-7fbcea137000 r--s 00000000 07:00 195217                     /var/cache/fontconfig/62f91419b9ebdb6975e7e41ab6412357-le64.cache-3
7fbcea137000-7fbcea13a000 r--s 00000000 07:00 195210                     /var/cache/fontconfig/e13b20fdb08344e0e664864cc2ede53d-le64.cache-3
7fbcea13a000-7fbcea13e000 r--s 00000000 07:00 195220                     /var/cache/fontconfig/7ef2298fde41cc6eeb7af42e48b7d293-le64.cache-3
7fbcea13e000-7fbcea146000 rw-s 00000000 07:00 242721                     /tmp/hsperfdata_whirlwind/6925
7fbcea146000-7fbcea147000 rw-p 00000000 00:00 0 
7fbcea147000-7fbcea148000 r--p 00000000 00:00 0 
7fbcea148000-7fbcea14a000 rw-p 00000000 00:00 0 
7fbcea14a000-7fbcea14b000 r--p 00022000 07:00 1669145                    /lib/x86_64-linux-gnu/ld-2.15.so
7fbcea14b000-7fbcea14d000 rw-p 00023000 07:00 1669145                    /lib/x86_64-linux-gnu/ld-2.15.so
7fff4b568000-7fff4b589000 rw-p 00000000 00:00 0                          [stack]
7fff4b5ff000-7fff4b600000 r-xp 00000000 00:00 0                          [vdso]
ffffffffff600000-ffffffffff601000 r-xp 00000000 00:00 0                  [vsyscall]

VM Arguments:
jvm_args: -Dfile.encoding=UTF-8 
java_command: org.genshin.scrollninja.Main
Launcher Type: SUN_STANDARD

Environment Variables:
PATH=/usr/lib/lightdm/lightdm:/usr/local/sbin:/usr/local/bin:/usr/sbin:/usr/bin:/sbin:/bin:/usr/games
LD_LIBRARY_PATH=/usr/lib/jvm/java-6-openjdk-amd64/jre/lib/amd64/server:/usr/lib/jvm/java-6-openjdk-amd64/jre/lib/amd64:/usr/lib/jvm/java-6-openjdk-amd64/jre/../lib/amd64
SHELL=/usr/bin/zsh
DISPLAY=:0

Signal Handlers:
SIGSEGV: [libjvm.so+0x784310], sa_mask[0]=0x7ffbfeff, sa_flags=0x10000004
SIGBUS: [libjvm.so+0x784310], sa_mask[0]=0x7ffbfeff, sa_flags=0x10000004
SIGFPE: [libjvm.so+0x648580], sa_mask[0]=0x7ffbfeff, sa_flags=0x10000004
SIGPIPE: [libjvm.so+0x648580], sa_mask[0]=0x7ffbfeff, sa_flags=0x10000004
SIGXFSZ: [libjvm.so+0x648580], sa_mask[0]=0x7ffbfeff, sa_flags=0x10000004
SIGILL: [libjvm.so+0x648580], sa_mask[0]=0x7ffbfeff, sa_flags=0x10000004
SIGUSR1: SIG_DFL, sa_mask[0]=0x00000000, sa_flags=0x00000000
SIGUSR2: [libjvm.so+0x648730], sa_mask[0]=0x00000004, sa_flags=0x10000004
SIGHUP: [libjvm.so+0x64b250], sa_mask[0]=0x7ffbfeff, sa_flags=0x10000004
SIGINT: [libjvm.so+0x64b250], sa_mask[0]=0x7ffbfeff, sa_flags=0x10000004
SIGTERM: [libjvm.so+0x64b250], sa_mask[0]=0x7ffbfeff, sa_flags=0x10000004
SIGQUIT: [libjvm.so+0x64b250], sa_mask[0]=0x7ffbfeff, sa_flags=0x10000004


---------------  S Y S T E M  ---------------

OS:Ubuntu 12.04 (precise)
uname:Linux 3.2.0-31-generic #50-Ubuntu SMP Fri Sep 7 16:16:45 UTC 2012 x86_64
libc:glibc 2.15 NPTL 2.15 
rlimit: STACK 8192k, CORE 0k, NPROC 28898, NOFILE 4096, AS infinity
load average:0.81 0.38 0.40

/proc/meminfo:
MemTotal:        3716632 kB
MemFree:          506120 kB
Buffers:          679184 kB
Cached:          1291264 kB
SwapCached:           64 kB
Active:          1665016 kB
Inactive:        1338328 kB
Active(anon):     870092 kB
Inactive(anon):   354600 kB
Active(file):     794924 kB
Inactive(file):   983728 kB
Unevictable:        2676 kB
Mlocked:               0 kB
SwapTotal:        262140 kB
SwapFree:         259652 kB
Dirty:               904 kB
Writeback:             0 kB
AnonPages:       1035800 kB
Mapped:           125428 kB
Shmem:            189000 kB
Slab:             114392 kB
SReclaimable:      88060 kB
SUnreclaim:        26332 kB
KernelStack:        3064 kB
PageTables:        20916 kB
NFS_Unstable:          0 kB
Bounce:                0 kB
WritebackTmp:          0 kB
CommitLimit:     2120456 kB
Committed_AS:    2407716 kB
VmallocTotal:   34359738367 kB
VmallocUsed:      555608 kB
VmallocChunk:   34359157180 kB
HardwareCorrupted:     0 kB
AnonHugePages:         0 kB
HugePages_Total:       0
HugePages_Free:        0
HugePages_Rsvd:        0
HugePages_Surp:        0
Hugepagesize:       2048 kB
DirectMap4k:       61440 kB
DirectMap2M:     3796992 kB


CPU:total 4 (2 cores per cpu, 2 threads per core) family 6 model 37 stepping 2, cmov, cx8, fxsr, mmx, sse, sse2, sse3, ssse3, sse4.1, sse4.2, popcnt, ht

Memory: 4k page, physical 3716632k(506120k free), swap 262140k(259652k free)

vm_info: OpenJDK 64-Bit Server VM (20.0-b12) for linux-amd64 JRE (1.6.0_24-b24), built on Sep  2 2012 19:50:47 by "buildd" with gcc 4.6.3

time: Tue Oct  9 14:52:49 2012
elapsed time: 59 seconds

