#
# A fatal error has been detected by the Java Runtime Environment:
#
#  SIGSEGV (0xb) at pc=0x000000000000749e, pid=2719, tid=139910005090048
#
# JRE version: 6.0_24-b24
# Java VM: OpenJDK 64-Bit Server VM (20.0-b12 mixed mode linux-amd64 compressed oops)
# Derivative: IcedTea6 1.11.4
# Distribution: Ubuntu 12.04 LTS, package 6b24-1.11.4-1ubuntu0.12.04.1
# Problematic frame:
# C  0x000000000000749e
[error occurred during error reporting (printing problematic frame), id 0xb]

# If you would like to submit a bug report, please include
# instructions how to reproduce the bug and visit:
#   https://bugs.launchpad.net/ubuntu/+source/openjdk-6/
# The crash happened outside the Java Virtual Machine in native code.
# See problematic frame for where to report the bug.
#

---------------  T H R E A D  ---------------

Current thread (0x00007f3f50008000):  JavaThread "main" [_thread_in_native, id=2724, stack(0x00007f3f56176000,0x00007f3f56277000)]

siginfo:si_signo=SIGSEGV: si_errno=0, si_code=1 (SEGV_MAPERR), si_addr=0x000000000000749e

Registers:
RAX=0x00007f3f5021ab80, RBX=0x00007f3f13985960, RCX=0x00007f3f557737cd, RDX=0x00007f3f5021ab80
RSP=0x00007f3f56275378, RBP=0x0000000000000000, RSI=0x0000000000000400, RDI=0x00007f3f13985960
R8 =0x0000000000000000, R9 =0x00007f3f1376b636, R10=0x00007f3f56275180, R11=0x0000000000000000
R12=0x0000000000000000, R13=0x00007f3f5021ab80, R14=0x0000000000003258, R15=0x00007f3f50008000
RIP=0x000000000000749e, EFLAGS=0x0000000000010202, CSGSFS=0x0000000000000033, ERR=0x0000000000000014
  TRAPNO=0x000000000000000e

Top of Stack: (sp=0x00007f3f56275378)
0x00007f3f56275378:   00007f3f13754044 00007f3f50008000
0x00007f3f56275388:   00007f3f5021ab80 0000000000000001
0x00007f3f56275398:   00007f3f1376e317 00007f3f562755b8
0x00007f3f562753a8:   00007f3f50008000 00007f3f1376b635
0x00007f3f562753b8:   00007f3f5021ab80 0000000000000000
0x00007f3f562753c8:   0000000000000000 00000000bd5b6fb0
0x00007f3f562753d8:   00007f3f562755b8 00007f3f50008000
0x00007f3f562753e8:   00007f3f137546b6 00000000bd5b6fb0
0x00007f3f562753f8:   00007f3f1374bb0e 00000000002531e0
0x00007f3f56275408:   0000000000000000 00007f3f562755b8
0x00007f3f56275418:   00007f3f50008000 00007f3f13732000
0x00007f3f56275428:   00007f3f56080774 00007f3f00000005
0x00007f3f56275438:   0000000000000000 00007f3f55e56d40
0x00007f3f56275448:   00007f3f562755b0 00007f3f56275600
0x00007f3f56275458:   0000000000000000 0000000000000000
0x00007f3f56275468:   0000000000000000 00000000bd5b6fb0
0x00007f3f56275478:   00000000bd5b6fb0 0000000000000000
0x00007f3f56275488:   0000000000000000 00000000bd5b6fb0
0x00007f3f56275498:   00007f3f562755b8 00007f3f50008000
0x00007f3f562754a8:   00007f3f55e62400 00007f3f139856d0
0x00007f3f562754b8:   00007f3f139856d0 00007f3f1374bab0
0x00007f3f562754c8:   00007f3f1374cad4 00007f3f50005500
0x00007f3f562754d8:   00007f3f50008000 00007f3f56275520
0x00007f3f562754e8:   00007f3f54d59dd0 00007f3f4bf79dd0
0x00007f3f562754f8:   00007f3f00000000 00000000bd5b6fb0
0x00007f3f56275508:   00000000bd5b6fb0 00007f3f56275590
0x00007f3f56275518:   0000000000000000 00000000bd5b6fb0
0x00007f3f56275528:   00007f3f562755b8 00007f3f50008000
0x00007f3f56275538:   00007f3f4bf85d68 00007f3ffffffffe
0x00007f3f56275548:   00007f3f562755a8 00007f3f56275550
0x00007f3f56275558:   00000000bd5b6fb0 00007f3f562755b8
0x00007f3f56275568:   00000000bd5b8b48 0000000000000000 

Instructions: (pc=0x000000000000749e)
0x000000000000747e:   
[error occurred during error reporting (printing registers, top of stack, instructions near pc), id 0xb]

Register to memory mapping:

RAX=0x00007f3f5021ab80 is an unknown value
RBX=
[error occurred during error reporting (printing register info), id 0xb]

Stack: [0x00007f3f56176000,0x00007f3f56277000],  sp=0x00007f3f56275378,  free space=1020k
Native frames: (J=compiled Java code, j=interpreted, Vv=VM code, C=native code)
C  0x000000000000749e
[error occurred during error reporting (printing native stack), id 0xb]

Java frames: (J=compiled Java code, j=interpreted, Vv=VM code)
j  org.lwjgl.openal.ALC10.nalcOpenDevice(J)J+0
j  org.lwjgl.openal.ALC10.alcOpenDevice(Ljava/lang/String;)Lorg/lwjgl/openal/ALCdevice;+9
j  org.lwjgl.openal.AL.init(Ljava/lang/String;IIZZ)V+12
j  org.lwjgl.openal.AL.create(Ljava/lang/String;IIZZ)V+227
j  org.lwjgl.openal.AL.create(Ljava/lang/String;IIZ)V+5
j  org.lwjgl.openal.AL.create()V+6
j  com.badlogic.gdx.backends.openal.OpenALAudio.<init>(III)V+116
j  com.badlogic.gdx.backends.lwjgl.LwjglApplication.<init>(Lcom/badlogic/gdx/ApplicationListener;Lcom/badlogic/gdx/backends/lwjgl/LwjglApplicationConfiguration;Lcom/badlogic/gdx/backends/lwjgl/LwjglGraphics;)V+70
j  com.badlogic.gdx.backends.lwjgl.LwjglApplication.<init>(Lcom/badlogic/gdx/ApplicationListener;Lcom/badlogic/gdx/backends/lwjgl/LwjglApplicationConfiguration;)V+11
j  org.genshin.scrollninja.Main.main([Ljava/lang/String;)V+44
v  ~StubRoutines::call_stub

---------------  P R O C E S S  ---------------

Java Threads: ( => current thread )
  0x00007f3f50214000 JavaThread "AWT-XAWT" daemon [_thread_in_native, id=2738, stack(0x00007f3f4858d000,0x00007f3f4868e000)]
  0x00007f3f5019f000 JavaThread "Java2D Disposer" daemon [_thread_blocked, id=2737, stack(0x00007f3f4892e000,0x00007f3f48a2f000)]
  0x00007f3f5009d800 JavaThread "Low Memory Detector" daemon [_thread_blocked, id=2735, stack(0x00007f3f4a94f000,0x00007f3f4aa50000)]
  0x00007f3f5009b000 JavaThread "C2 CompilerThread1" daemon [_thread_blocked, id=2734, stack(0x00007f3f4aa50000,0x00007f3f4ab51000)]
  0x00007f3f50098800 JavaThread "C2 CompilerThread0" daemon [_thread_blocked, id=2733, stack(0x00007f3f4ab51000,0x00007f3f4ac52000)]
  0x00007f3f50097000 JavaThread "Signal Dispatcher" daemon [_thread_blocked, id=2732, stack(0x00007f3f4ac52000,0x00007f3f4ad53000)]
  0x00007f3f50078800 JavaThread "Finalizer" daemon [_thread_blocked, id=2731, stack(0x00007f3f4ae5b000,0x00007f3f4af5c000)]
  0x00007f3f50076800 JavaThread "Reference Handler" daemon [_thread_blocked, id=2730, stack(0x00007f3f4af5c000,0x00007f3f4b05d000)]
=>0x00007f3f50008000 JavaThread "main" [_thread_in_native, id=2724, stack(0x00007f3f56176000,0x00007f3f56277000)]

Other Threads:
  0x00007f3f5006f800 VMThread [stack: 0x00007f3f4b05d000,0x00007f3f4b15e000] [id=2729]
  0x00007f3f500a0800 WatcherThread [stack: 0x00007f3f4a84e000,0x00007f3f4a94f000] [id=2736]

VM state:not at safepoint (normal execution)

VM Mutex/Monitor currently owned by a thread: None

Heap
 PSYoungGen      total 16960K, used 3256K [0x00000000ed160000, 0x00000000ee440000, 0x0000000100000000)
  eden space 14592K, 22% used [0x00000000ed160000,0x00000000ed48e360,0x00000000edfa0000)
  from space 2368K, 0% used [0x00000000ee1f0000,0x00000000ee1f0000,0x00000000ee440000)
  to   space 2368K, 0% used [0x00000000edfa0000,0x00000000edfa0000,0x00000000ee1f0000)
 PSOldGen        total 38784K, used 0K [0x00000000c7400000, 0x00000000c99e0000, 0x00000000ed160000)
  object space 38784K, 0% used [0x00000000c7400000,0x00000000c7400000,0x00000000c99e0000)
 PSPermGen       total 21248K, used 7969K [0x00000000bce00000, 0x00000000be2c0000, 0x00000000c7400000)
  object space 21248K, 37% used [0x00000000bce00000,0x00000000bd5c85d0,0x00000000be2c0000)

Code Cache  [0x00007f3f4bf75000, 0x00007f3f4c1e5000, 0x00007f3f4ef75000)
 total_blobs=370 nmethods=15 adapters=310 free_code_cache=49809792 largest_free_block=8128

Dynamic libraries:
00400000-00409000 r-xp 00000000 07:00 451881                             /usr/lib/jvm/java-6-openjdk-amd64/jre/bin/java
00608000-00609000 r--p 00008000 07:00 451881                             /usr/lib/jvm/java-6-openjdk-amd64/jre/bin/java
00609000-0060a000 rw-p 00009000 07:00 451881                             /usr/lib/jvm/java-6-openjdk-amd64/jre/bin/java
0219e000-021bf000 rw-p 00000000 00:00 0                                  [heap]
bce00000-be2c0000 rw-p 00000000 00:00 0 
be2c0000-c7400000 rw-p 00000000 00:00 0 
c7400000-c99e0000 rw-p 00000000 00:00 0 
c99e0000-ed160000 rw-p 00000000 00:00 0 
ed160000-ee440000 rw-p 00000000 00:00 0 
ee440000-100000000 rw-p 00000000 00:00 0 
7f3f0c000000-7f3f0c021000 rw-p 00000000 00:00 0 
7f3f0c021000-7f3f10000000 ---p 00000000 00:00 0 
7f3f13732000-7f3f13784000 r-xp 00000000 07:00 242735                     /tmp/libgdxwhirlwind/3748766729/libopenal64.so
7f3f13784000-7f3f13983000 ---p 00052000 07:00 242735                     /tmp/libgdxwhirlwind/3748766729/libopenal64.so
7f3f13983000-7f3f13985000 r--p 00051000 07:00 242735                     /tmp/libgdxwhirlwind/3748766729/libopenal64.so
7f3f13985000-7f3f13986000 rw-p 00053000 07:00 242735                     /tmp/libgdxwhirlwind/3748766729/libopenal64.so
7f3f13986000-7f3f13987000 rw-p 00000000 00:00 0 
7f3f13987000-7f3f1398b000 r-xp 00000000 07:00 17736                      /usr/lib/x86_64-linux-gnu/libXxf86vm.so.1.0.0
7f3f1398b000-7f3f13b8a000 ---p 00004000 07:00 17736                      /usr/lib/x86_64-linux-gnu/libXxf86vm.so.1.0.0
7f3f13b8a000-7f3f13b8b000 r--p 00003000 07:00 17736                      /usr/lib/x86_64-linux-gnu/libXxf86vm.so.1.0.0
7f3f13b8b000-7f3f13b8c000 rw-p 00004000 07:00 17736                      /usr/lib/x86_64-linux-gnu/libXxf86vm.so.1.0.0
7f3f13b8c000-7f3f13b94000 r-xp 00000000 07:00 18229                      /usr/lib/x86_64-linux-gnu/libXrandr.so.2.2.0
7f3f13b94000-7f3f13d93000 ---p 00008000 07:00 18229                      /usr/lib/x86_64-linux-gnu/libXrandr.so.2.2.0
7f3f13d93000-7f3f13d94000 r--p 00007000 07:00 18229                      /usr/lib/x86_64-linux-gnu/libXrandr.so.2.2.0
7f3f13d94000-7f3f13d95000 rw-p 00008000 07:00 18229                      /usr/lib/x86_64-linux-gnu/libXrandr.so.2.2.0
7f3f13d95000-7f3f13dfd000 r-xp 00000000 07:00 242736                     /tmp/libgdxwhirlwind/3748766729/liblwjgl64.so
7f3f13dfd000-7f3f13ffd000 ---p 00068000 07:00 242736                     /tmp/libgdxwhirlwind/3748766729/liblwjgl64.so
7f3f13ffd000-7f3f13fff000 r--p 00068000 07:00 242736                     /tmp/libgdxwhirlwind/3748766729/liblwjgl64.so
7f3f13fff000-7f3f14000000 rw-p 0006a000 07:00 242736                     /tmp/libgdxwhirlwind/3748766729/liblwjgl64.so
7f3f14000000-7f3f14021000 rw-p 00000000 00:00 0 
7f3f14021000-7f3f18000000 ---p 00000000 00:00 0 
7f3f18000000-7f3f18021000 rw-p 00000000 00:00 0 
7f3f18021000-7f3f1c000000 ---p 00000000 00:00 0 
7f3f1c000000-7f3f1c184000 rw-p 00000000 00:00 0 
7f3f1c184000-7f3f20000000 ---p 00000000 00:00 0 
7f3f20000000-7f3f20021000 rw-p 00000000 00:00 0 
7f3f20021000-7f3f24000000 ---p 00000000 00:00 0 
7f3f24000000-7f3f24021000 rw-p 00000000 00:00 0 
7f3f24021000-7f3f28000000 ---p 00000000 00:00 0 
7f3f28000000-7f3f28132000 rw-p 00000000 00:00 0 
7f3f28132000-7f3f2c000000 ---p 00000000 00:00 0 
7f3f2c000000-7f3f2c021000 rw-p 00000000 00:00 0 
7f3f2c021000-7f3f30000000 ---p 00000000 00:00 0 
7f3f30000000-7f3f30021000 rw-p 00000000 00:00 0 
7f3f30021000-7f3f34000000 ---p 00000000 00:00 0 
7f3f34000000-7f3f34021000 rw-p 00000000 00:00 0 
7f3f34021000-7f3f38000000 ---p 00000000 00:00 0 
7f3f38000000-7f3f38021000 rw-p 00000000 00:00 0 
7f3f38021000-7f3f3c000000 ---p 00000000 00:00 0 
7f3f3c000000-7f3f3c021000 rw-p 00000000 00:00 0 
7f3f3c021000-7f3f40000000 ---p 00000000 00:00 0 
7f3f40000000-7f3f40021000 rw-p 00000000 00:00 0 
7f3f40021000-7f3f44000000 ---p 00000000 00:00 0 
7f3f44000000-7f3f44021000 rw-p 00000000 00:00 0 
7f3f44021000-7f3f48000000 ---p 00000000 00:00 0 
7f3f48080000-7f3f48081000 r-xp 00000000 07:00 451877                     /usr/lib/jvm/java-6-openjdk-amd64/jre/lib/amd64/libjawt.so
7f3f48081000-7f3f48280000 ---p 00001000 07:00 451877                     /usr/lib/jvm/java-6-openjdk-amd64/jre/lib/amd64/libjawt.so
7f3f48280000-7f3f48281000 r--p 00000000 07:00 451877                     /usr/lib/jvm/java-6-openjdk-amd64/jre/lib/amd64/libjawt.so
7f3f48281000-7f3f48282000 rw-p 00001000 07:00 451877                     /usr/lib/jvm/java-6-openjdk-amd64/jre/lib/amd64/libjawt.so
7f3f48282000-7f3f48287000 r-xp 00000000 07:00 18204                      /usr/lib/x86_64-linux-gnu/libXfixes.so.3.1.0
7f3f48287000-7f3f48486000 ---p 00005000 07:00 18204                      /usr/lib/x86_64-linux-gnu/libXfixes.so.3.1.0
7f3f48486000-7f3f48487000 r--p 00004000 07:00 18204                      /usr/lib/x86_64-linux-gnu/libXfixes.so.3.1.0
7f3f48487000-7f3f48488000 rw-p 00005000 07:00 18204                      /usr/lib/x86_64-linux-gnu/libXfixes.so.3.1.0
7f3f48488000-7f3f48489000 r--s 00000000 07:00 195238                     /var/cache/fontconfig/c05880de57d1f5e948fdfacc138775d9-le64.cache-3
7f3f48489000-7f3f48492000 r--s 00000000 07:00 195032                     /var/cache/fontconfig/945677eb7aeaf62f1d50efc3fb3ec7d8-le64.cache-3
7f3f48492000-7f3f48494000 r--s 00000000 07:00 195236                     /var/cache/fontconfig/99e8ed0e538f840c565b6ed5dad60d56-le64.cache-3
7f3f48494000-7f3f48498000 r--s 00000000 07:00 195235                     /var/cache/fontconfig/2cd17615ca594fa2959ae173292e504c-le64.cache-3
7f3f48498000-7f3f4849e000 r--s 00000000 07:00 195232                     /var/cache/fontconfig/a755afe4a08bf5b97852ceb7400b47bc-le64.cache-3
7f3f4849e000-7f3f484a7000 r--s 00000000 07:00 195231                     /var/cache/fontconfig/6d41288fd70b0be22e8c3a91e032eec0-le64.cache-3
7f3f484a7000-7f3f484b7000 r--s 00000000 07:00 195230                     /var/cache/fontconfig/04aabc0a78ac019cf9454389977116d2-le64.cache-3
7f3f484b7000-7f3f484bc000 r--s 00000000 07:00 195229                     /var/cache/fontconfig/eb48934c523a49add3824bfad8846c40-le64.cache-3
7f3f484bc000-7f3f484c1000 r--s 00000000 07:00 195228                     /var/cache/fontconfig/385c0604a188198f04d133e54aba7fe7-le64.cache-3
7f3f484c1000-7f3f484c4000 r--s 00000000 07:00 195226                     /var/cache/fontconfig/8801497958630a81b71ace7c5f9b32a8-le64.cache-3
7f3f484c4000-7f3f484c9000 r--s 00000000 07:00 195225                     /var/cache/fontconfig/3047814df9a2f067bd2d96a2b9c36e5a-le64.cache-3
7f3f484c9000-7f3f484ce000 r--s 00000000 07:00 195222                     /var/cache/fontconfig/b47c4e1ecd0709278f4910c18777a504-le64.cache-3
7f3f4858d000-7f3f48590000 ---p 00000000 00:00 0 
7f3f48590000-7f3f4868e000 rw-p 00000000 00:00 0 
7f3f4868e000-7f3f4868f000 r--s 00000000 07:00 195238                     /var/cache/fontconfig/c05880de57d1f5e948fdfacc138775d9-le64.cache-3
7f3f4868f000-7f3f48698000 r--s 00000000 07:00 195032                     /var/cache/fontconfig/945677eb7aeaf62f1d50efc3fb3ec7d8-le64.cache-3
7f3f48698000-7f3f4869a000 r--s 00000000 07:00 195236                     /var/cache/fontconfig/99e8ed0e538f840c565b6ed5dad60d56-le64.cache-3
7f3f4869a000-7f3f4869e000 r--s 00000000 07:00 195235                     /var/cache/fontconfig/2cd17615ca594fa2959ae173292e504c-le64.cache-3
7f3f4869e000-7f3f4869f000 r--s 00000000 07:00 195234                     /var/cache/fontconfig/e7071f4a29fa870f4323321c154eba04-le64.cache-3
7f3f4869f000-7f3f486a0000 r--s 00000000 07:00 195233                     /var/cache/fontconfig/0d8c3b2ac0904cb8a57a757ad11a4a08-le64.cache-3
7f3f486a0000-7f3f486a6000 r--s 00000000 07:00 195232                     /var/cache/fontconfig/a755afe4a08bf5b97852ceb7400b47bc-le64.cache-3
7f3f486a6000-7f3f486af000 r--s 00000000 07:00 195231                     /var/cache/fontconfig/6d41288fd70b0be22e8c3a91e032eec0-le64.cache-3
7f3f486af000-7f3f486bf000 r--s 00000000 07:00 195230                     /var/cache/fontconfig/04aabc0a78ac019cf9454389977116d2-le64.cache-3
7f3f486bf000-7f3f486c4000 r--s 00000000 07:00 195229                     /var/cache/fontconfig/eb48934c523a49add3824bfad8846c40-le64.cache-3
7f3f486c4000-7f3f486c9000 r--s 00000000 07:00 195228                     /var/cache/fontconfig/385c0604a188198f04d133e54aba7fe7-le64.cache-3
7f3f486c9000-7f3f486ca000 r--s 00000000 07:00 195227                     /var/cache/fontconfig/4794a0821666d79190d59a36cb4f44b5-le64.cache-3
7f3f486ca000-7f3f486cd000 r--s 00000000 07:00 195226                     /var/cache/fontconfig/8801497958630a81b71ace7c5f9b32a8-le64.cache-3
7f3f486cd000-7f3f486d2000 r--s 00000000 07:00 195222                     /var/cache/fontconfig/b47c4e1ecd0709278f4910c18777a504-le64.cache-3
7f3f486d2000-7f3f486e2000 r--s 00000000 07:00 195221                     /var/cache/fontconfig/d52a8644073d54c13679302ca1180695-le64.cache-3
7f3f486f9000-7f3f48702000 r-xp 00000000 07:00 18181                      /usr/lib/x86_64-linux-gnu/libXcursor.so.1.0.2
7f3f48702000-7f3f48901000 ---p 00009000 07:00 18181                      /usr/lib/x86_64-linux-gnu/libXcursor.so.1.0.2
7f3f48901000-7f3f48902000 r--p 00008000 07:00 18181                      /usr/lib/x86_64-linux-gnu/libXcursor.so.1.0.2
7f3f48902000-7f3f48903000 rw-p 00009000 07:00 18181                      /usr/lib/x86_64-linux-gnu/libXcursor.so.1.0.2
7f3f48919000-7f3f4891e000 r--s 00000000 07:00 195225                     /var/cache/fontconfig/3047814df9a2f067bd2d96a2b9c36e5a-le64.cache-3
7f3f4891e000-7f3f4891f000 r--s 00000000 07:00 195224                     /var/cache/fontconfig/56cf4f4769d0f4abc89a4895d7bd3ae1-le64.cache-3
7f3f4891f000-7f3f48923000 r--s 00000000 07:00 195219                     /var/cache/fontconfig/6c08beecf0dac481ec92e759e0c2e6d7-le64.cache-3
7f3f48923000-7f3f48927000 r--s 00000000 07:00 195218                     /var/cache/fontconfig/4d6aee6d44eccb37054d3216e945f618-le64.cache-3
7f3f48927000-7f3f4892a000 r--s 00000000 07:00 195210                     /var/cache/fontconfig/e13b20fdb08344e0e664864cc2ede53d-le64.cache-3
7f3f4892a000-7f3f4892e000 r--s 00000000 07:00 195220                     /var/cache/fontconfig/7ef2298fde41cc6eeb7af42e48b7d293-le64.cache-3
7f3f4892e000-7f3f48931000 ---p 00000000 00:00 0 
7f3f48931000-7f3f48a2f000 rw-p 00000000 00:00 0 
7f3f48a2f000-7f3f48ac5000 r-xp 00000000 07:00 17827                      /usr/lib/x86_64-linux-gnu/libfreetype.so.6.8.0
7f3f48ac5000-7f3f48cc4000 ---p 00096000 07:00 17827                      /usr/lib/x86_64-linux-gnu/libfreetype.so.6.8.0
7f3f48cc4000-7f3f48cca000 r--p 00095000 07:00 17827                      /usr/lib/x86_64-linux-gnu/libfreetype.so.6.8.0
7f3f48cca000-7f3f48ccb000 rw-p 0009b000 07:00 17827                      /usr/lib/x86_64-linux-gnu/libfreetype.so.6.8.0
7f3f48ccb000-7f3f48d05000 r-xp 00000000 07:00 451862                     /usr/lib/jvm/java-6-openjdk-amd64/jre/lib/amd64/libfontmanager.so
7f3f48d05000-7f3f48f04000 ---p 0003a000 07:00 451862                     /usr/lib/jvm/java-6-openjdk-amd64/jre/lib/amd64/libfontmanager.so
7f3f48f04000-7f3f48f06000 r--p 00039000 07:00 451862                     /usr/lib/jvm/java-6-openjdk-amd64/jre/lib/amd64/libfontmanager.so
7f3f48f06000-7f3f48f07000 rw-p 0003b000 07:00 451862                     /usr/lib/jvm/java-6-openjdk-amd64/jre/lib/amd64/libfontmanager.so
7f3f48f07000-7f3f48f0c000 r-xp 00000000 07:00 17740                      /usr/lib/x86_64-linux-gnu/libXdmcp.so.6.0.0
7f3f48f0c000-7f3f4910b000 ---p 00005000 07:00 17740                      /usr/lib/x86_64-linux-gnu/libXdmcp.so.6.0.0
7f3f4910b000-7f3f4910c000 r--p 00004000 07:00 17740                      /usr/lib/x86_64-linux-gnu/libXdmcp.so.6.0.0
7f3f4910c000-7f3f4910d000 rw-p 00005000 07:00 17740                      /usr/lib/x86_64-linux-gnu/libXdmcp.so.6.0.0
7f3f4910d000-7f3f4910f000 r-xp 00000000 07:00 17879                      /usr/lib/x86_64-linux-gnu/libXau.so.6.0.0
7f3f4910f000-7f3f4930e000 ---p 00002000 07:00 17879                      /usr/lib/x86_64-linux-gnu/libXau.so.6.0.0
7f3f4930e000-7f3f4930f000 r--p 00001000 07:00 17879                      /usr/lib/x86_64-linux-gnu/libXau.so.6.0.0
7f3f4930f000-7f3f49310000 rw-p 00002000 07:00 17879                      /usr/lib/x86_64-linux-gnu/libXau.so.6.0.0
7f3f49310000-7f3f4932d000 r-xp 00000000 07:00 17998                      /usr/lib/x86_64-linux-gnu/libxcb.so.1.1.0
7f3f4932d000-7f3f4952c000 ---p 0001d000 07:00 17998                      /usr/lib/x86_64-linux-gnu/libxcb.so.1.1.0
7f3f4952c000-7f3f4952d000 r--p 0001c000 07:00 17998                      /usr/lib/x86_64-linux-gnu/libxcb.so.1.1.0
7f3f4952d000-7f3f4952e000 rw-p 0001d000 07:00 17998                      /usr/lib/x86_64-linux-gnu/libxcb.so.1.1.0
7f3f4952e000-7f3f4953c000 r-xp 00000000 07:00 17734                      /usr/lib/x86_64-linux-gnu/libXi.so.6.1.0
7f3f4953c000-7f3f4973b000 ---p 0000e000 07:00 17734                      /usr/lib/x86_64-linux-gnu/libXi.so.6.1.0
7f3f4973b000-7f3f4973c000 r--p 0000d000 07:00 17734                      /usr/lib/x86_64-linux-gnu/libXi.so.6.1.0
7f3f4973c000-7f3f4973d000 rw-p 0000e000 07:00 17734                      /usr/lib/x86_64-linux-gnu/libXi.so.6.1.0
7f3f4973d000-7f3f49742000 r-xp 00000000 07:00 18243                      /usr/lib/x86_64-linux-gnu/libXtst.so.6.1.0
7f3f49742000-7f3f49941000 ---p 00005000 07:00 18243                      /usr/lib/x86_64-linux-gnu/libXtst.so.6.1.0
7f3f49941000-7f3f49942000 r--p 00004000 07:00 18243                      /usr/lib/x86_64-linux-gnu/libXtst.so.6.1.0
7f3f49942000-7f3f49943000 rw-p 00005000 07:00 18243                      /usr/lib/x86_64-linux-gnu/libXtst.so.6.1.0
7f3f49943000-7f3f4994c000 r-xp 00000000 07:00 17961                      /usr/lib/x86_64-linux-gnu/libXrender.so.1.3.0
7f3f4994c000-7f3f49b4b000 ---p 00009000 07:00 17961                      /usr/lib/x86_64-linux-gnu/libXrender.so.1.3.0
7f3f49b4b000-7f3f49b4c000 r--p 00008000 07:00 17961                      /usr/lib/x86_64-linux-gnu/libXrender.so.1.3.0
7f3f49b4c000-7f3f49b4d000 rw-p 00009000 07:00 17961                      /usr/lib/x86_64-linux-gnu/libXrender.so.1.3.0
7f3f49b4d000-7f3f49c7c000 r-xp 00000000 07:00 17876                      /usr/lib/x86_64-linux-gnu/libX11.so.6.3.0
7f3f49c7c000-7f3f49e7c000 ---p 0012f000 07:00 17876                      /usr/lib/x86_64-linux-gnu/libX11.so.6.3.0
7f3f49e7c000-7f3f49e7d000 r--p 0012f000 07:00 17876                      /usr/lib/x86_64-linux-gnu/libX11.so.6.3.0
7f3f49e7d000-7f3f49e81000 rw-p 00130000 07:00 17876                      /usr/lib/x86_64-linux-gnu/libX11.so.6.3.0
7f3f49e81000-7f3f49e91000 r-xp 00000000 07:00 18163                      /usr/lib/x86_64-linux-gnu/libXext.so.6.4.0
7f3f49e91000-7f3f4a090000 ---p 00010000 07:00 18163                      /usr/lib/x86_64-linux-gnu/libXext.so.6.4.0
7f3f4a090000-7f3f4a091000 r--p 0000f000 07:00 18163                      /usr/lib/x86_64-linux-gnu/libXext.so.6.4.0
7f3f4a091000-7f3f4a092000 rw-p 00010000 07:00 18163                      /usr/lib/x86_64-linux-gnu/libXext.so.6.4.0
7f3f4a092000-7f3f4a093000 r--s 00000000 07:00 195223                     /var/cache/fontconfig/b9d506c9ac06c20b433354fa67a72993-le64.cache-3
7f3f4a093000-7f3f4a094000 r--s 00000000 07:00 195217                     /var/cache/fontconfig/62f91419b9ebdb6975e7e41ab6412357-le64.cache-3
7f3f4a094000-7f3f4a0a4000 r--s 00000000 07:00 195221                     /var/cache/fontconfig/d52a8644073d54c13679302ca1180695-le64.cache-3
7f3f4a0a4000-7f3f4a0a8000 r--s 00000000 07:00 195219                     /var/cache/fontconfig/6c08beecf0dac481ec92e759e0c2e6d7-le64.cache-3
7f3f4a0a8000-7f3f4a0f3000 r-xp 00000000 07:00 461896                     /usr/lib/jvm/java-6-openjdk-amd64/jre/lib/amd64/xawt/libmawt.so
7f3f4a0f3000-7f3f4a2f3000 ---p 0004b000 07:00 461896                     /usr/lib/jvm/java-6-openjdk-amd64/jre/lib/amd64/xawt/libmawt.so
7f3f4a2f3000-7f3f4a2f4000 r--p 0004b000 07:00 461896                     /usr/lib/jvm/java-6-openjdk-amd64/jre/lib/amd64/xawt/libmawt.so
7f3f4a2f4000-7f3f4a2f7000 rw-p 0004c000 07:00 461896                     /usr/lib/jvm/java-6-openjdk-amd64/jre/lib/amd64/xawt/libmawt.so
7f3f4a2f7000-7f3f4a2f8000 rw-p 00000000 00:00 0 
7f3f4a2f8000-7f3f4a3a4000 r-xp 00000000 07:00 451865                     /usr/lib/jvm/java-6-openjdk-amd64/jre/lib/amd64/libawt.so
7f3f4a3a4000-7f3f4a5a3000 ---p 000ac000 07:00 451865                     /usr/lib/jvm/java-6-openjdk-amd64/jre/lib/amd64/libawt.so
7f3f4a5a3000-7f3f4a5a4000 r--p 000ab000 07:00 451865                     /usr/lib/jvm/java-6-openjdk-amd64/jre/lib/amd64/libawt.so
7f3f4a5a4000-7f3f4a5af000 rw-p 000ac000 07:00 451865                     /usr/lib/jvm/java-6-openjdk-amd64/jre/lib/amd64/libawt.so
7f3f4a5af000-7f3f4a5d4000 rw-p 00000000 00:00 0 
7f3f4a5d4000-7f3f4a64b000 r-xp 00000000 07:00 242734                     /tmp/libgdxwhirlwind/3748766729/libgdx64.so
7f3f4a64b000-7f3f4a84a000 ---p 00077000 07:00 242734                     /tmp/libgdxwhirlwind/3748766729/libgdx64.so
7f3f4a84a000-7f3f4a84c000 r--p 00076000 07:00 242734                     /tmp/libgdxwhirlwind/3748766729/libgdx64.so
7f3f4a84c000-7f3f4a84d000 rw-p 00078000 07:00 242734                     /tmp/libgdxwhirlwind/3748766729/libgdx64.so
7f3f4a84d000-7f3f4a84e000 rw-p 00000000 00:00 0 
7f3f4a84e000-7f3f4a84f000 ---p 00000000 00:00 0 
7f3f4a84f000-7f3f4a94f000 rw-p 00000000 00:00 0 
7f3f4a94f000-7f3f4a952000 ---p 00000000 00:00 0 
7f3f4a952000-7f3f4aa50000 rw-p 00000000 00:00 0 
7f3f4aa50000-7f3f4aa53000 ---p 00000000 00:00 0 
7f3f4aa53000-7f3f4ab51000 rw-p 00000000 00:00 0 
7f3f4ab51000-7f3f4ab54000 ---p 00000000 00:00 0 
7f3f4ab54000-7f3f4ac52000 rw-p 00000000 00:00 0 
7f3f4ac52000-7f3f4ac55000 ---p 00000000 00:00 0 
7f3f4ac55000-7f3f4ad53000 rw-p 00000000 00:00 0 
7f3f4ad53000-7f3f4ae5b000 r--p 00000000 07:00 3458049                    /usr/lib/locale/locale-archive
7f3f4ae5b000-7f3f4ae5e000 ---p 00000000 00:00 0 
7f3f4ae5e000-7f3f4af5c000 rw-p 00000000 00:00 0 
7f3f4af5c000-7f3f4af5f000 ---p 00000000 00:00 0 
7f3f4af5f000-7f3f4b05d000 rw-p 00000000 00:00 0 
7f3f4b05d000-7f3f4b05e000 ---p 00000000 00:00 0 
7f3f4b05e000-7f3f4b696000 rw-p 00000000 00:00 0 
7f3f4b696000-7f3f4b828000 r--s 037bf000 07:00 451834                     /usr/lib/jvm/java-6-openjdk-amd64/jre/lib/rt.jar
7f3f4b828000-7f3f4b829000 ---p 00000000 00:00 0 
7f3f4b829000-7f3f4b929000 rw-p 00000000 00:00 0 
7f3f4b929000-7f3f4b92a000 ---p 00000000 00:00 0 
7f3f4b92a000-7f3f4ba2a000 rw-p 00000000 00:00 0 
7f3f4ba2a000-7f3f4ba2b000 ---p 00000000 00:00 0 
7f3f4ba2b000-7f3f4bb2b000 rw-p 00000000 00:00 0 
7f3f4bb2b000-7f3f4bb2c000 ---p 00000000 00:00 0 
7f3f4bb2c000-7f3f4bc3f000 rw-p 00000000 00:00 0 
7f3f4bc3f000-7f3f4bd5b000 rw-p 00000000 00:00 0 
7f3f4bd5b000-7f3f4bd66000 rw-p 00000000 00:00 0 
7f3f4bd66000-7f3f4bdae000 rw-p 00000000 00:00 0 
7f3f4bdae000-7f3f4bdc1000 rw-p 00000000 00:00 0 
7f3f4bdc1000-7f3f4bedc000 rw-p 00000000 00:00 0 
7f3f4bedc000-7f3f4bee7000 rw-p 00000000 00:00 0 
7f3f4bee7000-7f3f4bf74000 rw-p 00000000 00:00 0 
7f3f4bf74000-7f3f4bf75000 rw-p 00000000 00:00 0 
7f3f4bf75000-7f3f4c1e5000 rwxp 00000000 00:00 0 
7f3f4c1e5000-7f3f4ef75000 rw-p 00000000 00:00 0 
7f3f4ef75000-7f3f4ef7c000 r-xp 00000000 07:00 451879                     /usr/lib/jvm/java-6-openjdk-amd64/jre/lib/amd64/libzip.so
7f3f4ef7c000-7f3f4f17b000 ---p 00007000 07:00 451879                     /usr/lib/jvm/java-6-openjdk-amd64/jre/lib/amd64/libzip.so
7f3f4f17b000-7f3f4f17c000 r--p 00006000 07:00 451879                     /usr/lib/jvm/java-6-openjdk-amd64/jre/lib/amd64/libzip.so
7f3f4f17c000-7f3f4f17d000 rw-p 00007000 07:00 451879                     /usr/lib/jvm/java-6-openjdk-amd64/jre/lib/amd64/libzip.so
7f3f4f17d000-7f3f4f189000 r-xp 00000000 07:00 1669141                    /lib/x86_64-linux-gnu/libnss_files-2.15.so
7f3f4f189000-7f3f4f388000 ---p 0000c000 07:00 1669141                    /lib/x86_64-linux-gnu/libnss_files-2.15.so
7f3f4f388000-7f3f4f389000 r--p 0000b000 07:00 1669141                    /lib/x86_64-linux-gnu/libnss_files-2.15.so
7f3f4f389000-7f3f4f38a000 rw-p 0000c000 07:00 1669141                    /lib/x86_64-linux-gnu/libnss_files-2.15.so
7f3f4f38a000-7f3f4f394000 r-xp 00000000 07:00 1669137                    /lib/x86_64-linux-gnu/libnss_nis-2.15.so
7f3f4f394000-7f3f4f594000 ---p 0000a000 07:00 1669137                    /lib/x86_64-linux-gnu/libnss_nis-2.15.so
7f3f4f594000-7f3f4f595000 r--p 0000a000 07:00 1669137                    /lib/x86_64-linux-gnu/libnss_nis-2.15.so
7f3f4f595000-7f3f4f596000 rw-p 0000b000 07:00 1669137                    /lib/x86_64-linux-gnu/libnss_nis-2.15.so
7f3f4f596000-7f3f4f5ad000 r-xp 00000000 07:00 1669150                    /lib/x86_64-linux-gnu/libnsl-2.15.so
7f3f4f5ad000-7f3f4f7ac000 ---p 00017000 07:00 1669150                    /lib/x86_64-linux-gnu/libnsl-2.15.so
7f3f4f7ac000-7f3f4f7ad000 r--p 00016000 07:00 1669150                    /lib/x86_64-linux-gnu/libnsl-2.15.so
7f3f4f7ad000-7f3f4f7ae000 rw-p 00017000 07:00 1669150                    /lib/x86_64-linux-gnu/libnsl-2.15.so
7f3f4f7ae000-7f3f4f7b0000 rw-p 00000000 00:00 0 
7f3f4f7b0000-7f3f4f7b8000 r-xp 00000000 07:00 1669142                    /lib/x86_64-linux-gnu/libnss_compat-2.15.so
7f3f4f7b8000-7f3f4f9b7000 ---p 00008000 07:00 1669142                    /lib/x86_64-linux-gnu/libnss_compat-2.15.so
7f3f4f9b7000-7f3f4f9b8000 r--p 00007000 07:00 1669142                    /lib/x86_64-linux-gnu/libnss_compat-2.15.so
7f3f4f9b8000-7f3f4f9b9000 rw-p 00008000 07:00 1669142                    /lib/x86_64-linux-gnu/libnss_compat-2.15.so
7f3f4f9b9000-7f3f4f9e5000 r-xp 00000000 07:00 451864                     /usr/lib/jvm/java-6-openjdk-amd64/jre/lib/amd64/libjava.so
7f3f4f9e5000-7f3f4fbe4000 ---p 0002c000 07:00 451864                     /usr/lib/jvm/java-6-openjdk-amd64/jre/lib/amd64/libjava.so
7f3f4fbe4000-7f3f4fbe5000 r--p 0002b000 07:00 451864                     /usr/lib/jvm/java-6-openjdk-amd64/jre/lib/amd64/libjava.so
7f3f4fbe5000-7f3f4fbe8000 rw-p 0002c000 07:00 451864                     /usr/lib/jvm/java-6-openjdk-amd64/jre/lib/amd64/libjava.so
7f3f4fbe8000-7f3f4fbf6000 r-xp 00000000 07:00 451863                     /usr/lib/jvm/java-6-openjdk-amd64/jre/lib/amd64/libverify.so
7f3f4fbf6000-7f3f4fdf5000 ---p 0000e000 07:00 451863                     /usr/lib/jvm/java-6-openjdk-amd64/jre/lib/amd64/libverify.so
7f3f4fdf5000-7f3f4fdf7000 r--p 0000d000 07:00 451863                     /usr/lib/jvm/java-6-openjdk-amd64/jre/lib/amd64/libverify.so
7f3f4fdf7000-7f3f4fdf8000 rw-p 0000f000 07:00 451863                     /usr/lib/jvm/java-6-openjdk-amd64/jre/lib/amd64/libverify.so
7f3f4fdf8000-7f3f4fdff000 r-xp 00000000 07:00 1669135                    /lib/x86_64-linux-gnu/librt-2.15.so
7f3f4fdff000-7f3f4fffe000 ---p 00007000 07:00 1669135                    /lib/x86_64-linux-gnu/librt-2.15.so
7f3f4fffe000-7f3f4ffff000 r--p 00006000 07:00 1669135                    /lib/x86_64-linux-gnu/librt-2.15.so
7f3f4ffff000-7f3f50000000 rw-p 00007000 07:00 1669135                    /lib/x86_64-linux-gnu/librt-2.15.so
7f3f50000000-7f3f50223000 rw-p 00000000 00:00 0 
7f3f50223000-7f3f54000000 ---p 00000000 00:00 0 
7f3f54000000-7f3f54001000 r--s 00000000 07:00 195234                     /var/cache/fontconfig/e7071f4a29fa870f4323321c154eba04-le64.cache-3
7f3f54001000-7f3f54002000 r--s 00000000 07:00 195233                     /var/cache/fontconfig/0d8c3b2ac0904cb8a57a757ad11a4a08-le64.cache-3
7f3f54002000-7f3f54003000 r--s 00000000 07:00 195227                     /var/cache/fontconfig/4794a0821666d79190d59a36cb4f44b5-le64.cache-3
7f3f54003000-7f3f54007000 r--s 00000000 07:00 195218                     /var/cache/fontconfig/4d6aee6d44eccb37054d3216e945f618-le64.cache-3
7f3f54007000-7f3f5400e000 r--s 000fb000 07:00 290861                     /usr/lib/jvm/java-6-openjdk-common/jre/lib/resources.jar
7f3f5400e000-7f3f5400f000 r--s 00001000 07:00 545944                     /home/whirlwind/ScrollNinja/ScrollNinja/libs/bodyeditor-loader.jar
7f3f5400f000-7f3f54010000 r--s 00000000 07:00 545943                     /home/whirlwind/ScrollNinja/ScrollNinja/libs/bodyeditor-loader-sources.jar
7f3f54010000-7f3f54013000 r--s 0007d000 07:00 290851                     /usr/lib/jvm/java-6-openjdk-common/jre/lib/jsse.jar
7f3f54013000-7f3f54023000 r--s 000ef000 07:00 545806                     /home/whirlwind/ScrollNinja/ScrollNinja/libs/gdx.jar
7f3f54023000-7f3f54056000 rw-p 00000000 00:00 0 
7f3f54056000-7f3f5409e000 rw-p 00000000 00:00 0 
7f3f5409e000-7f3f540b3000 r-xp 00000000 07:00 205964                     /lib/x86_64-linux-gnu/libgcc_s.so.1
7f3f540b3000-7f3f542b2000 ---p 00015000 07:00 205964                     /lib/x86_64-linux-gnu/libgcc_s.so.1
7f3f542b2000-7f3f542b3000 r--p 00014000 07:00 205964                     /lib/x86_64-linux-gnu/libgcc_s.so.1
7f3f542b3000-7f3f542b4000 rw-p 00015000 07:00 205964                     /lib/x86_64-linux-gnu/libgcc_s.so.1
7f3f542b4000-7f3f543ad000 r-xp 00000000 07:00 1669139                    /lib/x86_64-linux-gnu/libm-2.15.so
7f3f543ad000-7f3f545ac000 ---p 000f9000 07:00 1669139                    /lib/x86_64-linux-gnu/libm-2.15.so
7f3f545ac000-7f3f545ad000 r--p 000f8000 07:00 1669139                    /lib/x86_64-linux-gnu/libm-2.15.so
7f3f545ad000-7f3f545ae000 rw-p 000f9000 07:00 1669139                    /lib/x86_64-linux-gnu/libm-2.15.so
7f3f545ae000-7f3f54690000 r-xp 00000000 07:00 17860                      /usr/lib/x86_64-linux-gnu/libstdc++.so.6.0.16
7f3f54690000-7f3f5488f000 ---p 000e2000 07:00 17860                      /usr/lib/x86_64-linux-gnu/libstdc++.so.6.0.16
7f3f5488f000-7f3f54897000 r--p 000e1000 07:00 17860                      /usr/lib/x86_64-linux-gnu/libstdc++.so.6.0.16
7f3f54897000-7f3f54899000 rw-p 000e9000 07:00 17860                      /usr/lib/x86_64-linux-gnu/libstdc++.so.6.0.16
7f3f54899000-7f3f548ae000 rw-p 00000000 00:00 0 
7f3f548ae000-7f3f551b2000 r-xp 00000000 07:00 451869                     /usr/lib/jvm/java-6-openjdk-amd64/jre/lib/amd64/server/libjvm.so
7f3f551b2000-7f3f553b2000 ---p 00904000 07:00 451869                     /usr/lib/jvm/java-6-openjdk-amd64/jre/lib/amd64/server/libjvm.so
7f3f553b2000-7f3f55432000 r--p 00904000 07:00 451869                     /usr/lib/jvm/java-6-openjdk-amd64/jre/lib/amd64/server/libjvm.so
7f3f55432000-7f3f5544d000 rw-p 00984000 07:00 451869                     /usr/lib/jvm/java-6-openjdk-amd64/jre/lib/amd64/server/libjvm.so
7f3f5544d000-7f3f55476000 rw-p 00000000 00:00 0 
7f3f55476000-7f3f5548c000 r-xp 00000000 07:00 206032                     /lib/x86_64-linux-gnu/libz.so.1.2.3.4
7f3f5548c000-7f3f5568b000 ---p 00016000 07:00 206032                     /lib/x86_64-linux-gnu/libz.so.1.2.3.4
7f3f5568b000-7f3f5568c000 r--p 00015000 07:00 206032                     /lib/x86_64-linux-gnu/libz.so.1.2.3.4
7f3f5568c000-7f3f5568d000 rw-p 00016000 07:00 206032                     /lib/x86_64-linux-gnu/libz.so.1.2.3.4
7f3f5568d000-7f3f55842000 r-xp 00000000 07:00 1669131                    /lib/x86_64-linux-gnu/libc-2.15.so
7f3f55842000-7f3f55a41000 ---p 001b5000 07:00 1669131                    /lib/x86_64-linux-gnu/libc-2.15.so
7f3f55a41000-7f3f55a45000 r--p 001b4000 07:00 1669131                    /lib/x86_64-linux-gnu/libc-2.15.so
7f3f55a45000-7f3f55a47000 rw-p 001b8000 07:00 1669131                    /lib/x86_64-linux-gnu/libc-2.15.so
7f3f55a47000-7f3f55a4c000 rw-p 00000000 00:00 0 
7f3f55a4c000-7f3f55a4e000 r-xp 00000000 07:00 1669130                    /lib/x86_64-linux-gnu/libdl-2.15.so
7f3f55a4e000-7f3f55c4e000 ---p 00002000 07:00 1669130                    /lib/x86_64-linux-gnu/libdl-2.15.so
7f3f55c4e000-7f3f55c4f000 r--p 00002000 07:00 1669130                    /lib/x86_64-linux-gnu/libdl-2.15.so
7f3f55c4f000-7f3f55c50000 rw-p 00003000 07:00 1669130                    /lib/x86_64-linux-gnu/libdl-2.15.so
7f3f55c50000-7f3f55c54000 r-xp 00000000 07:00 451846                     /usr/lib/jvm/java-6-openjdk-amd64/jre/lib/amd64/jli/libjli.so
7f3f55c54000-7f3f55e53000 ---p 00004000 07:00 451846                     /usr/lib/jvm/java-6-openjdk-amd64/jre/lib/amd64/jli/libjli.so
7f3f55e53000-7f3f55e54000 r--p 00003000 07:00 451846                     /usr/lib/jvm/java-6-openjdk-amd64/jre/lib/amd64/jli/libjli.so
7f3f55e54000-7f3f55e55000 rw-p 00004000 07:00 451846                     /usr/lib/jvm/java-6-openjdk-amd64/jre/lib/amd64/jli/libjli.so
7f3f55e55000-7f3f55e6d000 r-xp 00000000 07:00 1669133                    /lib/x86_64-linux-gnu/libpthread-2.15.so
7f3f55e6d000-7f3f5606c000 ---p 00018000 07:00 1669133                    /lib/x86_64-linux-gnu/libpthread-2.15.so
7f3f5606c000-7f3f5606d000 r--p 00017000 07:00 1669133                    /lib/x86_64-linux-gnu/libpthread-2.15.so
7f3f5606d000-7f3f5606e000 rw-p 00018000 07:00 1669133                    /lib/x86_64-linux-gnu/libpthread-2.15.so
7f3f5606e000-7f3f56072000 rw-p 00000000 00:00 0 
7f3f56072000-7f3f56094000 r-xp 00000000 07:00 1669145                    /lib/x86_64-linux-gnu/ld-2.15.so
7f3f56094000-7f3f56095000 r--s 00000000 07:00 195224                     /var/cache/fontconfig/56cf4f4769d0f4abc89a4895d7bd3ae1-le64.cache-3
7f3f56095000-7f3f56096000 r--s 00000000 07:00 195223                     /var/cache/fontconfig/b9d506c9ac06c20b433354fa67a72993-le64.cache-3
7f3f56096000-7f3f56099000 r--s 00000000 07:00 195210                     /var/cache/fontconfig/e13b20fdb08344e0e664864cc2ede53d-le64.cache-3
7f3f56099000-7f3f5609d000 r--s 00000000 07:00 195220                     /var/cache/fontconfig/7ef2298fde41cc6eeb7af42e48b7d293-le64.cache-3
7f3f5609d000-7f3f5609e000 r--s 00128000 07:00 543825                     /home/whirlwind/ScrollNinja/ScrollNinja-desktop/libs/gdx-natives.jar
7f3f5609e000-7f3f5609f000 r--s 00169000 07:00 543822                     /home/whirlwind/ScrollNinja/ScrollNinja-desktop/libs/gdx-backend-lwjgl-natives.jar
7f3f5609f000-7f3f560b2000 r--s 00140000 07:00 543824                     /home/whirlwind/ScrollNinja/ScrollNinja-desktop/libs/gdx-backend-lwjgl.jar
7f3f560b2000-7f3f560b4000 r--s 00001000 07:00 294082                     /usr/lib/jvm/java-6-openjdk-common/jre/lib/ext/dnsns.jar
7f3f560b4000-7f3f560b6000 r--s 0000f000 07:00 294083                     /usr/lib/jvm/java-6-openjdk-common/jre/lib/ext/pulse-java.jar
7f3f560b6000-7f3f560c0000 rw-p 00000000 00:00 0 
7f3f560c0000-7f3f56176000 rw-p 00000000 00:00 0 
7f3f56176000-7f3f56179000 ---p 00000000 00:00 0 
7f3f56179000-7f3f5627c000 rw-p 00000000 00:00 0 
7f3f5627c000-7f3f5627d000 r--s 00000000 07:00 195217                     /var/cache/fontconfig/62f91419b9ebdb6975e7e41ab6412357-le64.cache-3
7f3f5627d000-7f3f56281000 r--s 00038000 07:00 294079                     /usr/lib/jvm/java-6-openjdk-common/jre/lib/ext/sunpkcs11.jar
7f3f56281000-7f3f56282000 r--s 00007000 07:00 3232783                    /usr/share/java/java-atk-wrapper.jar
7f3f56282000-7f3f56285000 r--s 00077000 07:00 294080                     /usr/lib/jvm/java-6-openjdk-common/jre/lib/ext/localedata.jar
7f3f56285000-7f3f56288000 r--s 00031000 07:00 294081                     /usr/lib/jvm/java-6-openjdk-common/jre/lib/ext/sunjce_provider.jar
7f3f56288000-7f3f56290000 rw-s 00000000 07:00 242731                     /tmp/hsperfdata_whirlwind/2719
7f3f56290000-7f3f56291000 rw-p 00000000 00:00 0 
7f3f56291000-7f3f56292000 r--p 00000000 00:00 0 
7f3f56292000-7f3f56294000 rw-p 00000000 00:00 0 
7f3f56294000-7f3f56295000 r--p 00022000 07:00 1669145                    /lib/x86_64-linux-gnu/ld-2.15.so
7f3f56295000-7f3f56297000 rw-p 00023000 07:00 1669145                    /lib/x86_64-linux-gnu/ld-2.15.so
7fff4d5d0000-7fff4d5f1000 rw-p 00000000 00:00 0                          [stack]
7fff4d5ff000-7fff4d600000 r-xp 00000000 00:00 0                          [vdso]
ffffffffff600000-ffffffffff601000 r-xp 00000000 00:00 0                  [vsyscall]

VM Arguments:
jvm_args: -Dfile.encoding=UTF-8 
java_command: org.genshin.scrollninja.Main
Launcher Type: SUN_STANDARD

Environment Variables:
PATH=/usr/lib/lightdm/lightdm:/usr/local/sbin:/usr/local/bin:/usr/sbin:/usr/bin:/sbin:/bin:/usr/games
LD_LIBRARY_PATH=/usr/lib/jvm/java-6-openjdk-amd64/jre/lib/amd64/server:/usr/lib/jvm/java-6-openjdk-amd64/jre/lib/amd64:/usr/lib/jvm/java-6-openjdk-amd64/jre/../lib/amd64
SHELL=/usr/bin/zsh
DISPLAY=:0

Signal Handlers:
SIGSEGV: [libjvm.so+0x784310], sa_mask[0]=0x7ffbfeff, sa_flags=0x10000004
SIGBUS: [libjvm.so+0x784310], sa_mask[0]=0x7ffbfeff, sa_flags=0x10000004
SIGFPE: [libjvm.so+0x648580], sa_mask[0]=0x7ffbfeff, sa_flags=0x10000004
SIGPIPE: [libjvm.so+0x648580], sa_mask[0]=0x7ffbfeff, sa_flags=0x10000004
SIGXFSZ: [libjvm.so+0x648580], sa_mask[0]=0x7ffbfeff, sa_flags=0x10000004
SIGILL: [libjvm.so+0x648580], sa_mask[0]=0x7ffbfeff, sa_flags=0x10000004
SIGUSR1: SIG_DFL, sa_mask[0]=0x00000000, sa_flags=0x00000000
SIGUSR2: [libjvm.so+0x648730], sa_mask[0]=0x00000004, sa_flags=0x10000004
SIGHUP: [libjvm.so+0x64b250], sa_mask[0]=0x7ffbfeff, sa_flags=0x10000004
SIGINT: [libjvm.so+0x64b250], sa_mask[0]=0x7ffbfeff, sa_flags=0x10000004
SIGTERM: [libjvm.so+0x64b250], sa_mask[0]=0x7ffbfeff, sa_flags=0x10000004
SIGQUIT: [libjvm.so+0x64b250], sa_mask[0]=0x7ffbfeff, sa_flags=0x10000004


---------------  S Y S T E M  ---------------

OS:Ubuntu 12.04 (precise)
uname:Linux 3.2.0-31-generic #50-Ubuntu SMP Fri Sep 7 16:16:45 UTC 2012 x86_64
libc:glibc 2.15 NPTL 2.15 
rlimit: STACK 8192k, CORE 0k, NPROC 28898, NOFILE 4096, AS infinity
load average:3.45 1.66 0.83

/proc/meminfo:
MemTotal:        3716632 kB
MemFree:          114184 kB
Buffers:          709728 kB
Cached:          1265468 kB
SwapCached:            0 kB
Active:          1619176 kB
Inactive:        1786580 kB
Active(anon):    1224040 kB
Inactive(anon):   336792 kB
Active(file):     395136 kB
Inactive(file):  1449788 kB
Unevictable:        1512 kB
Mlocked:               0 kB
SwapTotal:        262140 kB
SwapFree:         262140 kB
Dirty:              1872 kB
Writeback:             0 kB
AnonPages:       1432520 kB
Mapped:           178632 kB
Shmem:            128508 kB
Slab:             100508 kB
SReclaimable:      74304 kB
SUnreclaim:        26204 kB
KernelStack:        3760 kB
PageTables:        26144 kB
NFS_Unstable:          0 kB
Bounce:                0 kB
WritebackTmp:          0 kB
CommitLimit:     2120456 kB
Committed_AS:    3309468 kB
VmallocTotal:   34359738367 kB
VmallocUsed:      555528 kB
VmallocChunk:   34359178896 kB
HardwareCorrupted:     0 kB
AnonHugePages:         0 kB
HugePages_Total:       0
HugePages_Free:        0
HugePages_Rsvd:        0
HugePages_Surp:        0
Hugepagesize:       2048 kB
DirectMap4k:       55296 kB
DirectMap2M:     3803136 kB


CPU:total 4 (2 cores per cpu, 2 threads per core) family 6 model 37 stepping 2, cmov, cx8, fxsr, mmx, sse, sse2, sse3, ssse3, sse4.1, sse4.2, popcnt, ht

Memory: 4k page, physical 3716632k(114184k free), swap 262140k(262140k free)

vm_info: OpenJDK 64-Bit Server VM (20.0-b12) for linux-amd64 JRE (1.6.0_24-b24), built on Sep  2 2012 19:50:47 by "buildd" with gcc 4.6.3

time: Tue Oct  9 10:23:29 2012
elapsed time: 2 seconds

